[ 2018-03-08T15:10:35+08:00 ] 192.168.1.5 /index.php/Home/order/get?order_id=201803081503427994
INFO: [ app_init ] --START--
INFO: Run Behavior\BuildLiteBehavior [ RunTime:0.000078s ]
INFO: [ app_init ] --END-- [ RunTime:0.001660s ]
INFO: [ app_begin ] --START--
INFO: Run Behavior\ReadHtmlCacheBehavior [ RunTime:0.001112s ]
INFO: [ app_begin ] --END-- [ RunTime:0.001216s ]
NOTIC: [2048] Declaration of Home\Controller\OrderController::get() should be compatible with Think\Controller::get($name = '') D:\database\Project\working\company\cosmetics\server\app\Home\Controller\OrderController.class.php 第 316 行.
SQL: SHOW COLUMNS FROM `c_order` [ RunTime:0.0006s ]
SQL: SHOW COLUMNS FROM `c_order` [ RunTime:0.0005s ]
SQL: SELECT * FROM c_order as t1,c_order_info as t2 WHERE t1.user_id = '12138' AND t1.order_id = '201803081503427994' AND ( t1.order_id = t2.order_id ) LIMIT 1   [ RunTime:0.0006s ]
SQL: SHOW COLUMNS FROM `c_goods` [ RunTime:0.0020s ]
SQL: SELECT * FROM `c_goods` WHERE `goods_id` = 'c4b72f279d5980d315deb44a19349809' LIMIT 1   [ RunTime:0.0007s ]
INFO: [ app_end ] --START--
INFO: Run Behavior\ShowPageTraceBehavior [ RunTime:0.001564s ]
INFO: [ app_end ] --END-- [ RunTime:0.001647s ]

[ 2018-03-08T15:10:59+08:00 ] 192.168.1.5 /index.php/Home/order/get
INFO: [ app_init ] --START--
INFO: Run Behavior\BuildLiteBehavior [ RunTime:0.000010s ]
INFO: [ app_init ] --END-- [ RunTime:0.000442s ]
INFO: [ app_begin ] --START--
INFO: Run Behavior\ReadHtmlCacheBehavior [ RunTime:0.000809s ]
INFO: [ app_begin ] --END-- [ RunTime:0.000929s ]
NOTIC: [2048] Declaration of Home\Controller\OrderController::get() should be compatible with Think\Controller::get($name = '') D:\database\Project\working\company\cosmetics\server\app\Home\Controller\OrderController.class.php 第 316 行.
SQL: SHOW COLUMNS FROM `c_order` [ RunTime:0.0006s ]

[ 2018-03-08T15:11:02+08:00 ] 192.168.1.5 /index.php/Home/order/getList
INFO: [ app_init ] --START--
INFO: Run Behavior\BuildLiteBehavior [ RunTime:0.000010s ]
INFO: [ app_init ] --END-- [ RunTime:0.000395s ]
INFO: [ app_begin ] --START--
INFO: Run Behavior\ReadHtmlCacheBehavior [ RunTime:0.000575s ]
INFO: [ app_begin ] --END-- [ RunTime:0.000618s ]
NOTIC: [2048] Declaration of Home\Controller\OrderController::get() should be compatible with Think\Controller::get($name = '') D:\database\Project\working\company\cosmetics\server\app\Home\Controller\OrderController.class.php 第 316 行.
SQL: SHOW COLUMNS FROM `c_order` [ RunTime:0.0007s ]
SQL: SELECT * FROM `c_order` WHERE `user_id` = '12138'  [ RunTime:0.0003s ]
SQL: SHOW COLUMNS FROM `c_order_info` [ RunTime:0.0007s ]
SQL: SHOW COLUMNS FROM `c_goods` [ RunTime:0.0006s ]
SQL: SELECT * FROM `c_order_info` WHERE `order_id` = '201803081503427994' LIMIT 1   [ RunTime:0.0003s ]
SQL: SELECT * FROM `c_goods` WHERE `goods_id` = 'c4b72f279d5980d315deb44a19349809' LIMIT 1   [ RunTime:0.0003s ]
INFO: [ app_end ] --START--
INFO: Run Behavior\ShowPageTraceBehavior [ RunTime:0.000812s ]
INFO: [ app_end ] --END-- [ RunTime:0.000850s ]

[ 2018-03-08T15:11:03+08:00 ] 192.168.1.5 /index.php/Home/order/get?order_id=201803081503427994
INFO: [ app_init ] --START--
INFO: Run Behavior\BuildLiteBehavior [ RunTime:0.000017s ]
INFO: [ app_init ] --END-- [ RunTime:0.000494s ]
INFO: [ app_begin ] --START--
INFO: Run Behavior\ReadHtmlCacheBehavior [ RunTime:0.000873s ]
INFO: [ app_begin ] --END-- [ RunTime:0.000949s ]
NOTIC: [2048] Declaration of Home\Controller\OrderController::get() should be compatible with Think\Controller::get($name = '') D:\database\Project\working\company\cosmetics\server\app\Home\Controller\OrderController.class.php 第 316 行.
SQL: SHOW COLUMNS FROM `c_order` [ RunTime:0.0007s ]
SQL: SHOW COLUMNS FROM `c_order` [ RunTime:0.0008s ]
SQL: SELECT * FROM c_order as t1,c_order_info as t2 WHERE t1.user_id = '12138' AND t1.order_id = '201803081503427994' AND ( t1.order_id = t2.order_id ) LIMIT 1   [ RunTime:0.0005s ]
SQL: SHOW COLUMNS FROM `c_goods` [ RunTime:0.0006s ]
SQL: SELECT * FROM `c_goods` WHERE `goods_id` = 'c4b72f279d5980d315deb44a19349809' LIMIT 1   [ RunTime:0.0005s ]
INFO: [ app_end ] --START--
INFO: Run Behavior\ShowPageTraceBehavior [ RunTime:0.000715s ]
INFO: [ app_end ] --END-- [ RunTime:0.000757s ]

[ 2018-03-08T15:12:20+08:00 ] 192.168.1.5 /index.php/Home/order/getList
INFO: [ app_init ] --START--
INFO: Run Behavior\BuildLiteBehavior [ RunTime:0.000015s ]
INFO: [ app_init ] --END-- [ RunTime:0.000486s ]
INFO: [ app_begin ] --START--
INFO: Run Behavior\ReadHtmlCacheBehavior [ RunTime:0.000688s ]
INFO: [ app_begin ] --END-- [ RunTime:0.000749s ]
NOTIC: [2048] Declaration of Home\Controller\OrderController::get() should be compatible with Think\Controller::get($name = '') D:\database\Project\working\company\cosmetics\server\app\Home\Controller\OrderController.class.php 第 316 行.
SQL: SHOW COLUMNS FROM `c_order` [ RunTime:0.0005s ]
SQL: SELECT * FROM `c_order` WHERE `user_id` = '12138'  [ RunTime:0.0003s ]
SQL: SHOW COLUMNS FROM `c_order_info` [ RunTime:0.0005s ]
SQL: SHOW COLUMNS FROM `c_goods` [ RunTime:0.0005s ]
SQL: SELECT * FROM `c_order_info` WHERE `order_id` = '201803081503427994' LIMIT 1   [ RunTime:0.0003s ]
SQL: SELECT * FROM `c_goods` WHERE `goods_id` = 'c4b72f279d5980d315deb44a19349809' LIMIT 1   [ RunTime:0.0003s ]
INFO: [ app_end ] --START--
INFO: Run Behavior\ShowPageTraceBehavior [ RunTime:0.000665s ]
INFO: [ app_end ] --END-- [ RunTime:0.000708s ]

[ 2018-03-08T15:12:23+08:00 ] 192.168.1.5 /index.php/Home/order/get?order_id=201803081503427994
INFO: [ app_init ] --START--
INFO: Run Behavior\BuildLiteBehavior [ RunTime:0.000017s ]
INFO: [ app_init ] --END-- [ RunTime:0.000479s ]
INFO: [ app_begin ] --START--
INFO: Run Behavior\ReadHtmlCacheBehavior [ RunTime:0.000685s ]
INFO: [ app_begin ] --END-- [ RunTime:0.000732s ]
NOTIC: [2048] Declaration of Home\Controller\OrderController::get() should be compatible with Think\Controller::get($name = '') D:\database\Project\working\company\cosmetics\server\app\Home\Controller\OrderController.class.php 第 316 行.
SQL: SHOW COLUMNS FROM `c_order` [ RunTime:0.0006s ]
SQL: SHOW COLUMNS FROM `c_order` [ RunTime:0.0005s ]
SQL: SELECT * FROM c_order as t1,c_order_info as t2 WHERE t1.user_id = '12138' AND t1.order_id = '201803081503427994' AND ( t1.order_id = t2.order_id ) LIMIT 1   [ RunTime:0.0004s ]
SQL: SHOW COLUMNS FROM `c_goods` [ RunTime:0.0007s ]
SQL: SELECT * FROM `c_goods` WHERE `goods_id` = 'c4b72f279d5980d315deb44a19349809' LIMIT 1   [ RunTime:0.0004s ]
INFO: [ app_end ] --START--
INFO: Run Behavior\ShowPageTraceBehavior [ RunTime:0.000947s ]
INFO: [ app_end ] --END-- [ RunTime:0.001007s ]

[ 2018-03-08T15:13:37+08:00 ] 192.168.1.5 /index.php/Home/order/get
INFO: [ app_init ] --START--
INFO: Run Behavior\BuildLiteBehavior [ RunTime:0.000071s ]
INFO: [ app_init ] --END-- [ RunTime:0.001045s ]
INFO: [ app_begin ] --START--
INFO: Run Behavior\ReadHtmlCacheBehavior [ RunTime:0.000554s ]
INFO: [ app_begin ] --END-- [ RunTime:0.000607s ]
NOTIC: [2048] Declaration of Home\Controller\OrderController::get() should be compatible with Think\Controller::get($name = '') D:\database\Project\working\company\cosmetics\server\app\Home\Controller\OrderController.class.php 第 316 行.
SQL: SHOW COLUMNS FROM `c_order` [ RunTime:0.0005s ]

[ 2018-03-08T15:13:43+08:00 ] 192.168.1.5 /index.php/Home/order/getList
INFO: [ app_init ] --START--
INFO: Run Behavior\BuildLiteBehavior [ RunTime:0.000010s ]
INFO: [ app_init ] --END-- [ RunTime:0.000320s ]
INFO: [ app_begin ] --START--
INFO: Run Behavior\ReadHtmlCacheBehavior [ RunTime:0.000540s ]
INFO: [ app_begin ] --END-- [ RunTime:0.000583s ]
NOTIC: [2048] Declaration of Home\Controller\OrderController::get() should be compatible with Think\Controller::get($name = '') D:\database\Project\working\company\cosmetics\server\app\Home\Controller\OrderController.class.php 第 316 行.
SQL: SHOW COLUMNS FROM `c_order` [ RunTime:0.0005s ]
SQL: SELECT * FROM `c_order` WHERE `user_id` = '12138'  [ RunTime:0.0003s ]
SQL: SHOW COLUMNS FROM `c_order_info` [ RunTime:0.0005s ]
SQL: SHOW COLUMNS FROM `c_goods` [ RunTime:0.0005s ]
SQL: SELECT * FROM `c_order_info` WHERE `order_id` = '201803081503427994' LIMIT 1   [ RunTime:0.0002s ]
SQL: SELECT * FROM `c_goods` WHERE `goods_id` = 'c4b72f279d5980d315deb44a19349809' LIMIT 1   [ RunTime:0.0003s ]
INFO: [ app_end ] --START--
INFO: Run Behavior\ShowPageTraceBehavior [ RunTime:0.000745s ]
INFO: [ app_end ] --END-- [ RunTime:0.000781s ]

[ 2018-03-08T15:13:46+08:00 ] 192.168.1.5 /index.php/Home/order/get?order_id=201803081503427994
INFO: [ app_init ] --START--
INFO: Run Behavior\BuildLiteBehavior [ RunTime:0.000018s ]
INFO: [ app_init ] --END-- [ RunTime:0.000545s ]
INFO: [ app_begin ] --START--
INFO: Run Behavior\ReadHtmlCacheBehavior [ RunTime:0.000805s ]
INFO: [ app_begin ] --END-- [ RunTime:0.000882s ]
NOTIC: [2048] Declaration of Home\Controller\OrderController::get() should be compatible with Think\Controller::get($name = '') D:\database\Project\working\company\cosmetics\server\app\Home\Controller\OrderController.class.php 第 316 行.
SQL: SHOW COLUMNS FROM `c_order` [ RunTime:0.0009s ]
SQL: SHOW COLUMNS FROM `c_order` [ RunTime:0.0017s ]
SQL: SELECT * FROM c_order as t1,c_order_info as t2 WHERE t1.user_id = '12138' AND t1.order_id = '201803081503427994' AND ( t1.order_id = t2.order_id ) LIMIT 1   [ RunTime:0.0007s ]
SQL: SHOW COLUMNS FROM `c_goods` [ RunTime:0.0009s ]
SQL: SELECT * FROM `c_goods` WHERE `goods_id` = 'c4b72f279d5980d315deb44a19349809' LIMIT 1   [ RunTime:0.0005s ]
INFO: [ app_end ] --START--
INFO: Run Behavior\ShowPageTraceBehavior [ RunTime:0.001001s ]
INFO: [ app_end ] --END-- [ RunTime:0.001068s ]

[ 2018-03-08T15:14:25+08:00 ] 192.168.1.5 /index.php/Home/order/getList
INFO: [ app_init ] --START--
INFO: Run Behavior\BuildLiteBehavior [ RunTime:0.000010s ]
INFO: [ app_init ] --END-- [ RunTime:0.000342s ]
INFO: [ app_begin ] --START--
INFO: Run Behavior\ReadHtmlCacheBehavior [ RunTime:0.000494s ]
INFO: [ app_begin ] --END-- [ RunTime:0.000527s ]
NOTIC: [2048] Declaration of Home\Controller\OrderController::get() should be compatible with Think\Controller::get($name = '') D:\database\Project\working\company\cosmetics\server\app\Home\Controller\OrderController.class.php 第 316 行.
SQL: SHOW COLUMNS FROM `c_order` [ RunTime:0.0008s ]
SQL: SELECT * FROM `c_order` WHERE `user_id` = '12138'  [ RunTime:0.0004s ]
SQL: SHOW COLUMNS FROM `c_order_info` [ RunTime:0.0005s ]
SQL: SHOW COLUMNS FROM `c_goods` [ RunTime:0.0005s ]
SQL: SELECT * FROM `c_order_info` WHERE `order_id` = '201803081503427994' LIMIT 1   [ RunTime:0.0002s ]
SQL: SELECT * FROM `c_goods` WHERE `goods_id` = 'c4b72f279d5980d315deb44a19349809' LIMIT 1   [ RunTime:0.0002s ]
INFO: [ app_end ] --START--
INFO: Run Behavior\ShowPageTraceBehavior [ RunTime:0.000712s ]
INFO: [ app_end ] --END-- [ RunTime:0.000751s ]

[ 2018-03-08T15:14:28+08:00 ] 192.168.1.5 /index.php/Home/order/get?order_id=201803081503427994
INFO: [ app_init ] --START--
INFO: Run Behavior\BuildLiteBehavior [ RunTime:0.000012s ]
INFO: [ app_init ] --END-- [ RunTime:0.000396s ]
INFO: [ app_begin ] --START--
INFO: Run Behavior\ReadHtmlCacheBehavior [ RunTime:0.000629s ]
INFO: [ app_begin ] --END-- [ RunTime:0.000663s ]
NOTIC: [2048] Declaration of Home\Controller\OrderController::get() should be compatible with Think\Controller::get($name = '') D:\database\Project\working\company\cosmetics\server\app\Home\Controller\OrderController.class.php 第 316 行.
SQL: SHOW COLUMNS FROM `c_order` [ RunTime:0.0005s ]
SQL: SHOW COLUMNS FROM `c_order` [ RunTime:0.0004s ]
SQL: SELECT * FROM c_order as t1,c_order_info as t2 WHERE t1.user_id = '12138' AND t1.order_id = '201803081503427994' AND ( t1.order_id = t2.order_id ) LIMIT 1   [ RunTime:0.0003s ]
SQL: SHOW COLUMNS FROM `c_goods` [ RunTime:0.0005s ]
SQL: SELECT * FROM `c_goods` WHERE `goods_id` = 'c4b72f279d5980d315deb44a19349809' LIMIT 1   [ RunTime:0.0003s ]
INFO: [ app_end ] --START--
INFO: Run Behavior\ShowPageTraceBehavior [ RunTime:0.000936s ]
INFO: [ app_end ] --END-- [ RunTime:0.000978s ]

[ 2018-03-08T15:15:16+08:00 ] 192.168.1.5 /index.php/Home/order/getList
INFO: [ app_init ] --START--
INFO: Run Behavior\BuildLiteBehavior [ RunTime:0.000020s ]
INFO: [ app_init ] --END-- [ RunTime:0.000596s ]
INFO: [ app_begin ] --START--
INFO: Run Behavior\ReadHtmlCacheBehavior [ RunTime:0.000892s ]
INFO: [ app_begin ] --END-- [ RunTime:0.000978s ]
NOTIC: [2048] Declaration of Home\Controller\OrderController::get() should be compatible with Think\Controller::get($name = '') D:\database\Project\working\company\cosmetics\server\app\Home\Controller\OrderController.class.php 第 316 行.
SQL: SHOW COLUMNS FROM `c_order` [ RunTime:0.0007s ]
SQL: SELECT * FROM `c_order` WHERE `user_id` = '12138'  [ RunTime:0.0004s ]
SQL: SHOW COLUMNS FROM `c_order_info` [ RunTime:0.0007s ]
SQL: SHOW COLUMNS FROM `c_goods` [ RunTime:0.0009s ]
SQL: SELECT * FROM `c_order_info` WHERE `order_id` = '201803081503427994' LIMIT 1   [ RunTime:0.0004s ]
SQL: SELECT * FROM `c_goods` WHERE `goods_id` = 'c4b72f279d5980d315deb44a19349809' LIMIT 1   [ RunTime:0.0004s ]
INFO: [ app_end ] --START--
INFO: Run Behavior\ShowPageTraceBehavior [ RunTime:0.001298s ]
INFO: [ app_end ] --END-- [ RunTime:0.001399s ]

[ 2018-03-08T15:15:17+08:00 ] 192.168.1.5 /index.php/Home/order/get?order_id=201803081503427994
INFO: [ app_init ] --START--
INFO: Run Behavior\BuildLiteBehavior [ RunTime:0.000012s ]
INFO: [ app_init ] --END-- [ RunTime:0.000330s ]
INFO: [ app_begin ] --START--
INFO: Run Behavior\ReadHtmlCacheBehavior [ RunTime:0.000691s ]
INFO: [ app_begin ] --END-- [ RunTime:0.000750s ]
NOTIC: [2048] Declaration of Home\Controller\OrderController::get() should be compatible with Think\Controller::get($name = '') D:\database\Project\working\company\cosmetics\server\app\Home\Controller\OrderController.class.php 第 316 行.
SQL: SHOW COLUMNS FROM `c_order` [ RunTime:0.0008s ]
SQL: SHOW COLUMNS FROM `c_order` [ RunTime:0.0008s ]
SQL: SELECT * FROM c_order as t1,c_order_info as t2 WHERE t1.user_id = '12138' AND t1.order_id = '201803081503427994' AND ( t1.order_id = t2.order_id ) LIMIT 1   [ RunTime:0.0005s ]
SQL: SHOW COLUMNS FROM `c_goods` [ RunTime:0.0008s ]
SQL: SELECT * FROM `c_goods` WHERE `goods_id` = 'c4b72f279d5980d315deb44a19349809' LIMIT 1   [ RunTime:0.0005s ]
INFO: [ app_end ] --START--
INFO: Run Behavior\ShowPageTraceBehavior [ RunTime:0.000953s ]
INFO: [ app_end ] --END-- [ RunTime:0.001023s ]

[ 2018-03-08T15:16:10+08:00 ] 192.168.1.5 /index.php/Home/order/getList
INFO: [ app_init ] --START--
INFO: Run Behavior\BuildLiteBehavior [ RunTime:0.000009s ]
INFO: [ app_init ] --END-- [ RunTime:0.000331s ]
INFO: [ app_begin ] --START--
INFO: Run Behavior\ReadHtmlCacheBehavior [ RunTime:0.000524s ]
INFO: [ app_begin ] --END-- [ RunTime:0.000557s ]
NOTIC: [2048] Declaration of Home\Controller\OrderController::get() should be compatible with Think\Controller::get($name = '') D:\database\Project\working\company\cosmetics\server\app\Home\Controller\OrderController.class.php 第 316 行.
SQL: SHOW COLUMNS FROM `c_order` [ RunTime:0.0006s ]
SQL: SELECT * FROM `c_order` WHERE `user_id` = '12138'  [ RunTime:0.0003s ]
SQL: SHOW COLUMNS FROM `c_order_info` [ RunTime:0.0004s ]
SQL: SHOW COLUMNS FROM `c_goods` [ RunTime:0.0004s ]
SQL: SELECT * FROM `c_order_info` WHERE `order_id` = '201803081503427994' LIMIT 1   [ RunTime:0.0002s ]
SQL: SELECT * FROM `c_goods` WHERE `goods_id` = 'c4b72f279d5980d315deb44a19349809' LIMIT 1   [ RunTime:0.0002s ]
INFO: [ app_end ] --START--
INFO: Run Behavior\ShowPageTraceBehavior [ RunTime:0.000700s ]
INFO: [ app_end ] --END-- [ RunTime:0.000737s ]

[ 2018-03-08T15:16:11+08:00 ] 192.168.1.5 /index.php/Home/order/get?order_id=201803081503427994
INFO: [ app_init ] --START--
INFO: Run Behavior\BuildLiteBehavior [ RunTime:0.000009s ]
INFO: [ app_init ] --END-- [ RunTime:0.000421s ]
INFO: [ app_begin ] --START--
INFO: Run Behavior\ReadHtmlCacheBehavior [ RunTime:0.000631s ]
INFO: [ app_begin ] --END-- [ RunTime:0.000682s ]
NOTIC: [2048] Declaration of Home\Controller\OrderController::get() should be compatible with Think\Controller::get($name = '') D:\database\Project\working\company\cosmetics\server\app\Home\Controller\OrderController.class.php 第 316 行.
SQL: SHOW COLUMNS FROM `c_order` [ RunTime:0.0007s ]
SQL: SHOW COLUMNS FROM `c_order` [ RunTime:0.0006s ]
SQL: SELECT * FROM c_order as t1,c_order_info as t2 WHERE t1.user_id = '12138' AND t1.order_id = '201803081503427994' AND ( t1.order_id = t2.order_id ) LIMIT 1   [ RunTime:0.0004s ]
SQL: SHOW COLUMNS FROM `c_goods` [ RunTime:0.0005s ]
SQL: SELECT * FROM `c_goods` WHERE `goods_id` = 'c4b72f279d5980d315deb44a19349809' LIMIT 1   [ RunTime:0.0003s ]
INFO: [ app_end ] --START--
INFO: Run Behavior\ShowPageTraceBehavior [ RunTime:0.000706s ]
INFO: [ app_end ] --END-- [ RunTime:0.000741s ]

[ 2018-03-08T15:16:16+08:00 ] 192.168.1.5 /index.php/Home/order/getList
INFO: [ app_init ] --START--
INFO: Run Behavior\BuildLiteBehavior [ RunTime:0.000018s ]
INFO: [ app_init ] --END-- [ RunTime:0.000621s ]
INFO: [ app_begin ] --START--
INFO: Run Behavior\ReadHtmlCacheBehavior [ RunTime:0.000922s ]
INFO: [ app_begin ] --END-- [ RunTime:0.001007s ]
NOTIC: [2048] Declaration of Home\Controller\OrderController::get() should be compatible with Think\Controller::get($name = '') D:\database\Project\working\company\cosmetics\server\app\Home\Controller\OrderController.class.php 第 316 行.
SQL: SHOW COLUMNS FROM `c_order` [ RunTime:0.0010s ]
SQL: SELECT * FROM `c_order` WHERE `user_id` = '12138'  [ RunTime:0.0006s ]
SQL: SHOW COLUMNS FROM `c_order_info` [ RunTime:0.0010s ]
SQL: SHOW COLUMNS FROM `c_goods` [ RunTime:0.0010s ]
SQL: SELECT * FROM `c_order_info` WHERE `order_id` = '201803081503427994' LIMIT 1   [ RunTime:0.0005s ]
SQL: SELECT * FROM `c_goods` WHERE `goods_id` = 'c4b72f279d5980d315deb44a19349809' LIMIT 1   [ RunTime:0.0005s ]
INFO: [ app_end ] --START--
INFO: Run Behavior\ShowPageTraceBehavior [ RunTime:0.001227s ]
INFO: [ app_end ] --END-- [ RunTime:0.001322s ]

[ 2018-03-08T15:46:46+08:00 ] 192.168.1.5 /index.php/Home/dynamic/getList
INFO: [ app_init ] --START--
INFO: Run Behavior\BuildLiteBehavior [ RunTime:0.000013s ]
INFO: [ app_init ] --END-- [ RunTime:0.000638s ]
INFO: [ app_begin ] --START--
INFO: Run Behavior\ReadHtmlCacheBehavior [ RunTime:0.000611s ]
INFO: [ app_begin ] --END-- [ RunTime:0.000659s ]
NOTIC: [2048] Declaration of Home\Controller\DynamicController::get() should be compatible with Think\Controller::get($name = '') D:\database\Project\working\company\cosmetics\server\app\Home\Controller\DynamicController.class.php 第 20 行.
SQL: SHOW COLUMNS FROM `c_dynamic` [ RunTime:0.0010s ]
SQL: SELECT COUNT(*) AS tp_count FROM `c_dynamic` LIMIT 1   [ RunTime:0.0004s ]
SQL: SELECT * FROM `c_dynamic` WHERE `is_show` = 1 ORDER BY add_time desc LIMIT 0,10   [ RunTime:0.0008s ]
SQL: SHOW COLUMNS FROM `c_dynamic_up` [ RunTime:0.0012s ]
SQL: SHOW COLUMNS FROM `c_goods` [ RunTime:0.0010s ]
SQL: SELECT COUNT(*) AS tp_count FROM `c_dynamic_up` WHERE `dynamic_id` = '954a409752d099d1964776556d709d5f' LIMIT 1   [ RunTime:0.0003s ]
SQL: SELECT * FROM `c_dynamic_up` WHERE `dynamic_id` = '954a409752d099d1964776556d709d5f' AND `user_id` = '12138' LIMIT 1   [ RunTime:0.0002s ]
SQL: SELECT * FROM `c_goods` WHERE `goods_id` IN ('c4b72f279d5980d315deb44a19349809','78e3d0fd4180fa007fdbd40ba1e6a012','e7a1ccb766d9fafba954a12fe514b9c1')  [ RunTime:0.0004s ]
NOTIC: [8] Undefined index: goods_list D:\database\Project\working\company\cosmetics\server\app\Common\Common\function.php 第 606 行.
NOTIC: [8] Undefined index: goods_list D:\database\Project\working\company\cosmetics\server\app\Common\Common\function.php 第 606 行.
NOTIC: [8] Undefined index: goods_list D:\database\Project\working\company\cosmetics\server\app\Common\Common\function.php 第 606 行.
INFO: [ app_end ] --START--
INFO: Run Behavior\ShowPageTraceBehavior [ RunTime:0.000740s ]
INFO: [ app_end ] --END-- [ RunTime:0.000796s ]

[ 2018-03-08T16:32:19+08:00 ] 192.168.1.5 /index.php/Home/use/upFile
INFO: [ app_init ] --START--
INFO: Run Behavior\BuildLiteBehavior [ RunTime:0.000010s ]
INFO: [ app_init ] --END-- [ RunTime:0.000444s ]
INFO: [ app_begin ] --START--
INFO: Run Behavior\ReadHtmlCacheBehavior [ RunTime:0.000568s ]
INFO: [ app_begin ] --END-- [ RunTime:0.000610s ]
NOTIC: [8] Undefined index: file D:\database\Project\working\company\cosmetics\server\app\Home\Controller\UseController.class.php 第 14 行.
NOTIC: [8] Undefined index: tmp_name D:\database\Project\working\company\cosmetics\server\ThinkPHP\Library\Think\Upload.class.php 第 152 行.
NOTIC: [2] finfo_file(): Empty filename or path D:\database\Project\working\company\cosmetics\server\ThinkPHP\Library\Think\Upload.class.php 第 152 行.
NOTIC: [8] Undefined index: error D:\database\Project\working\company\cosmetics\server\ThinkPHP\Library\Think\Upload.class.php 第 269 行.
NOTIC: [8] Undefined index: tmp_name D:\database\Project\working\company\cosmetics\server\ThinkPHP\Library\Think\Upload.class.php 第 280 行.
INFO: [ app_end ] --START--
INFO: Run Behavior\ShowPageTraceBehavior [ RunTime:0.001364s ]
INFO: [ app_end ] --END-- [ RunTime:0.001400s ]

[ 2018-03-08T17:03:28+08:00 ] 192.168.1.5 /index.php/Home/dynamic/getList
INFO: [ app_init ] --START--
INFO: Run Behavior\BuildLiteBehavior [ RunTime:0.000009s ]
INFO: [ app_init ] --END-- [ RunTime:0.000401s ]
INFO: [ app_begin ] --START--
INFO: Run Behavior\ReadHtmlCacheBehavior [ RunTime:0.000527s ]
INFO: [ app_begin ] --END-- [ RunTime:0.000586s ]
NOTIC: [2048] Declaration of Home\Controller\DynamicController::get() should be compatible with Think\Controller::get($name = '') D:\database\Project\working\company\cosmetics\server\app\Home\Controller\DynamicController.class.php 第 20 行.
SQL: SHOW COLUMNS FROM `c_dynamic` [ RunTime:0.0008s ]
SQL: SELECT COUNT(*) AS tp_count FROM `c_dynamic` LIMIT 1   [ RunTime:0.0003s ]
SQL: SELECT * FROM `c_dynamic` WHERE `is_show` = 1 ORDER BY add_time desc LIMIT 0,10   [ RunTime:0.0003s ]
SQL: SHOW COLUMNS FROM `c_dynamic_up` [ RunTime:0.0005s ]
SQL: SHOW COLUMNS FROM `c_goods` [ RunTime:0.0005s ]
SQL: SELECT COUNT(*) AS tp_count FROM `c_dynamic_up` WHERE `dynamic_id` = '954a409752d099d1964776556d709d5f' LIMIT 1   [ RunTime:0.0002s ]
SQL: SELECT * FROM `c_dynamic_up` WHERE `dynamic_id` = '954a409752d099d1964776556d709d5f' AND `user_id` = '12138' LIMIT 1   [ RunTime:0.0002s ]
SQL: SELECT * FROM `c_goods` WHERE `goods_id` IN ('c4b72f279d5980d315deb44a19349809','78e3d0fd4180fa007fdbd40ba1e6a012','e7a1ccb766d9fafba954a12fe514b9c1')  [ RunTime:0.0005s ]
NOTIC: [8] Undefined index: goods_list D:\database\Project\working\company\cosmetics\server\app\Common\Common\function.php 第 606 行.
NOTIC: [8] Undefined index: goods_list D:\database\Project\working\company\cosmetics\server\app\Common\Common\function.php 第 606 行.
NOTIC: [8] Undefined index: goods_list D:\database\Project\working\company\cosmetics\server\app\Common\Common\function.php 第 606 行.
INFO: [ app_end ] --START--
INFO: Run Behavior\ShowPageTraceBehavior [ RunTime:0.000697s ]
INFO: [ app_end ] --END-- [ RunTime:0.000754s ]

[ 2018-03-08T17:39:20+08:00 ] 192.168.1.5 /index.php/Home/class/getList
INFO: [ app_init ] --START--
INFO: Run Behavior\BuildLiteBehavior [ RunTime:0.000011s ]
INFO: [ app_init ] --END-- [ RunTime:0.000381s ]
INFO: [ app_begin ] --START--
INFO: Run Behavior\ReadHtmlCacheBehavior [ RunTime:0.000662s ]
INFO: [ app_begin ] --END-- [ RunTime:0.000704s ]
SQL: SHOW COLUMNS FROM `c_class` [ RunTime:0.0007s ]
SQL: SELECT * FROM `c_class` ORDER BY sort asc,add_time asc  [ RunTime:0.0004s ]
SQL: SELECT COUNT(*) AS tp_count FROM `c_class` LIMIT 1   [ RunTime:0.0002s ]
INFO: [ app_end ] --START--
INFO: Run Behavior\ShowPageTraceBehavior [ RunTime:0.000731s ]
INFO: [ app_end ] --END-- [ RunTime:0.000767s ]

[ 2018-03-08T17:39:20+08:00 ] 192.168.1.5 /index.php/Home/goods/getList
INFO: [ app_init ] --START--
INFO: Run Behavior\BuildLiteBehavior [ RunTime:0.000011s ]
INFO: [ app_init ] --END-- [ RunTime:0.000443s ]
INFO: [ app_begin ] --START--
INFO: Run Behavior\ReadHtmlCacheBehavior [ RunTime:0.000548s ]
INFO: [ app_begin ] --END-- [ RunTime:0.000579s ]
NOTIC: [2048] Declaration of Home\Controller\GoodsController::get() should be compatible with Think\Controller::get($name = '') D:\database\Project\working\company\cosmetics\server\app\Home\Controller\GoodsController.class.php 第 19 行.
SQL: SHOW COLUMNS FROM `c_goods` [ RunTime:0.0009s ]
SQL: SELECT * FROM `c_goods` WHERE `is_up` = 1 ORDER BY sort desc,add_time desc  [ RunTime:0.0014s ]
SQL: SELECT COUNT(*) AS tp_count FROM `c_goods` LIMIT 1   [ RunTime:0.0004s ]
INFO: [ app_end ] --START--
INFO: Run Behavior\ShowPageTraceBehavior [ RunTime:0.001140s ]
INFO: [ app_end ] --END-- [ RunTime:0.001231s ]

[ 2018-03-08T17:39:20+08:00 ] 192.168.1.5 /index.php/Home/carousel/getList
INFO: [ app_init ] --START--
INFO: Run Behavior\BuildLiteBehavior [ RunTime:0.000010s ]
INFO: [ app_init ] --END-- [ RunTime:0.000320s ]
INFO: [ app_begin ] --START--
INFO: Run Behavior\ReadHtmlCacheBehavior [ RunTime:0.000495s ]
INFO: [ app_begin ] --END-- [ RunTime:0.000530s ]
SQL: SHOW COLUMNS FROM `c_carousel` [ RunTime:0.0006s ]
SQL: SELECT * FROM `c_carousel` ORDER BY sort asc,add_time desc  [ RunTime:0.0004s ]
INFO: [ app_end ] --START--
INFO: Run Behavior\ShowPageTraceBehavior [ RunTime:0.000831s ]
INFO: [ app_end ] --END-- [ RunTime:0.000880s ]

[ 2018-03-08T17:39:20+08:00 ] 192.168.1.5 /index.php/Home/goods/getList
INFO: [ app_init ] --START--
INFO: Run Behavior\BuildLiteBehavior [ RunTime:0.000016s ]
INFO: [ app_init ] --END-- [ RunTime:0.000583s ]
INFO: [ app_begin ] --START--
INFO: Run Behavior\ReadHtmlCacheBehavior [ RunTime:0.000931s ]
INFO: [ app_begin ] --END-- [ RunTime:0.001004s ]
NOTIC: [2048] Declaration of Home\Controller\GoodsController::get() should be compatible with Think\Controller::get($name = '') D:\database\Project\working\company\cosmetics\server\app\Home\Controller\GoodsController.class.php 第 19 行.
SQL: SHOW COLUMNS FROM `c_goods` [ RunTime:0.0009s ]
SQL: SELECT * FROM `c_goods` WHERE `is_up` = 1 ORDER BY sort desc,add_time desc  [ RunTime:0.0007s ]
SQL: SELECT COUNT(*) AS tp_count FROM `c_goods` LIMIT 1   [ RunTime:0.0003s ]
INFO: [ app_end ] --START--
INFO: Run Behavior\ShowPageTraceBehavior [ RunTime:0.000933s ]
INFO: [ app_end ] --END-- [ RunTime:0.000994s ]

[ 2018-03-08T17:39:20+08:00 ] 192.168.1.5 /index.php/Home/goods/getList
INFO: [ app_init ] --START--
INFO: Run Behavior\BuildLiteBehavior [ RunTime:0.000017s ]
INFO: [ app_init ] --END-- [ RunTime:0.000530s ]
INFO: [ app_begin ] --START--
INFO: Run Behavior\ReadHtmlCacheBehavior [ RunTime:0.000809s ]
INFO: [ app_begin ] --END-- [ RunTime:0.000878s ]
NOTIC: [2048] Declaration of Home\Controller\GoodsController::get() should be compatible with Think\Controller::get($name = '') D:\database\Project\working\company\cosmetics\server\app\Home\Controller\GoodsController.class.php 第 19 行.
SQL: SHOW COLUMNS FROM `c_goods` [ RunTime:0.0006s ]
SQL: SELECT * FROM `c_goods` WHERE `is_up` = 1 ORDER BY sort desc,add_time desc  [ RunTime:0.0005s ]
SQL: SELECT COUNT(*) AS tp_count FROM `c_goods` LIMIT 1   [ RunTime:0.0002s ]
INFO: [ app_end ] --START--
INFO: Run Behavior\ShowPageTraceBehavior [ RunTime:0.000603s ]
INFO: [ app_end ] --END-- [ RunTime:0.000653s ]

[ 2018-03-08T17:39:20+08:00 ] 192.168.1.5 /index.php/Home/carousel/getList
INFO: [ app_init ] --START--
INFO: Run Behavior\BuildLiteBehavior [ RunTime:0.000011s ]
INFO: [ app_init ] --END-- [ RunTime:0.000407s ]
INFO: [ app_begin ] --START--
INFO: Run Behavior\ReadHtmlCacheBehavior [ RunTime:0.000604s ]
INFO: [ app_begin ] --END-- [ RunTime:0.000640s ]
SQL: SHOW COLUMNS FROM `c_carousel` [ RunTime:0.0004s ]
SQL: SELECT * FROM `c_carousel` ORDER BY sort asc,add_time desc  [ RunTime:0.0003s ]
INFO: [ app_end ] --START--
INFO: Run Behavior\ShowPageTraceBehavior [ RunTime:0.000835s ]
INFO: [ app_end ] --END-- [ RunTime:0.000876s ]

[ 2018-03-08T17:39:20+08:00 ] 192.168.1.5 /index.php/Home/goods/getList
INFO: [ app_init ] --START--
INFO: Run Behavior\BuildLiteBehavior [ RunTime:0.000010s ]
INFO: [ app_init ] --END-- [ RunTime:0.000304s ]
INFO: [ app_begin ] --START--
INFO: Run Behavior\ReadHtmlCacheBehavior [ RunTime:0.000483s ]
INFO: [ app_begin ] --END-- [ RunTime:0.000519s ]
NOTIC: [2048] Declaration of Home\Controller\GoodsController::get() should be compatible with Think\Controller::get($name = '') D:\database\Project\working\company\cosmetics\server\app\Home\Controller\GoodsController.class.php 第 19 行.
SQL: SHOW COLUMNS FROM `c_goods` [ RunTime:0.0006s ]
SQL: SELECT * FROM `c_goods` WHERE `is_up` = 1 ORDER BY sort desc,add_time desc  [ RunTime:0.0004s ]
SQL: SELECT COUNT(*) AS tp_count FROM `c_goods` LIMIT 1   [ RunTime:0.0001s ]
INFO: [ app_end ] --START--
INFO: Run Behavior\ShowPageTraceBehavior [ RunTime:0.000689s ]
INFO: [ app_end ] --END-- [ RunTime:0.000732s ]

[ 2018-03-08T17:39:20+08:00 ] 192.168.1.5 /index.php/Home/goods/getList
INFO: [ app_init ] --START--
INFO: Run Behavior\BuildLiteBehavior [ RunTime:0.000010s ]
INFO: [ app_init ] --END-- [ RunTime:0.000358s ]
INFO: [ app_begin ] --START--
INFO: Run Behavior\ReadHtmlCacheBehavior [ RunTime:0.000585s ]
INFO: [ app_begin ] --END-- [ RunTime:0.000619s ]
NOTIC: [2048] Declaration of Home\Controller\GoodsController::get() should be compatible with Think\Controller::get($name = '') D:\database\Project\working\company\cosmetics\server\app\Home\Controller\GoodsController.class.php 第 19 行.
SQL: SHOW COLUMNS FROM `c_goods` [ RunTime:0.0008s ]
SQL: SELECT * FROM `c_goods` WHERE `is_up` = 1 ORDER BY sort desc,add_time desc  [ RunTime:0.0005s ]
SQL: SELECT COUNT(*) AS tp_count FROM `c_goods` LIMIT 1   [ RunTime:0.0002s ]
INFO: [ app_end ] --START--
INFO: Run Behavior\ShowPageTraceBehavior [ RunTime:0.000768s ]
INFO: [ app_end ] --END-- [ RunTime:0.000806s ]

[ 2018-03-08T17:39:28+08:00 ] 192.168.1.5 /index.php/Home/dynamic/getList
INFO: [ app_init ] --START--
INFO: Run Behavior\BuildLiteBehavior [ RunTime:0.000011s ]
INFO: [ app_init ] --END-- [ RunTime:0.000395s ]
INFO: [ app_begin ] --START--
INFO: Run Behavior\ReadHtmlCacheBehavior [ RunTime:0.000674s ]
INFO: [ app_begin ] --END-- [ RunTime:0.000712s ]
NOTIC: [2048] Declaration of Home\Controller\DynamicController::get() should be compatible with Think\Controller::get($name = '') D:\database\Project\working\company\cosmetics\server\app\Home\Controller\DynamicController.class.php 第 20 行.
SQL: SHOW COLUMNS FROM `c_dynamic` [ RunTime:0.0006s ]
SQL: SELECT COUNT(*) AS tp_count FROM `c_dynamic` LIMIT 1   [ RunTime:0.0002s ]
SQL: SELECT * FROM `c_dynamic` WHERE `is_show` = 1 ORDER BY add_time desc LIMIT 0,10   [ RunTime:0.0002s ]
SQL: SHOW COLUMNS FROM `c_dynamic_up` [ RunTime:0.0005s ]
SQL: SHOW COLUMNS FROM `c_goods` [ RunTime:0.0005s ]
SQL: SELECT COUNT(*) AS tp_count FROM `c_dynamic_up` WHERE `dynamic_id` = '954a409752d099d1964776556d709d5f' LIMIT 1   [ RunTime:0.0002s ]
SQL: SELECT * FROM `c_dynamic_up` WHERE `dynamic_id` = '954a409752d099d1964776556d709d5f' AND `user_id` = '12138' LIMIT 1   [ RunTime:0.0002s ]
SQL: SELECT * FROM `c_goods` WHERE `goods_id` IN ('c4b72f279d5980d315deb44a19349809','78e3d0fd4180fa007fdbd40ba1e6a012','e7a1ccb766d9fafba954a12fe514b9c1')  [ RunTime:0.0004s ]
NOTIC: [8] Undefined index: goods_list D:\database\Project\working\company\cosmetics\server\app\Common\Common\function.php 第 606 行.
NOTIC: [8] Undefined index: goods_list D:\database\Project\working\company\cosmetics\server\app\Common\Common\function.php 第 606 行.
NOTIC: [8] Undefined index: goods_list D:\database\Project\working\company\cosmetics\server\app\Common\Common\function.php 第 606 行.
INFO: [ app_end ] --START--
INFO: Run Behavior\ShowPageTraceBehavior [ RunTime:0.000838s ]
INFO: [ app_end ] --END-- [ RunTime:0.000891s ]

[ 2018-03-08T17:52:02+08:00 ] 192.168.1.5 /index.php/Home/class/getList
INFO: [ app_init ] --START--
INFO: Run Behavior\BuildLiteBehavior [ RunTime:0.000010s ]
INFO: [ app_init ] --END-- [ RunTime:0.000436s ]
INFO: [ app_begin ] --START--
INFO: Run Behavior\ReadHtmlCacheBehavior [ RunTime:0.000876s ]
INFO: [ app_begin ] --END-- [ RunTime:0.000919s ]
SQL: SHOW COLUMNS FROM `c_class` [ RunTime:0.0007s ]
SQL: SELECT * FROM `c_class` ORDER BY sort asc,add_time asc  [ RunTime:0.0004s ]
SQL: SELECT COUNT(*) AS tp_count FROM `c_class` LIMIT 1   [ RunTime:0.0002s ]
INFO: [ app_end ] --START--
INFO: Run Behavior\ShowPageTraceBehavior [ RunTime:0.000863s ]
INFO: [ app_end ] --END-- [ RunTime:0.000896s ]

[ 2018-03-08T17:52:02+08:00 ] 192.168.1.5 /index.php/Home/goods/getList
INFO: [ app_init ] --START--
INFO: Run Behavior\BuildLiteBehavior [ RunTime:0.000010s ]
INFO: [ app_init ] --END-- [ RunTime:0.000355s ]
INFO: [ app_begin ] --START--
INFO: Run Behavior\ReadHtmlCacheBehavior [ RunTime:0.000648s ]
INFO: [ app_begin ] --END-- [ RunTime:0.000692s ]
NOTIC: [2048] Declaration of Home\Controller\GoodsController::get() should be compatible with Think\Controller::get($name = '') D:\database\Project\working\company\cosmetics\server\app\Home\Controller\GoodsController.class.php 第 19 行.
SQL: SHOW COLUMNS FROM `c_goods` [ RunTime:0.0006s ]
SQL: SELECT * FROM `c_goods` WHERE `is_up` = 1 ORDER BY sort desc,add_time desc  [ RunTime:0.0008s ]
SQL: SELECT COUNT(*) AS tp_count FROM `c_goods` LIMIT 1   [ RunTime:0.0003s ]
INFO: [ app_end ] --START--
INFO: Run Behavior\ShowPageTraceBehavior [ RunTime:0.000860s ]
INFO: [ app_end ] --END-- [ RunTime:0.000900s ]

[ 2018-03-08T17:52:03+08:00 ] 192.168.1.5 /index.php/Home/carousel/getList
INFO: [ app_init ] --START--
INFO: Run Behavior\BuildLiteBehavior [ RunTime:0.000020s ]
INFO: [ app_init ] --END-- [ RunTime:0.000616s ]
INFO: [ app_begin ] --START--
INFO: Run Behavior\ReadHtmlCacheBehavior [ RunTime:0.000639s ]
INFO: [ app_begin ] --END-- [ RunTime:0.000681s ]
SQL: SHOW COLUMNS FROM `c_carousel` [ RunTime:0.0005s ]
SQL: SELECT * FROM `c_carousel` ORDER BY sort asc,add_time desc  [ RunTime:0.0003s ]
INFO: [ app_end ] --START--
INFO: Run Behavior\ShowPageTraceBehavior [ RunTime:0.000799s ]
INFO: [ app_end ] --END-- [ RunTime:0.000833s ]

[ 2018-03-08T17:52:03+08:00 ] 192.168.1.5 /index.php/Home/goods/getList
INFO: [ app_init ] --START--
INFO: Run Behavior\BuildLiteBehavior [ RunTime:0.000010s ]
INFO: [ app_init ] --END-- [ RunTime:0.000390s ]
INFO: [ app_begin ] --START--
INFO: Run Behavior\ReadHtmlCacheBehavior [ RunTime:0.000666s ]
INFO: [ app_begin ] --END-- [ RunTime:0.000705s ]
NOTIC: [2048] Declaration of Home\Controller\GoodsController::get() should be compatible with Think\Controller::get($name = '') D:\database\Project\working\company\cosmetics\server\app\Home\Controller\GoodsController.class.php 第 19 行.
SQL: SHOW COLUMNS FROM `c_goods` [ RunTime:0.0006s ]
SQL: SELECT * FROM `c_goods` WHERE `is_up` = 1 ORDER BY sort desc,add_time desc  [ RunTime:0.0005s ]
SQL: SELECT COUNT(*) AS tp_count FROM `c_goods` LIMIT 1   [ RunTime:0.0002s ]
INFO: [ app_end ] --START--
INFO: Run Behavior\ShowPageTraceBehavior [ RunTime:0.000738s ]
INFO: [ app_end ] --END-- [ RunTime:0.000782s ]

[ 2018-03-08T17:52:03+08:00 ] 192.168.1.5 /index.php/Home/goods/getList
INFO: [ app_init ] --START--
INFO: Run Behavior\BuildLiteBehavior [ RunTime:0.000009s ]
INFO: [ app_init ] --END-- [ RunTime:0.000441s ]
INFO: [ app_begin ] --START--
INFO: Run Behavior\ReadHtmlCacheBehavior [ RunTime:0.000630s ]
INFO: [ app_begin ] --END-- [ RunTime:0.000671s ]
NOTIC: [2048] Declaration of Home\Controller\GoodsController::get() should be compatible with Think\Controller::get($name = '') D:\database\Project\working\company\cosmetics\server\app\Home\Controller\GoodsController.class.php 第 19 行.
SQL: SHOW COLUMNS FROM `c_goods` [ RunTime:0.0006s ]
SQL: SELECT * FROM `c_goods` WHERE `is_up` = 1 ORDER BY sort desc,add_time desc  [ RunTime:0.0005s ]
SQL: SELECT COUNT(*) AS tp_count FROM `c_goods` LIMIT 1   [ RunTime:0.0002s ]
INFO: [ app_end ] --START--
INFO: Run Behavior\ShowPageTraceBehavior [ RunTime:0.000726s ]
INFO: [ app_end ] --END-- [ RunTime:0.000768s ]

[ 2018-03-08T17:52:03+08:00 ] 192.168.1.5 /index.php/Home/carousel/getList
INFO: [ app_init ] --START--
INFO: Run Behavior\BuildLiteBehavior [ RunTime:0.000010s ]
INFO: [ app_init ] --END-- [ RunTime:0.000440s ]
INFO: [ app_begin ] --START--
INFO: Run Behavior\ReadHtmlCacheBehavior [ RunTime:0.000925s ]
INFO: [ app_begin ] --END-- [ RunTime:0.000979s ]
SQL: SHOW COLUMNS FROM `c_carousel` [ RunTime:0.0005s ]
SQL: SELECT * FROM `c_carousel` ORDER BY sort asc,add_time desc  [ RunTime:0.0003s ]
INFO: [ app_end ] --START--
INFO: Run Behavior\ShowPageTraceBehavior [ RunTime:0.000814s ]
INFO: [ app_end ] --END-- [ RunTime:0.000850s ]

[ 2018-03-08T17:52:03+08:00 ] 192.168.1.5 /index.php/Home/goods/getList
INFO: [ app_init ] --START--
INFO: Run Behavior\BuildLiteBehavior [ RunTime:0.000009s ]
INFO: [ app_init ] --END-- [ RunTime:0.000360s ]
INFO: [ app_begin ] --START--
INFO: Run Behavior\ReadHtmlCacheBehavior [ RunTime:0.000629s ]
INFO: [ app_begin ] --END-- [ RunTime:0.000667s ]
NOTIC: [2048] Declaration of Home\Controller\GoodsController::get() should be compatible with Think\Controller::get($name = '') D:\database\Project\working\company\cosmetics\server\app\Home\Controller\GoodsController.class.php 第 19 行.
SQL: SHOW COLUMNS FROM `c_goods` [ RunTime:0.0005s ]
SQL: SELECT * FROM `c_goods` WHERE `is_up` = 1 ORDER BY sort desc,add_time desc  [ RunTime:0.0005s ]
SQL: SELECT COUNT(*) AS tp_count FROM `c_goods` LIMIT 1   [ RunTime:0.0002s ]
INFO: [ app_end ] --START--
INFO: Run Behavior\ShowPageTraceBehavior [ RunTime:0.000643s ]
INFO: [ app_end ] --END-- [ RunTime:0.000680s ]

[ 2018-03-08T17:52:03+08:00 ] 192.168.1.5 /index.php/Home/goods/getList
INFO: [ app_init ] --START--
INFO: Run Behavior\BuildLiteBehavior [ RunTime:0.000011s ]
INFO: [ app_init ] --END-- [ RunTime:0.000417s ]
INFO: [ app_begin ] --START--
INFO: Run Behavior\ReadHtmlCacheBehavior [ RunTime:0.000732s ]
INFO: [ app_begin ] --END-- [ RunTime:0.000772s ]
NOTIC: [2048] Declaration of Home\Controller\GoodsController::get() should be compatible with Think\Controller::get($name = '') D:\database\Project\working\company\cosmetics\server\app\Home\Controller\GoodsController.class.php 第 19 行.
SQL: SHOW COLUMNS FROM `c_goods` [ RunTime:0.0005s ]
SQL: SELECT * FROM `c_goods` WHERE `is_up` = 1 ORDER BY sort desc,add_time desc  [ RunTime:0.0004s ]
SQL: SELECT COUNT(*) AS tp_count FROM `c_goods` LIMIT 1   [ RunTime:0.0002s ]
INFO: [ app_end ] --START--
INFO: Run Behavior\ShowPageTraceBehavior [ RunTime:0.000935s ]
INFO: [ app_end ] --END-- [ RunTime:0.000981s ]

[ 2018-03-08T17:54:19+08:00 ] 192.168.1.5 /index.php/Home/class/getList
INFO: [ app_init ] --START--
INFO: Run Behavior\BuildLiteBehavior [ RunTime:0.000012s ]
INFO: [ app_init ] --END-- [ RunTime:0.000660s ]
INFO: [ app_begin ] --START--
INFO: Run Behavior\ReadHtmlCacheBehavior [ RunTime:0.000669s ]
INFO: [ app_begin ] --END-- [ RunTime:0.000707s ]
SQL: SHOW COLUMNS FROM `c_class` [ RunTime:0.0007s ]
SQL: SELECT * FROM `c_class` ORDER BY sort asc,add_time asc  [ RunTime:0.0003s ]
SQL: SELECT COUNT(*) AS tp_count FROM `c_class` LIMIT 1   [ RunTime:0.0002s ]
INFO: [ app_end ] --START--
INFO: Run Behavior\ShowPageTraceBehavior [ RunTime:0.001000s ]
INFO: [ app_end ] --END-- [ RunTime:0.001051s ]

[ 2018-03-08T17:54:19+08:00 ] 192.168.1.5 /index.php/Home/goods/getList
INFO: [ app_init ] --START--
INFO: Run Behavior\BuildLiteBehavior [ RunTime:0.000011s ]
INFO: [ app_init ] --END-- [ RunTime:0.000435s ]
INFO: [ app_begin ] --START--
INFO: Run Behavior\ReadHtmlCacheBehavior [ RunTime:0.000702s ]
INFO: [ app_begin ] --END-- [ RunTime:0.000736s ]
NOTIC: [2048] Declaration of Home\Controller\GoodsController::get() should be compatible with Think\Controller::get($name = '') D:\database\Project\working\company\cosmetics\server\app\Home\Controller\GoodsController.class.php 第 19 行.
SQL: SHOW COLUMNS FROM `c_goods` [ RunTime:0.0006s ]
SQL: SELECT * FROM `c_goods` WHERE `is_up` = 1 ORDER BY sort desc,add_time desc  [ RunTime:0.0005s ]
SQL: SELECT COUNT(*) AS tp_count FROM `c_goods` LIMIT 1   [ RunTime:0.0002s ]
INFO: [ app_end ] --START--
INFO: Run Behavior\ShowPageTraceBehavior [ RunTime:0.000877s ]
INFO: [ app_end ] --END-- [ RunTime:0.000915s ]

[ 2018-03-08T17:54:19+08:00 ] 192.168.1.5 /index.php/Home/carousel/getList
INFO: [ app_init ] --START--
INFO: Run Behavior\BuildLiteBehavior [ RunTime:0.000009s ]
INFO: [ app_init ] --END-- [ RunTime:0.000363s ]
INFO: [ app_begin ] --START--
INFO: Run Behavior\ReadHtmlCacheBehavior [ RunTime:0.000692s ]
INFO: [ app_begin ] --END-- [ RunTime:0.000730s ]
SQL: SHOW COLUMNS FROM `c_carousel` [ RunTime:0.0005s ]
SQL: SELECT * FROM `c_carousel` ORDER BY sort asc,add_time desc  [ RunTime:0.0003s ]
INFO: [ app_end ] --START--
INFO: Run Behavior\ShowPageTraceBehavior [ RunTime:0.000822s ]
INFO: [ app_end ] --END-- [ RunTime:0.000859s ]

[ 2018-03-08T17:54:19+08:00 ] 192.168.1.5 /index.php/Home/goods/getList
INFO: [ app_init ] --START--
INFO: Run Behavior\BuildLiteBehavior [ RunTime:0.000010s ]
INFO: [ app_init ] --END-- [ RunTime:0.000346s ]
INFO: [ app_begin ] --START--
INFO: Run Behavior\ReadHtmlCacheBehavior [ RunTime:0.000526s ]
INFO: [ app_begin ] --END-- [ RunTime:0.000560s ]
NOTIC: [2048] Declaration of Home\Controller\GoodsController::get() should be compatible with Think\Controller::get($name = '') D:\database\Project\working\company\cosmetics\server\app\Home\Controller\GoodsController.class.php 第 19 行.
SQL: SHOW COLUMNS FROM `c_goods` [ RunTime:0.0006s ]
SQL: SELECT * FROM `c_goods` WHERE `is_up` = 1 ORDER BY sort desc,add_time desc  [ RunTime:0.0005s ]
SQL: SELECT COUNT(*) AS tp_count FROM `c_goods` LIMIT 1   [ RunTime:0.0003s ]
INFO: [ app_end ] --START--
INFO: Run Behavior\ShowPageTraceBehavior [ RunTime:0.000816s ]
INFO: [ app_end ] --END-- [ RunTime:0.000874s ]

[ 2018-03-08T17:54:19+08:00 ] 192.168.1.5 /index.php/Home/goods/getList
INFO: [ app_init ] --START--
INFO: Run Behavior\BuildLiteBehavior [ RunTime:0.000010s ]
INFO: [ app_init ] --END-- [ RunTime:0.000456s ]
INFO: [ app_begin ] --START--
INFO: Run Behavior\ReadHtmlCacheBehavior [ RunTime:0.000736s ]
INFO: [ app_begin ] --END-- [ RunTime:0.000769s ]
NOTIC: [2048] Declaration of Home\Controller\GoodsController::get() should be compatible with Think\Controller::get($name = '') D:\database\Project\working\company\cosmetics\server\app\Home\Controller\GoodsController.class.php 第 19 行.
SQL: SHOW COLUMNS FROM `c_goods` [ RunTime:0.0006s ]
SQL: SELECT * FROM `c_goods` WHERE `is_up` = 1 ORDER BY sort desc,add_time desc  [ RunTime:0.0005s ]
SQL: SELECT COUNT(*) AS tp_count FROM `c_goods` LIMIT 1   [ RunTime:0.0002s ]
INFO: [ app_end ] --START--
INFO: Run Behavior\ShowPageTraceBehavior [ RunTime:0.000690s ]
INFO: [ app_end ] --END-- [ RunTime:0.000730s ]

[ 2018-03-08T17:54:19+08:00 ] 192.168.1.5 /index.php/Home/carousel/getList
INFO: [ app_init ] --START--
INFO: Run Behavior\BuildLiteBehavior [ RunTime:0.000010s ]
INFO: [ app_init ] --END-- [ RunTime:0.000375s ]
INFO: [ app_begin ] --START--
INFO: Run Behavior\ReadHtmlCacheBehavior [ RunTime:0.000568s ]
INFO: [ app_begin ] --END-- [ RunTime:0.000601s ]
SQL: SHOW COLUMNS FROM `c_carousel` [ RunTime:0.0006s ]
SQL: SELECT * FROM `c_carousel` ORDER BY sort asc,add_time desc  [ RunTime:0.0004s ]
INFO: [ app_end ] --START--
INFO: Run Behavior\ShowPageTraceBehavior [ RunTime:0.000669s ]
INFO: [ app_end ] --END-- [ RunTime:0.000704s ]

[ 2018-03-08T17:54:19+08:00 ] 192.168.1.5 /index.php/Home/goods/getList
INFO: [ app_init ] --START--
INFO: Run Behavior\BuildLiteBehavior [ RunTime:0.000010s ]
INFO: [ app_init ] --END-- [ RunTime:0.000337s ]
INFO: [ app_begin ] --START--
INFO: Run Behavior\ReadHtmlCacheBehavior [ RunTime:0.000613s ]
INFO: [ app_begin ] --END-- [ RunTime:0.000648s ]
NOTIC: [2048] Declaration of Home\Controller\GoodsController::get() should be compatible with Think\Controller::get($name = '') D:\database\Project\working\company\cosmetics\server\app\Home\Controller\GoodsController.class.php 第 19 行.
SQL: SHOW COLUMNS FROM `c_goods` [ RunTime:0.0007s ]
SQL: SELECT * FROM `c_goods` WHERE `is_up` = 1 ORDER BY sort desc,add_time desc  [ RunTime:0.0006s ]
SQL: SELECT COUNT(*) AS tp_count FROM `c_goods` LIMIT 1   [ RunTime:0.0002s ]
INFO: [ app_end ] --START--
INFO: Run Behavior\ShowPageTraceBehavior [ RunTime:0.000748s ]
INFO: [ app_end ] --END-- [ RunTime:0.000789s ]

[ 2018-03-08T17:54:19+08:00 ] 192.168.1.5 /index.php/Home/goods/getList
INFO: [ app_init ] --START--
INFO: Run Behavior\BuildLiteBehavior [ RunTime:0.000009s ]
INFO: [ app_init ] --END-- [ RunTime:0.000346s ]
INFO: [ app_begin ] --START--
INFO: Run Behavior\ReadHtmlCacheBehavior [ RunTime:0.000787s ]
INFO: [ app_begin ] --END-- [ RunTime:0.000840s ]
NOTIC: [2048] Declaration of Home\Controller\GoodsController::get() should be compatible with Think\Controller::get($name = '') D:\database\Project\working\company\cosmetics\server\app\Home\Controller\GoodsController.class.php 第 19 行.
SQL: SHOW COLUMNS FROM `c_goods` [ RunTime:0.0007s ]
SQL: SELECT * FROM `c_goods` WHERE `is_up` = 1 ORDER BY sort desc,add_time desc  [ RunTime:0.0004s ]
SQL: SELECT COUNT(*) AS tp_count FROM `c_goods` LIMIT 1   [ RunTime:0.0002s ]
INFO: [ app_end ] --START--
INFO: Run Behavior\ShowPageTraceBehavior [ RunTime:0.000680s ]
INFO: [ app_end ] --END-- [ RunTime:0.000719s ]

[ 2018-03-08T17:54:33+08:00 ] 192.168.1.5 /index.php/Home/class/getList
INFO: [ app_init ] --START--
INFO: Run Behavior\BuildLiteBehavior [ RunTime:0.000011s ]
INFO: [ app_init ] --END-- [ RunTime:0.000384s ]
INFO: [ app_begin ] --START--
INFO: Run Behavior\ReadHtmlCacheBehavior [ RunTime:0.000683s ]
INFO: [ app_begin ] --END-- [ RunTime:0.000718s ]
SQL: SHOW COLUMNS FROM `c_class` [ RunTime:0.0005s ]
SQL: SELECT * FROM `c_class` ORDER BY sort asc,add_time asc  [ RunTime:0.0003s ]
SQL: SELECT COUNT(*) AS tp_count FROM `c_class` LIMIT 1   [ RunTime:0.0002s ]
INFO: [ app_end ] --START--
INFO: Run Behavior\ShowPageTraceBehavior [ RunTime:0.000833s ]
INFO: [ app_end ] --END-- [ RunTime:0.000865s ]

[ 2018-03-08T17:54:33+08:00 ] 192.168.1.5 /index.php/Home/goods/getList
INFO: [ app_init ] --START--
INFO: Run Behavior\BuildLiteBehavior [ RunTime:0.000012s ]
INFO: [ app_init ] --END-- [ RunTime:0.000414s ]
INFO: [ app_begin ] --START--
INFO: Run Behavior\ReadHtmlCacheBehavior [ RunTime:0.000567s ]
INFO: [ app_begin ] --END-- [ RunTime:0.000609s ]
NOTIC: [2048] Declaration of Home\Controller\GoodsController::get() should be compatible with Think\Controller::get($name = '') D:\database\Project\working\company\cosmetics\server\app\Home\Controller\GoodsController.class.php 第 19 行.
SQL: SHOW COLUMNS FROM `c_goods` [ RunTime:0.0005s ]
SQL: SELECT * FROM `c_goods` WHERE `is_up` = 1 ORDER BY sort desc,add_time desc  [ RunTime:0.0005s ]
SQL: SELECT COUNT(*) AS tp_count FROM `c_goods` LIMIT 1   [ RunTime:0.0002s ]
INFO: [ app_end ] --START--
INFO: Run Behavior\ShowPageTraceBehavior [ RunTime:0.000692s ]
INFO: [ app_end ] --END-- [ RunTime:0.000730s ]

[ 2018-03-08T17:54:33+08:00 ] 192.168.1.5 /index.php/Home/carousel/getList
INFO: [ app_init ] --START--
INFO: Run Behavior\BuildLiteBehavior [ RunTime:0.000010s ]
INFO: [ app_init ] --END-- [ RunTime:0.000309s ]
INFO: [ app_begin ] --START--
INFO: Run Behavior\ReadHtmlCacheBehavior [ RunTime:0.000475s ]
INFO: [ app_begin ] --END-- [ RunTime:0.000509s ]
SQL: SHOW COLUMNS FROM `c_carousel` [ RunTime:0.0005s ]
SQL: SELECT * FROM `c_carousel` ORDER BY sort asc,add_time desc  [ RunTime:0.0003s ]
INFO: [ app_end ] --START--
INFO: Run Behavior\ShowPageTraceBehavior [ RunTime:0.000639s ]
INFO: [ app_end ] --END-- [ RunTime:0.000674s ]

[ 2018-03-08T17:54:33+08:00 ] 192.168.1.5 /index.php/Home/goods/getList
INFO: [ app_init ] --START--
INFO: Run Behavior\BuildLiteBehavior [ RunTime:0.000010s ]
INFO: [ app_init ] --END-- [ RunTime:0.000367s ]
INFO: [ app_begin ] --START--
INFO: Run Behavior\ReadHtmlCacheBehavior [ RunTime:0.000652s ]
INFO: [ app_begin ] --END-- [ RunTime:0.000690s ]
NOTIC: [2048] Declaration of Home\Controller\GoodsController::get() should be compatible with Think\Controller::get($name = '') D:\database\Project\working\company\cosmetics\server\app\Home\Controller\GoodsController.class.php 第 19 行.
SQL: SHOW COLUMNS FROM `c_goods` [ RunTime:0.0006s ]
SQL: SELECT * FROM `c_goods` WHERE `is_up` = 1 ORDER BY sort desc,add_time desc  [ RunTime:0.0005s ]
SQL: SELECT COUNT(*) AS tp_count FROM `c_goods` LIMIT 1   [ RunTime:0.0002s ]
INFO: [ app_end ] --START--
INFO: Run Behavior\ShowPageTraceBehavior [ RunTime:0.000877s ]
INFO: [ app_end ] --END-- [ RunTime:0.000917s ]

[ 2018-03-08T17:54:34+08:00 ] 192.168.1.5 /index.php/Home/goods/getList
INFO: [ app_init ] --START--
INFO: Run Behavior\BuildLiteBehavior [ RunTime:0.000011s ]
INFO: [ app_init ] --END-- [ RunTime:0.000501s ]
INFO: [ app_begin ] --START--
INFO: Run Behavior\ReadHtmlCacheBehavior [ RunTime:0.000478s ]
INFO: [ app_begin ] --END-- [ RunTime:0.000516s ]
NOTIC: [2048] Declaration of Home\Controller\GoodsController::get() should be compatible with Think\Controller::get($name = '') D:\database\Project\working\company\cosmetics\server\app\Home\Controller\GoodsController.class.php 第 19 行.
SQL: SHOW COLUMNS FROM `c_goods` [ RunTime:0.0005s ]
SQL: SELECT * FROM `c_goods` WHERE `is_up` = 1 ORDER BY sort desc,add_time desc  [ RunTime:0.0005s ]
SQL: SELECT COUNT(*) AS tp_count FROM `c_goods` LIMIT 1   [ RunTime:0.0002s ]
INFO: [ app_end ] --START--
INFO: Run Behavior\ShowPageTraceBehavior [ RunTime:0.000537s ]
INFO: [ app_end ] --END-- [ RunTime:0.000578s ]

[ 2018-03-08T17:54:34+08:00 ] 192.168.1.5 /index.php/Home/carousel/getList
INFO: [ app_init ] --START--
INFO: Run Behavior\BuildLiteBehavior [ RunTime:0.000010s ]
INFO: [ app_init ] --END-- [ RunTime:0.000513s ]
INFO: [ app_begin ] --START--
INFO: Run Behavior\ReadHtmlCacheBehavior [ RunTime:0.000693s ]
INFO: [ app_begin ] --END-- [ RunTime:0.000732s ]
SQL: SHOW COLUMNS FROM `c_carousel` [ RunTime:0.0006s ]
SQL: SELECT * FROM `c_carousel` ORDER BY sort asc,add_time desc  [ RunTime:0.0004s ]
INFO: [ app_end ] --START--
INFO: Run Behavior\ShowPageTraceBehavior [ RunTime:0.000993s ]
INFO: [ app_end ] --END-- [ RunTime:0.001053s ]

[ 2018-03-08T17:54:34+08:00 ] 192.168.1.5 /index.php/Home/goods/getList
INFO: [ app_init ] --START--
INFO: Run Behavior\BuildLiteBehavior [ RunTime:0.000016s ]
INFO: [ app_init ] --END-- [ RunTime:0.000542s ]
INFO: [ app_begin ] --START--
INFO: Run Behavior\ReadHtmlCacheBehavior [ RunTime:0.000952s ]
INFO: [ app_begin ] --END-- [ RunTime:0.001015s ]
NOTIC: [2048] Declaration of Home\Controller\GoodsController::get() should be compatible with Think\Controller::get($name = '') D:\database\Project\working\company\cosmetics\server\app\Home\Controller\GoodsController.class.php 第 19 行.
SQL: SHOW COLUMNS FROM `c_goods` [ RunTime:0.0006s ]
SQL: SELECT * FROM `c_goods` WHERE `is_up` = 1 ORDER BY sort desc,add_time desc  [ RunTime:0.0006s ]
SQL: SELECT COUNT(*) AS tp_count FROM `c_goods` LIMIT 1   [ RunTime:0.0002s ]
INFO: [ app_end ] --START--
INFO: Run Behavior\ShowPageTraceBehavior [ RunTime:0.000714s ]
INFO: [ app_end ] --END-- [ RunTime:0.000751s ]

[ 2018-03-08T17:54:34+08:00 ] 192.168.1.5 /index.php/Home/goods/getList
INFO: [ app_init ] --START--
INFO: Run Behavior\BuildLiteBehavior [ RunTime:0.000011s ]
INFO: [ app_init ] --END-- [ RunTime:0.000359s ]
INFO: [ app_begin ] --START--
INFO: Run Behavior\ReadHtmlCacheBehavior [ RunTime:0.000522s ]
INFO: [ app_begin ] --END-- [ RunTime:0.000564s ]
NOTIC: [2048] Declaration of Home\Controller\GoodsController::get() should be compatible with Think\Controller::get($name = '') D:\database\Project\working\company\cosmetics\server\app\Home\Controller\GoodsController.class.php 第 19 行.
SQL: SHOW COLUMNS FROM `c_goods` [ RunTime:0.0005s ]
SQL: SELECT * FROM `c_goods` WHERE `is_up` = 1 ORDER BY sort desc,add_time desc  [ RunTime:0.0004s ]
SQL: SELECT COUNT(*) AS tp_count FROM `c_goods` LIMIT 1   [ RunTime:0.0001s ]
INFO: [ app_end ] --START--
INFO: Run Behavior\ShowPageTraceBehavior [ RunTime:0.000581s ]
INFO: [ app_end ] --END-- [ RunTime:0.000619s ]

[ 2018-03-08T17:55:51+08:00 ] 192.168.1.5 /index.php/Home/goods/getList
INFO: [ app_init ] --START--
INFO: Run Behavior\BuildLiteBehavior [ RunTime:0.000009s ]
INFO: [ app_init ] --END-- [ RunTime:0.000315s ]
INFO: [ app_begin ] --START--
INFO: Run Behavior\ReadHtmlCacheBehavior [ RunTime:0.000488s ]
INFO: [ app_begin ] --END-- [ RunTime:0.000521s ]
NOTIC: [2048] Declaration of Home\Controller\GoodsController::get() should be compatible with Think\Controller::get($name = '') D:\database\Project\working\company\cosmetics\server\app\Home\Controller\GoodsController.class.php 第 19 行.
SQL: SHOW COLUMNS FROM `c_goods` [ RunTime:0.0007s ]
SQL: SELECT * FROM `c_goods` WHERE `is_up` = 1 ORDER BY sort desc,add_time desc  [ RunTime:0.0005s ]
SQL: SELECT COUNT(*) AS tp_count FROM `c_goods` LIMIT 1   [ RunTime:0.0002s ]
INFO: [ app_end ] --START--
INFO: Run Behavior\ShowPageTraceBehavior [ RunTime:0.000733s ]
INFO: [ app_end ] --END-- [ RunTime:0.000771s ]

[ 2018-03-08T17:55:51+08:00 ] 192.168.1.5 /index.php/Home/class/getList
INFO: [ app_init ] --START--
INFO: Run Behavior\BuildLiteBehavior [ RunTime:0.000010s ]
INFO: [ app_init ] --END-- [ RunTime:0.000335s ]
INFO: [ app_begin ] --START--
INFO: Run Behavior\ReadHtmlCacheBehavior [ RunTime:0.000617s ]
INFO: [ app_begin ] --END-- [ RunTime:0.000653s ]
SQL: SHOW COLUMNS FROM `c_class` [ RunTime:0.0005s ]
SQL: SELECT * FROM `c_class` ORDER BY sort asc,add_time asc  [ RunTime:0.0003s ]
SQL: SELECT COUNT(*) AS tp_count FROM `c_class` LIMIT 1   [ RunTime:0.0002s ]
INFO: [ app_end ] --START--
INFO: Run Behavior\ShowPageTraceBehavior [ RunTime:0.000803s ]
INFO: [ app_end ] --END-- [ RunTime:0.000838s ]

[ 2018-03-08T17:55:52+08:00 ] 192.168.1.5 /index.php/Home/carousel/getList
INFO: [ app_init ] --START--
INFO: Run Behavior\BuildLiteBehavior [ RunTime:0.000010s ]
INFO: [ app_init ] --END-- [ RunTime:0.000342s ]
INFO: [ app_begin ] --START--
INFO: Run Behavior\ReadHtmlCacheBehavior [ RunTime:0.000614s ]
INFO: [ app_begin ] --END-- [ RunTime:0.000649s ]
SQL: SHOW COLUMNS FROM `c_carousel` [ RunTime:0.0006s ]
SQL: SELECT * FROM `c_carousel` ORDER BY sort asc,add_time desc  [ RunTime:0.0004s ]
INFO: [ app_end ] --START--
INFO: Run Behavior\ShowPageTraceBehavior [ RunTime:0.000953s ]
INFO: [ app_end ] --END-- [ RunTime:0.001016s ]

[ 2018-03-08T17:55:52+08:00 ] 192.168.1.5 /index.php/Home/goods/getList
INFO: [ app_init ] --START--
INFO: Run Behavior\BuildLiteBehavior [ RunTime:0.000015s ]
INFO: [ app_init ] --END-- [ RunTime:0.000456s ]
INFO: [ app_begin ] --START--
INFO: Run Behavior\ReadHtmlCacheBehavior [ RunTime:0.000794s ]
INFO: [ app_begin ] --END-- [ RunTime:0.000863s ]
NOTIC: [2048] Declaration of Home\Controller\GoodsController::get() should be compatible with Think\Controller::get($name = '') D:\database\Project\working\company\cosmetics\server\app\Home\Controller\GoodsController.class.php 第 19 行.
SQL: SHOW COLUMNS FROM `c_goods` [ RunTime:0.0007s ]
SQL: SELECT * FROM `c_goods` WHERE `is_up` = 1 ORDER BY sort desc,add_time desc  [ RunTime:0.0007s ]
SQL: SELECT COUNT(*) AS tp_count FROM `c_goods` LIMIT 1   [ RunTime:0.0003s ]
INFO: [ app_end ] --START--
INFO: Run Behavior\ShowPageTraceBehavior [ RunTime:0.000906s ]
INFO: [ app_end ] --END-- [ RunTime:0.000968s ]

[ 2018-03-08T17:55:52+08:00 ] 192.168.1.5 /index.php/Home/goods/getList
INFO: [ app_init ] --START--
INFO: Run Behavior\BuildLiteBehavior [ RunTime:0.000012s ]
INFO: [ app_init ] --END-- [ RunTime:0.000497s ]
INFO: [ app_begin ] --START--
INFO: Run Behavior\ReadHtmlCacheBehavior [ RunTime:0.001123s ]
INFO: [ app_begin ] --END-- [ RunTime:0.001193s ]
NOTIC: [2048] Declaration of Home\Controller\GoodsController::get() should be compatible with Think\Controller::get($name = '') D:\database\Project\working\company\cosmetics\server\app\Home\Controller\GoodsController.class.php 第 19 行.
SQL: SHOW COLUMNS FROM `c_goods` [ RunTime:0.0006s ]
SQL: SELECT * FROM `c_goods` WHERE `is_up` = 1 ORDER BY sort desc,add_time desc  [ RunTime:0.0005s ]
SQL: SELECT COUNT(*) AS tp_count FROM `c_goods` LIMIT 1   [ RunTime:0.0002s ]
INFO: [ app_end ] --START--
INFO: Run Behavior\ShowPageTraceBehavior [ RunTime:0.000730s ]
INFO: [ app_end ] --END-- [ RunTime:0.000767s ]

[ 2018-03-08T17:55:52+08:00 ] 192.168.1.5 /index.php/Home/carousel/getList
INFO: [ app_init ] --START--
INFO: Run Behavior\BuildLiteBehavior [ RunTime:0.000015s ]
INFO: [ app_init ] --END-- [ RunTime:0.000550s ]
INFO: [ app_begin ] --START--
INFO: Run Behavior\ReadHtmlCacheBehavior [ RunTime:0.001051s ]
INFO: [ app_begin ] --END-- [ RunTime:0.001117s ]
SQL: SHOW COLUMNS FROM `c_carousel` [ RunTime:0.0004s ]
SQL: SELECT * FROM `c_carousel` ORDER BY sort asc,add_time desc  [ RunTime:0.0002s ]
INFO: [ app_end ] --START--
INFO: Run Behavior\ShowPageTraceBehavior [ RunTime:0.000800s ]
INFO: [ app_end ] --END-- [ RunTime:0.000834s ]

[ 2018-03-08T17:55:52+08:00 ] 192.168.1.5 /index.php/Home/goods/getList
INFO: [ app_init ] --START--
INFO: Run Behavior\BuildLiteBehavior [ RunTime:0.000019s ]
INFO: [ app_init ] --END-- [ RunTime:0.000503s ]
INFO: [ app_begin ] --START--
INFO: Run Behavior\ReadHtmlCacheBehavior [ RunTime:0.000655s ]
INFO: [ app_begin ] --END-- [ RunTime:0.000710s ]
NOTIC: [2048] Declaration of Home\Controller\GoodsController::get() should be compatible with Think\Controller::get($name = '') D:\database\Project\working\company\cosmetics\server\app\Home\Controller\GoodsController.class.php 第 19 行.
SQL: SHOW COLUMNS FROM `c_goods` [ RunTime:0.0005s ]
SQL: SELECT * FROM `c_goods` WHERE `is_up` = 1 ORDER BY sort desc,add_time desc  [ RunTime:0.0004s ]
SQL: SELECT COUNT(*) AS tp_count FROM `c_goods` LIMIT 1   [ RunTime:0.0001s ]
INFO: [ app_end ] --START--
INFO: Run Behavior\ShowPageTraceBehavior [ RunTime:0.000568s ]
INFO: [ app_end ] --END-- [ RunTime:0.000604s ]

[ 2018-03-08T17:55:52+08:00 ] 192.168.1.5 /index.php/Home/goods/getList
INFO: [ app_init ] --START--
INFO: Run Behavior\BuildLiteBehavior [ RunTime:0.000016s ]
INFO: [ app_init ] --END-- [ RunTime:0.000642s ]
INFO: [ app_begin ] --START--
INFO: Run Behavior\ReadHtmlCacheBehavior [ RunTime:0.000912s ]
INFO: [ app_begin ] --END-- [ RunTime:0.000986s ]
NOTIC: [2048] Declaration of Home\Controller\GoodsController::get() should be compatible with Think\Controller::get($name = '') D:\database\Project\working\company\cosmetics\server\app\Home\Controller\GoodsController.class.php 第 19 行.
SQL: SHOW COLUMNS FROM `c_goods` [ RunTime:0.0005s ]
SQL: SELECT * FROM `c_goods` WHERE `is_up` = 1 ORDER BY sort desc,add_time desc  [ RunTime:0.0004s ]
SQL: SELECT COUNT(*) AS tp_count FROM `c_goods` LIMIT 1   [ RunTime:0.0001s ]
INFO: [ app_end ] --START--
INFO: Run Behavior\ShowPageTraceBehavior [ RunTime:0.000726s ]
INFO: [ app_end ] --END-- [ RunTime:0.000764s ]

[ 2018-03-08T18:04:52+08:00 ] 192.168.1.5 /index.php/Home/class/getList
INFO: [ app_init ] --START--
INFO: Run Behavior\BuildLiteBehavior [ RunTime:0.000010s ]
INFO: [ app_init ] --END-- [ RunTime:0.000421s ]
INFO: [ app_begin ] --START--
INFO: Run Behavior\ReadHtmlCacheBehavior [ RunTime:0.000645s ]
INFO: [ app_begin ] --END-- [ RunTime:0.000678s ]
SQL: SHOW COLUMNS FROM `c_class` [ RunTime:0.0007s ]
SQL: SELECT * FROM `c_class` ORDER BY sort asc,add_time asc  [ RunTime:0.0003s ]
SQL: SELECT COUNT(*) AS tp_count FROM `c_class` LIMIT 1   [ RunTime:0.0002s ]
INFO: [ app_end ] --START--
INFO: Run Behavior\ShowPageTraceBehavior [ RunTime:0.000805s ]
INFO: [ app_end ] --END-- [ RunTime:0.000839s ]

[ 2018-03-08T18:04:52+08:00 ] 192.168.1.5 /index.php/Home/goods/getList
INFO: [ app_init ] --START--
INFO: Run Behavior\BuildLiteBehavior [ RunTime:0.000009s ]
INFO: [ app_init ] --END-- [ RunTime:0.000436s ]
INFO: [ app_begin ] --START--
INFO: Run Behavior\ReadHtmlCacheBehavior [ RunTime:0.000638s ]
INFO: [ app_begin ] --END-- [ RunTime:0.000670s ]
NOTIC: [2048] Declaration of Home\Controller\GoodsController::get() should be compatible with Think\Controller::get($name = '') D:\database\Project\working\company\cosmetics\server\app\Home\Controller\GoodsController.class.php 第 19 行.
SQL: SHOW COLUMNS FROM `c_goods` [ RunTime:0.0006s ]
SQL: SELECT * FROM `c_goods` WHERE `is_up` = 1 ORDER BY sort desc,add_time desc  [ RunTime:0.0005s ]
SQL: SELECT COUNT(*) AS tp_count FROM `c_goods` LIMIT 1   [ RunTime:0.0002s ]
INFO: [ app_end ] --START--
INFO: Run Behavior\ShowPageTraceBehavior [ RunTime:0.000744s ]
INFO: [ app_end ] --END-- [ RunTime:0.000780s ]

[ 2018-03-08T18:04:53+08:00 ] 192.168.1.5 /index.php/Home/carousel/getList
INFO: [ app_init ] --START--
INFO: Run Behavior\BuildLiteBehavior [ RunTime:0.000015s ]
INFO: [ app_init ] --END-- [ RunTime:0.000511s ]
INFO: [ app_begin ] --START--
INFO: Run Behavior\ReadHtmlCacheBehavior [ RunTime:0.000861s ]
INFO: [ app_begin ] --END-- [ RunTime:0.000914s ]
SQL: SHOW COLUMNS FROM `c_carousel` [ RunTime:0.0005s ]
SQL: SELECT * FROM `c_carousel` ORDER BY sort asc,add_time desc  [ RunTime:0.0003s ]
INFO: [ app_end ] --START--
INFO: Run Behavior\ShowPageTraceBehavior [ RunTime:0.000747s ]
INFO: [ app_end ] --END-- [ RunTime:0.000781s ]

[ 2018-03-08T18:04:53+08:00 ] 192.168.1.5 /index.php/Home/goods/getList
INFO: [ app_init ] --START--
INFO: Run Behavior\BuildLiteBehavior [ RunTime:0.000018s ]
INFO: [ app_init ] --END-- [ RunTime:0.000501s ]
INFO: [ app_begin ] --START--
INFO: Run Behavior\ReadHtmlCacheBehavior [ RunTime:0.000625s ]
INFO: [ app_begin ] --END-- [ RunTime:0.000662s ]
NOTIC: [2048] Declaration of Home\Controller\GoodsController::get() should be compatible with Think\Controller::get($name = '') D:\database\Project\working\company\cosmetics\server\app\Home\Controller\GoodsController.class.php 第 19 行.
SQL: SHOW COLUMNS FROM `c_goods` [ RunTime:0.0007s ]
SQL: SELECT * FROM `c_goods` WHERE `is_up` = 1 ORDER BY sort desc,add_time desc  [ RunTime:0.0006s ]
SQL: SELECT COUNT(*) AS tp_count FROM `c_goods` LIMIT 1   [ RunTime:0.0003s ]
INFO: [ app_end ] --START--
INFO: Run Behavior\ShowPageTraceBehavior [ RunTime:0.001066s ]
INFO: [ app_end ] --END-- [ RunTime:0.001143s ]

[ 2018-03-08T18:04:53+08:00 ] 192.168.1.5 /index.php/Home/goods/getList
INFO: [ app_init ] --START--
INFO: Run Behavior\BuildLiteBehavior [ RunTime:0.000012s ]
INFO: [ app_init ] --END-- [ RunTime:0.000468s ]
INFO: [ app_begin ] --START--
INFO: Run Behavior\ReadHtmlCacheBehavior [ RunTime:0.000621s ]
INFO: [ app_begin ] --END-- [ RunTime:0.000656s ]
NOTIC: [2048] Declaration of Home\Controller\GoodsController::get() should be compatible with Think\Controller::get($name = '') D:\database\Project\working\company\cosmetics\server\app\Home\Controller\GoodsController.class.php 第 19 行.
SQL: SHOW COLUMNS FROM `c_goods` [ RunTime:0.0006s ]
SQL: SELECT * FROM `c_goods` WHERE `is_up` = 1 ORDER BY sort desc,add_time desc  [ RunTime:0.0005s ]
SQL: SELECT COUNT(*) AS tp_count FROM `c_goods` LIMIT 1   [ RunTime:0.0002s ]
INFO: [ app_end ] --START--
INFO: Run Behavior\ShowPageTraceBehavior [ RunTime:0.000831s ]
INFO: [ app_end ] --END-- [ RunTime:0.000876s ]

[ 2018-03-08T18:04:53+08:00 ] 192.168.1.5 /index.php/Home/carousel/getList
INFO: [ app_init ] --START--
INFO: Run Behavior\BuildLiteBehavior [ RunTime:0.000011s ]
INFO: [ app_init ] --END-- [ RunTime:0.000371s ]
INFO: [ app_begin ] --START--
INFO: Run Behavior\ReadHtmlCacheBehavior [ RunTime:0.000597s ]
INFO: [ app_begin ] --END-- [ RunTime:0.000632s ]
SQL: SHOW COLUMNS FROM `c_carousel` [ RunTime:0.0006s ]
SQL: SELECT * FROM `c_carousel` ORDER BY sort asc,add_time desc  [ RunTime:0.0003s ]
INFO: [ app_end ] --START--
INFO: Run Behavior\ShowPageTraceBehavior [ RunTime:0.000726s ]
INFO: [ app_end ] --END-- [ RunTime:0.000760s ]

[ 2018-03-08T18:04:53+08:00 ] 192.168.1.5 /index.php/Home/goods/getList
INFO: [ app_init ] --START--
INFO: Run Behavior\BuildLiteBehavior [ RunTime:0.000009s ]
INFO: [ app_init ] --END-- [ RunTime:0.000342s ]
INFO: [ app_begin ] --START--
INFO: Run Behavior\ReadHtmlCacheBehavior [ RunTime:0.000562s ]
INFO: [ app_begin ] --END-- [ RunTime:0.000595s ]
NOTIC: [2048] Declaration of Home\Controller\GoodsController::get() should be compatible with Think\Controller::get($name = '') D:\database\Project\working\company\cosmetics\server\app\Home\Controller\GoodsController.class.php 第 19 行.
SQL: SHOW COLUMNS FROM `c_goods` [ RunTime:0.0005s ]
SQL: SELECT * FROM `c_goods` WHERE `is_up` = 1 ORDER BY sort desc,add_time desc  [ RunTime:0.0004s ]
SQL: SELECT COUNT(*) AS tp_count FROM `c_goods` LIMIT 1   [ RunTime:0.0002s ]
INFO: [ app_end ] --START--
INFO: Run Behavior\ShowPageTraceBehavior [ RunTime:0.000885s ]
INFO: [ app_end ] --END-- [ RunTime:0.000930s ]

[ 2018-03-08T18:04:53+08:00 ] 192.168.1.5 /index.php/Home/goods/getList
INFO: [ app_init ] --START--
INFO: Run Behavior\BuildLiteBehavior [ RunTime:0.000015s ]
INFO: [ app_init ] --END-- [ RunTime:0.000535s ]
INFO: [ app_begin ] --START--
INFO: Run Behavior\ReadHtmlCacheBehavior [ RunTime:0.000809s ]
INFO: [ app_begin ] --END-- [ RunTime:0.000860s ]
NOTIC: [2048] Declaration of Home\Controller\GoodsController::get() should be compatible with Think\Controller::get($name = '') D:\database\Project\working\company\cosmetics\server\app\Home\Controller\GoodsController.class.php 第 19 行.
SQL: SHOW COLUMNS FROM `c_goods` [ RunTime:0.0007s ]
SQL: SELECT * FROM `c_goods` WHERE `is_up` = 1 ORDER BY sort desc,add_time desc  [ RunTime:0.0006s ]
SQL: SELECT COUNT(*) AS tp_count FROM `c_goods` LIMIT 1   [ RunTime:0.0003s ]
INFO: [ app_end ] --START--
INFO: Run Behavior\ShowPageTraceBehavior [ RunTime:0.000744s ]
INFO: [ app_end ] --END-- [ RunTime:0.000784s ]

[ 2018-03-08T18:05:58+08:00 ] 192.168.1.5 /index.php/Home/class/getList
INFO: [ app_init ] --START--
INFO: Run Behavior\BuildLiteBehavior [ RunTime:0.000009s ]
INFO: [ app_init ] --END-- [ RunTime:0.000406s ]
INFO: [ app_begin ] --START--
INFO: Run Behavior\ReadHtmlCacheBehavior [ RunTime:0.000655s ]
INFO: [ app_begin ] --END-- [ RunTime:0.000687s ]
SQL: SHOW COLUMNS FROM `c_class` [ RunTime:0.0008s ]
SQL: SELECT * FROM `c_class` ORDER BY sort asc,add_time asc  [ RunTime:0.0004s ]
SQL: SELECT COUNT(*) AS tp_count FROM `c_class` LIMIT 1   [ RunTime:0.0002s ]
INFO: [ app_end ] --START--
INFO: Run Behavior\ShowPageTraceBehavior [ RunTime:0.000667s ]
INFO: [ app_end ] --END-- [ RunTime:0.000705s ]

[ 2018-03-08T18:05:58+08:00 ] 192.168.1.5 /index.php/Home/goods/getList
INFO: [ app_init ] --START--
INFO: Run Behavior\BuildLiteBehavior [ RunTime:0.000011s ]
INFO: [ app_init ] --END-- [ RunTime:0.000417s ]
INFO: [ app_begin ] --START--
INFO: Run Behavior\ReadHtmlCacheBehavior [ RunTime:0.000752s ]
INFO: [ app_begin ] --END-- [ RunTime:0.000787s ]
NOTIC: [2048] Declaration of Home\Controller\GoodsController::get() should be compatible with Think\Controller::get($name = '') D:\database\Project\working\company\cosmetics\server\app\Home\Controller\GoodsController.class.php 第 19 行.
SQL: SHOW COLUMNS FROM `c_goods` [ RunTime:0.0005s ]
SQL: SELECT * FROM `c_goods` WHERE `is_up` = 1 ORDER BY sort desc,add_time desc  [ RunTime:0.0005s ]
SQL: SELECT COUNT(*) AS tp_count FROM `c_goods` LIMIT 1   [ RunTime:0.0002s ]
INFO: [ app_end ] --START--
INFO: Run Behavior\ShowPageTraceBehavior [ RunTime:0.000837s ]
INFO: [ app_end ] --END-- [ RunTime:0.000873s ]

[ 2018-03-08T18:05:59+08:00 ] 192.168.1.5 /index.php/Home/carousel/getList
INFO: [ app_init ] --START--
INFO: Run Behavior\BuildLiteBehavior [ RunTime:0.000010s ]
INFO: [ app_init ] --END-- [ RunTime:0.000381s ]
INFO: [ app_begin ] --START--
INFO: Run Behavior\ReadHtmlCacheBehavior [ RunTime:0.000753s ]
INFO: [ app_begin ] --END-- [ RunTime:0.000788s ]
SQL: SHOW COLUMNS FROM `c_carousel` [ RunTime:0.0008s ]
SQL: SELECT * FROM `c_carousel` ORDER BY sort asc,add_time desc  [ RunTime:0.0004s ]
INFO: [ app_end ] --START--
INFO: Run Behavior\ShowPageTraceBehavior [ RunTime:0.001035s ]
INFO: [ app_end ] --END-- [ RunTime:0.001087s ]

[ 2018-03-08T18:05:59+08:00 ] 192.168.1.5 /index.php/Home/goods/getList
INFO: [ app_init ] --START--
INFO: Run Behavior\BuildLiteBehavior [ RunTime:0.000010s ]
INFO: [ app_init ] --END-- [ RunTime:0.000331s ]
INFO: [ app_begin ] --START--
INFO: Run Behavior\ReadHtmlCacheBehavior [ RunTime:0.000727s ]
INFO: [ app_begin ] --END-- [ RunTime:0.000762s ]
NOTIC: [2048] Declaration of Home\Controller\GoodsController::get() should be compatible with Think\Controller::get($name = '') D:\database\Project\working\company\cosmetics\server\app\Home\Controller\GoodsController.class.php 第 19 行.
SQL: SHOW COLUMNS FROM `c_goods` [ RunTime:0.0006s ]
SQL: SELECT * FROM `c_goods` WHERE `is_up` = 1 ORDER BY sort desc,add_time desc  [ RunTime:0.0005s ]
SQL: SELECT COUNT(*) AS tp_count FROM `c_goods` LIMIT 1   [ RunTime:0.0002s ]
INFO: [ app_end ] --START--
INFO: Run Behavior\ShowPageTraceBehavior [ RunTime:0.000751s ]
INFO: [ app_end ] --END-- [ RunTime:0.000789s ]

[ 2018-03-08T18:05:59+08:00 ] 192.168.1.5 /index.php/Home/goods/getList
INFO: [ app_init ] --START--
INFO: Run Behavior\BuildLiteBehavior [ RunTime:0.000015s ]
INFO: [ app_init ] --END-- [ RunTime:0.000476s ]
INFO: [ app_begin ] --START--
INFO: Run Behavior\ReadHtmlCacheBehavior [ RunTime:0.000766s ]
INFO: [ app_begin ] --END-- [ RunTime:0.000825s ]
NOTIC: [2048] Declaration of Home\Controller\GoodsController::get() should be compatible with Think\Controller::get($name = '') D:\database\Project\working\company\cosmetics\server\app\Home\Controller\GoodsController.class.php 第 19 行.
SQL: SHOW COLUMNS FROM `c_goods` [ RunTime:0.0005s ]
SQL: SELECT * FROM `c_goods` WHERE `is_up` = 1 ORDER BY sort desc,add_time desc  [ RunTime:0.0004s ]
SQL: SELECT COUNT(*) AS tp_count FROM `c_goods` LIMIT 1   [ RunTime:0.0001s ]
INFO: [ app_end ] --START--
INFO: Run Behavior\ShowPageTraceBehavior [ RunTime:0.000603s ]
INFO: [ app_end ] --END-- [ RunTime:0.000640s ]

[ 2018-03-08T18:05:59+08:00 ] 192.168.1.5 /index.php/Home/carousel/getList
INFO: [ app_init ] --START--
INFO: Run Behavior\BuildLiteBehavior [ RunTime:0.000015s ]
INFO: [ app_init ] --END-- [ RunTime:0.000486s ]
INFO: [ app_begin ] --START--
INFO: Run Behavior\ReadHtmlCacheBehavior [ RunTime:0.000776s ]
INFO: [ app_begin ] --END-- [ RunTime:0.000840s ]
SQL: SHOW COLUMNS FROM `c_carousel` [ RunTime:0.0005s ]
SQL: SELECT * FROM `c_carousel` ORDER BY sort asc,add_time desc  [ RunTime:0.0003s ]
INFO: [ app_end ] --START--
INFO: Run Behavior\ShowPageTraceBehavior [ RunTime:0.000666s ]
INFO: [ app_end ] --END-- [ RunTime:0.000702s ]

[ 2018-03-08T18:05:59+08:00 ] 192.168.1.5 /index.php/Home/goods/getList
INFO: [ app_init ] --START--
INFO: Run Behavior\BuildLiteBehavior [ RunTime:0.000015s ]
INFO: [ app_init ] --END-- [ RunTime:0.000553s ]
INFO: [ app_begin ] --START--
INFO: Run Behavior\ReadHtmlCacheBehavior [ RunTime:0.000911s ]
INFO: [ app_begin ] --END-- [ RunTime:0.000969s ]
NOTIC: [2048] Declaration of Home\Controller\GoodsController::get() should be compatible with Think\Controller::get($name = '') D:\database\Project\working\company\cosmetics\server\app\Home\Controller\GoodsController.class.php 第 19 行.
SQL: SHOW COLUMNS FROM `c_goods` [ RunTime:0.0005s ]
SQL: SELECT * FROM `c_goods` WHERE `is_up` = 1 ORDER BY sort desc,add_time desc  [ RunTime:0.0004s ]
SQL: SELECT COUNT(*) AS tp_count FROM `c_goods` LIMIT 1   [ RunTime:0.0001s ]
INFO: [ app_end ] --START--
INFO: Run Behavior\ShowPageTraceBehavior [ RunTime:0.000757s ]
INFO: [ app_end ] --END-- [ RunTime:0.000793s ]

[ 2018-03-08T18:05:59+08:00 ] 192.168.1.5 /index.php/Home/goods/getList
INFO: [ app_init ] --START--
INFO: Run Behavior\BuildLiteBehavior [ RunTime:0.000015s ]
INFO: [ app_init ] --END-- [ RunTime:0.000598s ]
INFO: [ app_begin ] --START--
INFO: Run Behavior\ReadHtmlCacheBehavior [ RunTime:0.000884s ]
INFO: [ app_begin ] --END-- [ RunTime:0.000944s ]
NOTIC: [2048] Declaration of Home\Controller\GoodsController::get() should be compatible with Think\Controller::get($name = '') D:\database\Project\working\company\cosmetics\server\app\Home\Controller\GoodsController.class.php 第 19 行.
SQL: SHOW COLUMNS FROM `c_goods` [ RunTime:0.0005s ]
SQL: SELECT * FROM `c_goods` WHERE `is_up` = 1 ORDER BY sort desc,add_time desc  [ RunTime:0.0005s ]
SQL: SELECT COUNT(*) AS tp_count FROM `c_goods` LIMIT 1   [ RunTime:0.0002s ]
INFO: [ app_end ] --START--
INFO: Run Behavior\ShowPageTraceBehavior [ RunTime:0.000817s ]
INFO: [ app_end ] --END-- [ RunTime:0.000862s ]

