[ 2018-02-25T13:04:24+08:00 ] 127.0.0.1 /index.php/
INFO: [ app_init ] --START--
INFO: Run Behavior\BuildLiteBehavior [ RunTime:0.000019s ]
INFO: [ app_init ] --END-- [ RunTime:0.000641s ]
INFO: [ app_begin ] --START--
INFO: Run Behavior\ReadHtmlCacheBehavior [ RunTime:0.001297s ]
INFO: [ app_begin ] --END-- [ RunTime:0.001422s ]
NOTIC: [2048] Declaration of Home\Controller\IndexController::get() should be compatible with Think\Controller::get($name = '') D:\database\Project\working\company\cosmetics\server\app\Home\Controller\IndexController.class.php 第 130 行.
NOTIC: [2] Missing argument 1 for F(), called in D:\database\Project\working\company\cosmetics\server\app\Home\Controller\IndexController.class.php on line 10 and defined D:\database\Project\working\company\cosmetics\server\ThinkPHP\Common\functions.php 第 1125 行.
NOTIC: [8] Undefined variable: name D:\database\Project\working\company\cosmetics\server\ThinkPHP\Common\functions.php 第 1127 行.
NOTIC: [8] Undefined variable: name D:\database\Project\working\company\cosmetics\server\ThinkPHP\Common\functions.php 第 1145 行.
INFO: [ app_end ] --START--
INFO: Run Behavior\ShowPageTraceBehavior [ RunTime:0.000758s ]
INFO: [ app_end ] --END-- [ RunTime:0.000810s ]

[ 2018-02-25T13:04:26+08:00 ] 127.0.0.1 /index.php/
INFO: [ app_init ] --START--
INFO: Run Behavior\BuildLiteBehavior [ RunTime:0.000010s ]
INFO: [ app_init ] --END-- [ RunTime:0.000310s ]
INFO: [ app_begin ] --START--
INFO: Run Behavior\ReadHtmlCacheBehavior [ RunTime:0.000453s ]
INFO: [ app_begin ] --END-- [ RunTime:0.000486s ]
NOTIC: [2048] Declaration of Home\Controller\IndexController::get() should be compatible with Think\Controller::get($name = '') D:\database\Project\working\company\cosmetics\server\app\Home\Controller\IndexController.class.php 第 130 行.
NOTIC: [2] Missing argument 1 for F(), called in D:\database\Project\working\company\cosmetics\server\app\Home\Controller\IndexController.class.php on line 10 and defined D:\database\Project\working\company\cosmetics\server\ThinkPHP\Common\functions.php 第 1125 行.
NOTIC: [8] Undefined variable: name D:\database\Project\working\company\cosmetics\server\ThinkPHP\Common\functions.php 第 1127 行.
NOTIC: [8] Undefined variable: name D:\database\Project\working\company\cosmetics\server\ThinkPHP\Common\functions.php 第 1145 行.
INFO: [ app_end ] --START--
INFO: Run Behavior\ShowPageTraceBehavior [ RunTime:0.000567s ]
INFO: [ app_end ] --END-- [ RunTime:0.000602s ]

[ 2018-02-25T13:07:44+08:00 ] 127.0.0.1 /index.php/
INFO: [ app_init ] --START--
INFO: Run Behavior\BuildLiteBehavior [ RunTime:0.000015s ]
INFO: [ app_init ] --END-- [ RunTime:0.000710s ]
INFO: [ app_begin ] --START--
INFO: Run Behavior\ReadHtmlCacheBehavior [ RunTime:0.000927s ]
INFO: [ app_begin ] --END-- [ RunTime:0.001003s ]
NOTIC: [2048] Declaration of Home\Controller\IndexController::get() should be compatible with Think\Controller::get($name = '') D:\database\Project\working\company\cosmetics\server\app\Home\Controller\IndexController.class.php 第 130 行.
NOTIC: [2] Missing argument 1 for F(), called in D:\database\Project\working\company\cosmetics\server\app\Home\Controller\IndexController.class.php on line 10 and defined D:\database\Project\working\company\cosmetics\server\ThinkPHP\Common\functions.php 第 1125 行.
NOTIC: [8] Undefined variable: name D:\database\Project\working\company\cosmetics\server\ThinkPHP\Common\functions.php 第 1127 行.
NOTIC: [8] Undefined variable: name D:\database\Project\working\company\cosmetics\server\ThinkPHP\Common\functions.php 第 1145 行.
INFO: [ app_end ] --START--
INFO: Run Behavior\ShowPageTraceBehavior [ RunTime:0.000956s ]
INFO: [ app_end ] --END-- [ RunTime:0.001022s ]

[ 2018-02-25T13:07:45+08:00 ] 127.0.0.1 /index.php/
INFO: [ app_init ] --START--
INFO: Run Behavior\BuildLiteBehavior [ RunTime:0.000009s ]
INFO: [ app_init ] --END-- [ RunTime:0.000310s ]
INFO: [ app_begin ] --START--
INFO: Run Behavior\ReadHtmlCacheBehavior [ RunTime:0.000593s ]
INFO: [ app_begin ] --END-- [ RunTime:0.000638s ]
NOTIC: [2048] Declaration of Home\Controller\IndexController::get() should be compatible with Think\Controller::get($name = '') D:\database\Project\working\company\cosmetics\server\app\Home\Controller\IndexController.class.php 第 130 行.
NOTIC: [2] Missing argument 1 for F(), called in D:\database\Project\working\company\cosmetics\server\app\Home\Controller\IndexController.class.php on line 10 and defined D:\database\Project\working\company\cosmetics\server\ThinkPHP\Common\functions.php 第 1125 行.
NOTIC: [8] Undefined variable: name D:\database\Project\working\company\cosmetics\server\ThinkPHP\Common\functions.php 第 1127 行.
NOTIC: [8] Undefined variable: name D:\database\Project\working\company\cosmetics\server\ThinkPHP\Common\functions.php 第 1145 行.
INFO: [ app_end ] --START--
INFO: Run Behavior\ShowPageTraceBehavior [ RunTime:0.000586s ]
INFO: [ app_end ] --END-- [ RunTime:0.000625s ]

[ 2018-02-25T13:07:46+08:00 ] 127.0.0.1 /index.php/
INFO: [ app_init ] --START--
INFO: Run Behavior\BuildLiteBehavior [ RunTime:0.000026s ]
INFO: [ app_init ] --END-- [ RunTime:0.000582s ]
INFO: [ app_begin ] --START--
INFO: Run Behavior\ReadHtmlCacheBehavior [ RunTime:0.000509s ]
INFO: [ app_begin ] --END-- [ RunTime:0.000545s ]
NOTIC: [2048] Declaration of Home\Controller\IndexController::get() should be compatible with Think\Controller::get($name = '') D:\database\Project\working\company\cosmetics\server\app\Home\Controller\IndexController.class.php 第 130 行.
NOTIC: [2] Missing argument 1 for F(), called in D:\database\Project\working\company\cosmetics\server\app\Home\Controller\IndexController.class.php on line 10 and defined D:\database\Project\working\company\cosmetics\server\ThinkPHP\Common\functions.php 第 1125 行.
NOTIC: [8] Undefined variable: name D:\database\Project\working\company\cosmetics\server\ThinkPHP\Common\functions.php 第 1127 行.
NOTIC: [8] Undefined variable: name D:\database\Project\working\company\cosmetics\server\ThinkPHP\Common\functions.php 第 1145 行.
INFO: [ app_end ] --START--
INFO: Run Behavior\ShowPageTraceBehavior [ RunTime:0.000588s ]
INFO: [ app_end ] --END-- [ RunTime:0.000633s ]

[ 2018-02-25T13:07:46+08:00 ] 127.0.0.1 /index.php/
INFO: [ app_init ] --START--
INFO: Run Behavior\BuildLiteBehavior [ RunTime:0.000014s ]
INFO: [ app_init ] --END-- [ RunTime:0.000544s ]
INFO: [ app_begin ] --START--
INFO: Run Behavior\ReadHtmlCacheBehavior [ RunTime:0.000495s ]
INFO: [ app_begin ] --END-- [ RunTime:0.000534s ]
NOTIC: [2048] Declaration of Home\Controller\IndexController::get() should be compatible with Think\Controller::get($name = '') D:\database\Project\working\company\cosmetics\server\app\Home\Controller\IndexController.class.php 第 130 行.
NOTIC: [2] Missing argument 1 for F(), called in D:\database\Project\working\company\cosmetics\server\app\Home\Controller\IndexController.class.php on line 10 and defined D:\database\Project\working\company\cosmetics\server\ThinkPHP\Common\functions.php 第 1125 行.
NOTIC: [8] Undefined variable: name D:\database\Project\working\company\cosmetics\server\ThinkPHP\Common\functions.php 第 1127 行.
NOTIC: [8] Undefined variable: name D:\database\Project\working\company\cosmetics\server\ThinkPHP\Common\functions.php 第 1145 行.
INFO: [ app_end ] --START--
INFO: Run Behavior\ShowPageTraceBehavior [ RunTime:0.000610s ]
INFO: [ app_end ] --END-- [ RunTime:0.000647s ]

[ 2018-02-25T13:07:49+08:00 ] 127.0.0.1 /index.php/
INFO: [ app_init ] --START--
INFO: Run Behavior\BuildLiteBehavior [ RunTime:0.000011s ]
INFO: [ app_init ] --END-- [ RunTime:0.000335s ]
INFO: [ app_begin ] --START--
INFO: Run Behavior\ReadHtmlCacheBehavior [ RunTime:0.000452s ]
INFO: [ app_begin ] --END-- [ RunTime:0.000491s ]
NOTIC: [2048] Declaration of Home\Controller\IndexController::get() should be compatible with Think\Controller::get($name = '') D:\database\Project\working\company\cosmetics\server\app\Home\Controller\IndexController.class.php 第 130 行.
NOTIC: [2] Missing argument 1 for F(), called in D:\database\Project\working\company\cosmetics\server\app\Home\Controller\IndexController.class.php on line 10 and defined D:\database\Project\working\company\cosmetics\server\ThinkPHP\Common\functions.php 第 1125 行.
NOTIC: [8] Undefined variable: name D:\database\Project\working\company\cosmetics\server\ThinkPHP\Common\functions.php 第 1127 行.
NOTIC: [8] Undefined variable: name D:\database\Project\working\company\cosmetics\server\ThinkPHP\Common\functions.php 第 1145 行.
INFO: [ app_end ] --START--
INFO: Run Behavior\ShowPageTraceBehavior [ RunTime:0.000594s ]
INFO: [ app_end ] --END-- [ RunTime:0.000641s ]

[ 2018-02-25T13:07:49+08:00 ] 127.0.0.1 /index.php/
INFO: [ app_init ] --START--
INFO: Run Behavior\BuildLiteBehavior [ RunTime:0.000017s ]
INFO: [ app_init ] --END-- [ RunTime:0.000436s ]
INFO: [ app_begin ] --START--
INFO: Run Behavior\ReadHtmlCacheBehavior [ RunTime:0.000516s ]
INFO: [ app_begin ] --END-- [ RunTime:0.000559s ]
NOTIC: [2048] Declaration of Home\Controller\IndexController::get() should be compatible with Think\Controller::get($name = '') D:\database\Project\working\company\cosmetics\server\app\Home\Controller\IndexController.class.php 第 130 行.
NOTIC: [2] Missing argument 1 for F(), called in D:\database\Project\working\company\cosmetics\server\app\Home\Controller\IndexController.class.php on line 10 and defined D:\database\Project\working\company\cosmetics\server\ThinkPHP\Common\functions.php 第 1125 行.
NOTIC: [8] Undefined variable: name D:\database\Project\working\company\cosmetics\server\ThinkPHP\Common\functions.php 第 1127 行.
NOTIC: [8] Undefined variable: name D:\database\Project\working\company\cosmetics\server\ThinkPHP\Common\functions.php 第 1145 行.
INFO: [ app_end ] --START--
INFO: Run Behavior\ShowPageTraceBehavior [ RunTime:0.000752s ]
INFO: [ app_end ] --END-- [ RunTime:0.000798s ]

[ 2018-02-25T13:07:49+08:00 ] 127.0.0.1 /index.php/
INFO: [ app_init ] --START--
INFO: Run Behavior\BuildLiteBehavior [ RunTime:0.000010s ]
INFO: [ app_init ] --END-- [ RunTime:0.000317s ]
INFO: [ app_begin ] --START--
INFO: Run Behavior\ReadHtmlCacheBehavior [ RunTime:0.000463s ]
INFO: [ app_begin ] --END-- [ RunTime:0.000499s ]
NOTIC: [2048] Declaration of Home\Controller\IndexController::get() should be compatible with Think\Controller::get($name = '') D:\database\Project\working\company\cosmetics\server\app\Home\Controller\IndexController.class.php 第 130 行.
NOTIC: [2] Missing argument 1 for F(), called in D:\database\Project\working\company\cosmetics\server\app\Home\Controller\IndexController.class.php on line 10 and defined D:\database\Project\working\company\cosmetics\server\ThinkPHP\Common\functions.php 第 1125 行.
NOTIC: [8] Undefined variable: name D:\database\Project\working\company\cosmetics\server\ThinkPHP\Common\functions.php 第 1127 行.
NOTIC: [8] Undefined variable: name D:\database\Project\working\company\cosmetics\server\ThinkPHP\Common\functions.php 第 1145 行.
INFO: [ app_end ] --START--
INFO: Run Behavior\ShowPageTraceBehavior [ RunTime:0.000579s ]
INFO: [ app_end ] --END-- [ RunTime:0.000621s ]

[ 2018-02-25T13:07:49+08:00 ] 127.0.0.1 /index.php/
INFO: [ app_init ] --START--
INFO: Run Behavior\BuildLiteBehavior [ RunTime:0.000012s ]
INFO: [ app_init ] --END-- [ RunTime:0.000409s ]
INFO: [ app_begin ] --START--
INFO: Run Behavior\ReadHtmlCacheBehavior [ RunTime:0.000461s ]
INFO: [ app_begin ] --END-- [ RunTime:0.000495s ]
NOTIC: [2048] Declaration of Home\Controller\IndexController::get() should be compatible with Think\Controller::get($name = '') D:\database\Project\working\company\cosmetics\server\app\Home\Controller\IndexController.class.php 第 130 行.
NOTIC: [2] Missing argument 1 for F(), called in D:\database\Project\working\company\cosmetics\server\app\Home\Controller\IndexController.class.php on line 10 and defined D:\database\Project\working\company\cosmetics\server\ThinkPHP\Common\functions.php 第 1125 行.
NOTIC: [8] Undefined variable: name D:\database\Project\working\company\cosmetics\server\ThinkPHP\Common\functions.php 第 1127 行.
NOTIC: [8] Undefined variable: name D:\database\Project\working\company\cosmetics\server\ThinkPHP\Common\functions.php 第 1145 行.
INFO: [ app_end ] --START--
INFO: Run Behavior\ShowPageTraceBehavior [ RunTime:0.000577s ]
INFO: [ app_end ] --END-- [ RunTime:0.000614s ]

[ 2018-02-25T13:07:49+08:00 ] 127.0.0.1 /index.php/
INFO: [ app_init ] --START--
INFO: Run Behavior\BuildLiteBehavior [ RunTime:0.000010s ]
INFO: [ app_init ] --END-- [ RunTime:0.000329s ]
INFO: [ app_begin ] --START--
INFO: Run Behavior\ReadHtmlCacheBehavior [ RunTime:0.000464s ]
INFO: [ app_begin ] --END-- [ RunTime:0.000499s ]
NOTIC: [2048] Declaration of Home\Controller\IndexController::get() should be compatible with Think\Controller::get($name = '') D:\database\Project\working\company\cosmetics\server\app\Home\Controller\IndexController.class.php 第 130 行.
NOTIC: [2] Missing argument 1 for F(), called in D:\database\Project\working\company\cosmetics\server\app\Home\Controller\IndexController.class.php on line 10 and defined D:\database\Project\working\company\cosmetics\server\ThinkPHP\Common\functions.php 第 1125 行.
NOTIC: [8] Undefined variable: name D:\database\Project\working\company\cosmetics\server\ThinkPHP\Common\functions.php 第 1127 行.
NOTIC: [8] Undefined variable: name D:\database\Project\working\company\cosmetics\server\ThinkPHP\Common\functions.php 第 1145 行.
INFO: [ app_end ] --START--
INFO: Run Behavior\ShowPageTraceBehavior [ RunTime:0.000565s ]
INFO: [ app_end ] --END-- [ RunTime:0.000609s ]

[ 2018-02-25T13:07:50+08:00 ] 127.0.0.1 /index.php/
INFO: [ app_init ] --START--
INFO: Run Behavior\BuildLiteBehavior [ RunTime:0.000010s ]
INFO: [ app_init ] --END-- [ RunTime:0.000330s ]
INFO: [ app_begin ] --START--
INFO: Run Behavior\ReadHtmlCacheBehavior [ RunTime:0.000454s ]
INFO: [ app_begin ] --END-- [ RunTime:0.000489s ]
NOTIC: [2048] Declaration of Home\Controller\IndexController::get() should be compatible with Think\Controller::get($name = '') D:\database\Project\working\company\cosmetics\server\app\Home\Controller\IndexController.class.php 第 130 行.
NOTIC: [2] Missing argument 1 for F(), called in D:\database\Project\working\company\cosmetics\server\app\Home\Controller\IndexController.class.php on line 10 and defined D:\database\Project\working\company\cosmetics\server\ThinkPHP\Common\functions.php 第 1125 行.
NOTIC: [8] Undefined variable: name D:\database\Project\working\company\cosmetics\server\ThinkPHP\Common\functions.php 第 1127 行.
NOTIC: [8] Undefined variable: name D:\database\Project\working\company\cosmetics\server\ThinkPHP\Common\functions.php 第 1145 行.
INFO: [ app_end ] --START--
INFO: Run Behavior\ShowPageTraceBehavior [ RunTime:0.000729s ]
INFO: [ app_end ] --END-- [ RunTime:0.000772s ]

[ 2018-02-25T13:07:50+08:00 ] 127.0.0.1 /index.php/
INFO: [ app_init ] --START--
INFO: Run Behavior\BuildLiteBehavior [ RunTime:0.000010s ]
INFO: [ app_init ] --END-- [ RunTime:0.000327s ]
INFO: [ app_begin ] --START--
INFO: Run Behavior\ReadHtmlCacheBehavior [ RunTime:0.000466s ]
INFO: [ app_begin ] --END-- [ RunTime:0.000501s ]
NOTIC: [2048] Declaration of Home\Controller\IndexController::get() should be compatible with Think\Controller::get($name = '') D:\database\Project\working\company\cosmetics\server\app\Home\Controller\IndexController.class.php 第 130 行.
NOTIC: [2] Missing argument 1 for F(), called in D:\database\Project\working\company\cosmetics\server\app\Home\Controller\IndexController.class.php on line 10 and defined D:\database\Project\working\company\cosmetics\server\ThinkPHP\Common\functions.php 第 1125 行.
NOTIC: [8] Undefined variable: name D:\database\Project\working\company\cosmetics\server\ThinkPHP\Common\functions.php 第 1127 行.
NOTIC: [8] Undefined variable: name D:\database\Project\working\company\cosmetics\server\ThinkPHP\Common\functions.php 第 1145 行.
INFO: [ app_end ] --START--
INFO: Run Behavior\ShowPageTraceBehavior [ RunTime:0.000563s ]
INFO: [ app_end ] --END-- [ RunTime:0.000597s ]

[ 2018-02-25T13:07:52+08:00 ] 127.0.0.1 /index.php/
INFO: [ app_init ] --START--
INFO: Run Behavior\BuildLiteBehavior [ RunTime:0.000011s ]
INFO: [ app_init ] --END-- [ RunTime:0.000456s ]
INFO: [ app_begin ] --START--
INFO: Run Behavior\ReadHtmlCacheBehavior [ RunTime:0.000778s ]
INFO: [ app_begin ] --END-- [ RunTime:0.000904s ]
NOTIC: [2048] Declaration of Home\Controller\IndexController::get() should be compatible with Think\Controller::get($name = '') D:\database\Project\working\company\cosmetics\server\app\Home\Controller\IndexController.class.php 第 130 行.
NOTIC: [2] Missing argument 1 for F(), called in D:\database\Project\working\company\cosmetics\server\app\Home\Controller\IndexController.class.php on line 10 and defined D:\database\Project\working\company\cosmetics\server\ThinkPHP\Common\functions.php 第 1125 行.
NOTIC: [8] Undefined variable: name D:\database\Project\working\company\cosmetics\server\ThinkPHP\Common\functions.php 第 1127 行.
NOTIC: [8] Undefined variable: name D:\database\Project\working\company\cosmetics\server\ThinkPHP\Common\functions.php 第 1145 行.
INFO: [ app_end ] --START--
INFO: Run Behavior\ShowPageTraceBehavior [ RunTime:0.000583s ]
INFO: [ app_end ] --END-- [ RunTime:0.000620s ]

[ 2018-02-25T13:07:53+08:00 ] 127.0.0.1 /index.php/
INFO: [ app_init ] --START--
INFO: Run Behavior\BuildLiteBehavior [ RunTime:0.000011s ]
INFO: [ app_init ] --END-- [ RunTime:0.000359s ]
INFO: [ app_begin ] --START--
INFO: Run Behavior\ReadHtmlCacheBehavior [ RunTime:0.000468s ]
INFO: [ app_begin ] --END-- [ RunTime:0.000504s ]
NOTIC: [2048] Declaration of Home\Controller\IndexController::get() should be compatible with Think\Controller::get($name = '') D:\database\Project\working\company\cosmetics\server\app\Home\Controller\IndexController.class.php 第 130 行.
NOTIC: [2] Missing argument 1 for F(), called in D:\database\Project\working\company\cosmetics\server\app\Home\Controller\IndexController.class.php on line 10 and defined D:\database\Project\working\company\cosmetics\server\ThinkPHP\Common\functions.php 第 1125 行.
NOTIC: [8] Undefined variable: name D:\database\Project\working\company\cosmetics\server\ThinkPHP\Common\functions.php 第 1127 行.
NOTIC: [8] Undefined variable: name D:\database\Project\working\company\cosmetics\server\ThinkPHP\Common\functions.php 第 1145 行.
INFO: [ app_end ] --START--
INFO: Run Behavior\ShowPageTraceBehavior [ RunTime:0.000582s ]
INFO: [ app_end ] --END-- [ RunTime:0.000619s ]

[ 2018-02-25T13:07:53+08:00 ] 127.0.0.1 /index.php/
INFO: [ app_init ] --START--
INFO: Run Behavior\BuildLiteBehavior [ RunTime:0.000019s ]
INFO: [ app_init ] --END-- [ RunTime:0.000535s ]
INFO: [ app_begin ] --START--
INFO: Run Behavior\ReadHtmlCacheBehavior [ RunTime:0.000514s ]
INFO: [ app_begin ] --END-- [ RunTime:0.000564s ]
NOTIC: [2048] Declaration of Home\Controller\IndexController::get() should be compatible with Think\Controller::get($name = '') D:\database\Project\working\company\cosmetics\server\app\Home\Controller\IndexController.class.php 第 130 行.
NOTIC: [2] Missing argument 1 for F(), called in D:\database\Project\working\company\cosmetics\server\app\Home\Controller\IndexController.class.php on line 10 and defined D:\database\Project\working\company\cosmetics\server\ThinkPHP\Common\functions.php 第 1125 行.
NOTIC: [8] Undefined variable: name D:\database\Project\working\company\cosmetics\server\ThinkPHP\Common\functions.php 第 1127 行.
NOTIC: [8] Undefined variable: name D:\database\Project\working\company\cosmetics\server\ThinkPHP\Common\functions.php 第 1145 行.
INFO: [ app_end ] --START--
INFO: Run Behavior\ShowPageTraceBehavior [ RunTime:0.000568s ]
INFO: [ app_end ] --END-- [ RunTime:0.000606s ]

[ 2018-02-25T13:07:53+08:00 ] 127.0.0.1 /index.php/
INFO: [ app_init ] --START--
INFO: Run Behavior\BuildLiteBehavior [ RunTime:0.000016s ]
INFO: [ app_init ] --END-- [ RunTime:0.000353s ]
INFO: [ app_begin ] --START--
INFO: Run Behavior\ReadHtmlCacheBehavior [ RunTime:0.000448s ]
INFO: [ app_begin ] --END-- [ RunTime:0.000482s ]
NOTIC: [2048] Declaration of Home\Controller\IndexController::get() should be compatible with Think\Controller::get($name = '') D:\database\Project\working\company\cosmetics\server\app\Home\Controller\IndexController.class.php 第 130 行.
NOTIC: [2] Missing argument 1 for F(), called in D:\database\Project\working\company\cosmetics\server\app\Home\Controller\IndexController.class.php on line 10 and defined D:\database\Project\working\company\cosmetics\server\ThinkPHP\Common\functions.php 第 1125 行.
NOTIC: [8] Undefined variable: name D:\database\Project\working\company\cosmetics\server\ThinkPHP\Common\functions.php 第 1127 行.
NOTIC: [8] Undefined variable: name D:\database\Project\working\company\cosmetics\server\ThinkPHP\Common\functions.php 第 1145 行.
INFO: [ app_end ] --START--
INFO: Run Behavior\ShowPageTraceBehavior [ RunTime:0.000562s ]
INFO: [ app_end ] --END-- [ RunTime:0.000596s ]

[ 2018-02-25T13:07:53+08:00 ] 127.0.0.1 /index.php/
INFO: [ app_init ] --START--
INFO: Run Behavior\BuildLiteBehavior [ RunTime:0.000014s ]
INFO: [ app_init ] --END-- [ RunTime:0.000425s ]
INFO: [ app_begin ] --START--
INFO: Run Behavior\ReadHtmlCacheBehavior [ RunTime:0.000609s ]
INFO: [ app_begin ] --END-- [ RunTime:0.000657s ]
NOTIC: [2048] Declaration of Home\Controller\IndexController::get() should be compatible with Think\Controller::get($name = '') D:\database\Project\working\company\cosmetics\server\app\Home\Controller\IndexController.class.php 第 130 行.
NOTIC: [2] Missing argument 1 for F(), called in D:\database\Project\working\company\cosmetics\server\app\Home\Controller\IndexController.class.php on line 10 and defined D:\database\Project\working\company\cosmetics\server\ThinkPHP\Common\functions.php 第 1125 行.
NOTIC: [8] Undefined variable: name D:\database\Project\working\company\cosmetics\server\ThinkPHP\Common\functions.php 第 1127 行.
NOTIC: [8] Undefined variable: name D:\database\Project\working\company\cosmetics\server\ThinkPHP\Common\functions.php 第 1145 行.
INFO: [ app_end ] --START--
INFO: Run Behavior\ShowPageTraceBehavior [ RunTime:0.000746s ]
INFO: [ app_end ] --END-- [ RunTime:0.000794s ]

[ 2018-02-25T13:07:57+08:00 ] 127.0.0.1 /index.php/
INFO: [ app_init ] --START--
INFO: Run Behavior\BuildLiteBehavior [ RunTime:0.000027s ]
INFO: [ app_init ] --END-- [ RunTime:0.000680s ]
INFO: [ app_begin ] --START--
INFO: Run Behavior\ReadHtmlCacheBehavior [ RunTime:0.000911s ]
INFO: [ app_begin ] --END-- [ RunTime:0.001057s ]
NOTIC: [2048] Declaration of Home\Controller\IndexController::get() should be compatible with Think\Controller::get($name = '') D:\database\Project\working\company\cosmetics\server\app\Home\Controller\IndexController.class.php 第 130 行.
NOTIC: [2] Missing argument 1 for F(), called in D:\database\Project\working\company\cosmetics\server\app\Home\Controller\IndexController.class.php on line 10 and defined D:\database\Project\working\company\cosmetics\server\ThinkPHP\Common\functions.php 第 1125 行.
NOTIC: [8] Undefined variable: name D:\database\Project\working\company\cosmetics\server\ThinkPHP\Common\functions.php 第 1127 行.
NOTIC: [8] Undefined variable: name D:\database\Project\working\company\cosmetics\server\ThinkPHP\Common\functions.php 第 1145 行.
INFO: [ app_end ] --START--
INFO: Run Behavior\ShowPageTraceBehavior [ RunTime:0.000763s ]
INFO: [ app_end ] --END-- [ RunTime:0.000823s ]

[ 2018-02-25T13:07:57+08:00 ] 127.0.0.1 /index.php/
INFO: [ app_init ] --START--
INFO: Run Behavior\BuildLiteBehavior [ RunTime:0.000009s ]
INFO: [ app_init ] --END-- [ RunTime:0.000330s ]
INFO: [ app_begin ] --START--
INFO: Run Behavior\ReadHtmlCacheBehavior [ RunTime:0.000447s ]
INFO: [ app_begin ] --END-- [ RunTime:0.000481s ]
NOTIC: [2048] Declaration of Home\Controller\IndexController::get() should be compatible with Think\Controller::get($name = '') D:\database\Project\working\company\cosmetics\server\app\Home\Controller\IndexController.class.php 第 130 行.
NOTIC: [2] Missing argument 1 for F(), called in D:\database\Project\working\company\cosmetics\server\app\Home\Controller\IndexController.class.php on line 10 and defined D:\database\Project\working\company\cosmetics\server\ThinkPHP\Common\functions.php 第 1125 行.
NOTIC: [8] Undefined variable: name D:\database\Project\working\company\cosmetics\server\ThinkPHP\Common\functions.php 第 1127 行.
NOTIC: [8] Undefined variable: name D:\database\Project\working\company\cosmetics\server\ThinkPHP\Common\functions.php 第 1145 行.
INFO: [ app_end ] --START--
INFO: Run Behavior\ShowPageTraceBehavior [ RunTime:0.000565s ]
INFO: [ app_end ] --END-- [ RunTime:0.000605s ]

[ 2018-02-25T13:07:58+08:00 ] 127.0.0.1 /index.php/
INFO: [ app_init ] --START--
INFO: Run Behavior\BuildLiteBehavior [ RunTime:0.000015s ]
INFO: [ app_init ] --END-- [ RunTime:0.000496s ]
INFO: [ app_begin ] --START--
INFO: Run Behavior\ReadHtmlCacheBehavior [ RunTime:0.000666s ]
INFO: [ app_begin ] --END-- [ RunTime:0.000733s ]
NOTIC: [2048] Declaration of Home\Controller\IndexController::get() should be compatible with Think\Controller::get($name = '') D:\database\Project\working\company\cosmetics\server\app\Home\Controller\IndexController.class.php 第 130 行.
NOTIC: [2] Missing argument 1 for F(), called in D:\database\Project\working\company\cosmetics\server\app\Home\Controller\IndexController.class.php on line 10 and defined D:\database\Project\working\company\cosmetics\server\ThinkPHP\Common\functions.php 第 1125 行.
NOTIC: [8] Undefined variable: name D:\database\Project\working\company\cosmetics\server\ThinkPHP\Common\functions.php 第 1127 行.
NOTIC: [8] Undefined variable: name D:\database\Project\working\company\cosmetics\server\ThinkPHP\Common\functions.php 第 1145 行.
INFO: [ app_end ] --START--
INFO: Run Behavior\ShowPageTraceBehavior [ RunTime:0.000701s ]
INFO: [ app_end ] --END-- [ RunTime:0.000746s ]

[ 2018-02-25T13:08:20+08:00 ] 127.0.0.1 /index.php/
INFO: [ app_init ] --START--
INFO: Run Behavior\BuildLiteBehavior [ RunTime:0.000011s ]
INFO: [ app_init ] --END-- [ RunTime:0.000335s ]
INFO: [ app_begin ] --START--
INFO: Run Behavior\ReadHtmlCacheBehavior [ RunTime:0.000444s ]
INFO: [ app_begin ] --END-- [ RunTime:0.000481s ]
NOTIC: [2048] Declaration of Home\Controller\IndexController::get() should be compatible with Think\Controller::get($name = '') D:\database\Project\working\company\cosmetics\server\app\Home\Controller\IndexController.class.php 第 130 行.
NOTIC: [2] Missing argument 1 for F(), called in D:\database\Project\working\company\cosmetics\server\app\Home\Controller\IndexController.class.php on line 10 and defined D:\database\Project\working\company\cosmetics\server\ThinkPHP\Common\functions.php 第 1125 行.
NOTIC: [8] Undefined variable: name D:\database\Project\working\company\cosmetics\server\ThinkPHP\Common\functions.php 第 1127 行.
NOTIC: [8] Undefined variable: name D:\database\Project\working\company\cosmetics\server\ThinkPHP\Common\functions.php 第 1145 行.
INFO: [ app_end ] --START--
INFO: Run Behavior\ShowPageTraceBehavior [ RunTime:0.000879s ]
INFO: [ app_end ] --END-- [ RunTime:0.000933s ]

[ 2018-02-25T13:08:20+08:00 ] 127.0.0.1 /index.php/
INFO: [ app_init ] --START--
INFO: Run Behavior\BuildLiteBehavior [ RunTime:0.000009s ]
INFO: [ app_init ] --END-- [ RunTime:0.000314s ]
INFO: [ app_begin ] --START--
INFO: Run Behavior\ReadHtmlCacheBehavior [ RunTime:0.000453s ]
INFO: [ app_begin ] --END-- [ RunTime:0.000487s ]
NOTIC: [2048] Declaration of Home\Controller\IndexController::get() should be compatible with Think\Controller::get($name = '') D:\database\Project\working\company\cosmetics\server\app\Home\Controller\IndexController.class.php 第 130 行.
NOTIC: [2] Missing argument 1 for F(), called in D:\database\Project\working\company\cosmetics\server\app\Home\Controller\IndexController.class.php on line 10 and defined D:\database\Project\working\company\cosmetics\server\ThinkPHP\Common\functions.php 第 1125 行.
NOTIC: [8] Undefined variable: name D:\database\Project\working\company\cosmetics\server\ThinkPHP\Common\functions.php 第 1127 行.
NOTIC: [8] Undefined variable: name D:\database\Project\working\company\cosmetics\server\ThinkPHP\Common\functions.php 第 1145 行.
INFO: [ app_end ] --START--
INFO: Run Behavior\ShowPageTraceBehavior [ RunTime:0.000572s ]
INFO: [ app_end ] --END-- [ RunTime:0.000608s ]

[ 2018-02-25T13:08:20+08:00 ] 127.0.0.1 /index.php/
INFO: [ app_init ] --START--
INFO: Run Behavior\BuildLiteBehavior [ RunTime:0.000010s ]
INFO: [ app_init ] --END-- [ RunTime:0.000314s ]
INFO: [ app_begin ] --START--
INFO: Run Behavior\ReadHtmlCacheBehavior [ RunTime:0.000486s ]
INFO: [ app_begin ] --END-- [ RunTime:0.000521s ]
NOTIC: [2048] Declaration of Home\Controller\IndexController::get() should be compatible with Think\Controller::get($name = '') D:\database\Project\working\company\cosmetics\server\app\Home\Controller\IndexController.class.php 第 130 行.
NOTIC: [2] Missing argument 1 for F(), called in D:\database\Project\working\company\cosmetics\server\app\Home\Controller\IndexController.class.php on line 10 and defined D:\database\Project\working\company\cosmetics\server\ThinkPHP\Common\functions.php 第 1125 行.
NOTIC: [8] Undefined variable: name D:\database\Project\working\company\cosmetics\server\ThinkPHP\Common\functions.php 第 1127 行.
NOTIC: [8] Undefined variable: name D:\database\Project\working\company\cosmetics\server\ThinkPHP\Common\functions.php 第 1145 行.
INFO: [ app_end ] --START--
INFO: Run Behavior\ShowPageTraceBehavior [ RunTime:0.000576s ]
INFO: [ app_end ] --END-- [ RunTime:0.000615s ]

[ 2018-02-25T13:10:05+08:00 ] 127.0.0.1 /index.php/
INFO: [ app_init ] --START--
INFO: Run Behavior\BuildLiteBehavior [ RunTime:0.000011s ]
INFO: [ app_init ] --END-- [ RunTime:0.000542s ]
INFO: [ app_begin ] --START--
INFO: Run Behavior\ReadHtmlCacheBehavior [ RunTime:0.000453s ]
INFO: [ app_begin ] --END-- [ RunTime:0.000487s ]
NOTIC: [2048] Declaration of Home\Controller\IndexController::get() should be compatible with Think\Controller::get($name = '') D:\database\Project\working\company\cosmetics\server\app\Home\Controller\IndexController.class.php 第 130 行.
NOTIC: [2] Missing argument 1 for F(), called in D:\database\Project\working\company\cosmetics\server\app\Home\Controller\IndexController.class.php on line 10 and defined D:\database\Project\working\company\cosmetics\server\ThinkPHP\Common\functions.php 第 1125 行.
NOTIC: [8] Undefined variable: name D:\database\Project\working\company\cosmetics\server\ThinkPHP\Common\functions.php 第 1127 行.
NOTIC: [8] Undefined variable: name D:\database\Project\working\company\cosmetics\server\ThinkPHP\Common\functions.php 第 1145 行.
INFO: [ app_end ] --START--
INFO: Run Behavior\ShowPageTraceBehavior [ RunTime:0.000600s ]
INFO: [ app_end ] --END-- [ RunTime:0.000636s ]

[ 2018-02-25T13:10:08+08:00 ] 127.0.0.1 /index.php/
INFO: [ app_init ] --START--
INFO: Run Behavior\BuildLiteBehavior [ RunTime:0.000010s ]
INFO: [ app_init ] --END-- [ RunTime:0.000316s ]
INFO: [ app_begin ] --START--
INFO: Run Behavior\ReadHtmlCacheBehavior [ RunTime:0.000446s ]
INFO: [ app_begin ] --END-- [ RunTime:0.000481s ]
NOTIC: [2048] Declaration of Home\Controller\IndexController::get() should be compatible with Think\Controller::get($name = '') D:\database\Project\working\company\cosmetics\server\app\Home\Controller\IndexController.class.php 第 130 行.
NOTIC: [2] Missing argument 1 for F(), called in D:\database\Project\working\company\cosmetics\server\app\Home\Controller\IndexController.class.php on line 10 and defined D:\database\Project\working\company\cosmetics\server\ThinkPHP\Common\functions.php 第 1125 行.
NOTIC: [8] Undefined variable: name D:\database\Project\working\company\cosmetics\server\ThinkPHP\Common\functions.php 第 1127 行.
NOTIC: [8] Undefined variable: name D:\database\Project\working\company\cosmetics\server\ThinkPHP\Common\functions.php 第 1145 行.
INFO: [ app_end ] --START--
INFO: Run Behavior\ShowPageTraceBehavior [ RunTime:0.001393s ]
INFO: [ app_end ] --END-- [ RunTime:0.001459s ]

[ 2018-02-25T13:10:08+08:00 ] 127.0.0.1 /index.php/
INFO: [ app_init ] --START--
INFO: Run Behavior\BuildLiteBehavior [ RunTime:0.000016s ]
INFO: [ app_init ] --END-- [ RunTime:0.000518s ]
INFO: [ app_begin ] --START--
INFO: Run Behavior\ReadHtmlCacheBehavior [ RunTime:0.000556s ]
INFO: [ app_begin ] --END-- [ RunTime:0.000602s ]
NOTIC: [2048] Declaration of Home\Controller\IndexController::get() should be compatible with Think\Controller::get($name = '') D:\database\Project\working\company\cosmetics\server\app\Home\Controller\IndexController.class.php 第 130 行.
NOTIC: [2] Missing argument 1 for F(), called in D:\database\Project\working\company\cosmetics\server\app\Home\Controller\IndexController.class.php on line 10 and defined D:\database\Project\working\company\cosmetics\server\ThinkPHP\Common\functions.php 第 1125 行.
NOTIC: [8] Undefined variable: name D:\database\Project\working\company\cosmetics\server\ThinkPHP\Common\functions.php 第 1127 行.
NOTIC: [8] Undefined variable: name D:\database\Project\working\company\cosmetics\server\ThinkPHP\Common\functions.php 第 1145 行.
INFO: [ app_end ] --START--
INFO: Run Behavior\ShowPageTraceBehavior [ RunTime:0.000568s ]
INFO: [ app_end ] --END-- [ RunTime:0.000603s ]

[ 2018-02-25T13:10:08+08:00 ] 127.0.0.1 /index.php/
INFO: [ app_init ] --START--
INFO: Run Behavior\BuildLiteBehavior [ RunTime:0.000012s ]
INFO: [ app_init ] --END-- [ RunTime:0.000378s ]
INFO: [ app_begin ] --START--
INFO: Run Behavior\ReadHtmlCacheBehavior [ RunTime:0.000575s ]
INFO: [ app_begin ] --END-- [ RunTime:0.000628s ]
NOTIC: [2048] Declaration of Home\Controller\IndexController::get() should be compatible with Think\Controller::get($name = '') D:\database\Project\working\company\cosmetics\server\app\Home\Controller\IndexController.class.php 第 130 行.
NOTIC: [2] Missing argument 1 for F(), called in D:\database\Project\working\company\cosmetics\server\app\Home\Controller\IndexController.class.php on line 10 and defined D:\database\Project\working\company\cosmetics\server\ThinkPHP\Common\functions.php 第 1125 行.
NOTIC: [8] Undefined variable: name D:\database\Project\working\company\cosmetics\server\ThinkPHP\Common\functions.php 第 1127 行.
NOTIC: [8] Undefined variable: name D:\database\Project\working\company\cosmetics\server\ThinkPHP\Common\functions.php 第 1145 行.
INFO: [ app_end ] --START--
INFO: Run Behavior\ShowPageTraceBehavior [ RunTime:0.000606s ]
INFO: [ app_end ] --END-- [ RunTime:0.000655s ]

[ 2018-02-25T13:10:09+08:00 ] 127.0.0.1 /index.php/
INFO: [ app_init ] --START--
INFO: Run Behavior\BuildLiteBehavior [ RunTime:0.000010s ]
INFO: [ app_init ] --END-- [ RunTime:0.000326s ]
INFO: [ app_begin ] --START--
INFO: Run Behavior\ReadHtmlCacheBehavior [ RunTime:0.000448s ]
INFO: [ app_begin ] --END-- [ RunTime:0.000483s ]
NOTIC: [2048] Declaration of Home\Controller\IndexController::get() should be compatible with Think\Controller::get($name = '') D:\database\Project\working\company\cosmetics\server\app\Home\Controller\IndexController.class.php 第 130 行.
NOTIC: [2] Missing argument 1 for F(), called in D:\database\Project\working\company\cosmetics\server\app\Home\Controller\IndexController.class.php on line 10 and defined D:\database\Project\working\company\cosmetics\server\ThinkPHP\Common\functions.php 第 1125 行.
NOTIC: [8] Undefined variable: name D:\database\Project\working\company\cosmetics\server\ThinkPHP\Common\functions.php 第 1127 行.
NOTIC: [8] Undefined variable: name D:\database\Project\working\company\cosmetics\server\ThinkPHP\Common\functions.php 第 1145 行.
INFO: [ app_end ] --START--
INFO: Run Behavior\ShowPageTraceBehavior [ RunTime:0.000547s ]
INFO: [ app_end ] --END-- [ RunTime:0.000583s ]

[ 2018-02-25T13:10:38+08:00 ] 127.0.0.1 /index.php/
INFO: [ app_init ] --START--
INFO: Run Behavior\BuildLiteBehavior [ RunTime:0.000011s ]
INFO: [ app_init ] --END-- [ RunTime:0.000336s ]
INFO: [ app_begin ] --START--
INFO: Run Behavior\ReadHtmlCacheBehavior [ RunTime:0.000608s ]
INFO: [ app_begin ] --END-- [ RunTime:0.000647s ]
NOTIC: [2048] Declaration of Home\Controller\IndexController::get() should be compatible with Think\Controller::get($name = '') D:\database\Project\working\company\cosmetics\server\app\Home\Controller\IndexController.class.php 第 130 行.
NOTIC: [2] Missing argument 1 for F(), called in D:\database\Project\working\company\cosmetics\server\app\Home\Controller\IndexController.class.php on line 10 and defined D:\database\Project\working\company\cosmetics\server\ThinkPHP\Common\functions.php 第 1125 行.
NOTIC: [8] Undefined variable: name D:\database\Project\working\company\cosmetics\server\ThinkPHP\Common\functions.php 第 1127 行.
NOTIC: [8] Undefined variable: name D:\database\Project\working\company\cosmetics\server\ThinkPHP\Common\functions.php 第 1145 行.
INFO: [ app_end ] --START--
INFO: Run Behavior\ShowPageTraceBehavior [ RunTime:0.000557s ]
INFO: [ app_end ] --END-- [ RunTime:0.000593s ]

[ 2018-02-25T13:10:40+08:00 ] 127.0.0.1 /index.php/
INFO: [ app_init ] --START--
INFO: Run Behavior\BuildLiteBehavior [ RunTime:0.000010s ]
INFO: [ app_init ] --END-- [ RunTime:0.000325s ]
INFO: [ app_begin ] --START--
INFO: Run Behavior\ReadHtmlCacheBehavior [ RunTime:0.000452s ]
INFO: [ app_begin ] --END-- [ RunTime:0.000488s ]
NOTIC: [2048] Declaration of Home\Controller\IndexController::get() should be compatible with Think\Controller::get($name = '') D:\database\Project\working\company\cosmetics\server\app\Home\Controller\IndexController.class.php 第 130 行.
NOTIC: [2] Missing argument 1 for F(), called in D:\database\Project\working\company\cosmetics\server\app\Home\Controller\IndexController.class.php on line 10 and defined D:\database\Project\working\company\cosmetics\server\ThinkPHP\Common\functions.php 第 1125 行.
NOTIC: [8] Undefined variable: name D:\database\Project\working\company\cosmetics\server\ThinkPHP\Common\functions.php 第 1127 行.
NOTIC: [8] Undefined variable: name D:\database\Project\working\company\cosmetics\server\ThinkPHP\Common\functions.php 第 1145 行.
INFO: [ app_end ] --START--
INFO: Run Behavior\ShowPageTraceBehavior [ RunTime:0.000624s ]
INFO: [ app_end ] --END-- [ RunTime:0.000677s ]

[ 2018-02-25T13:10:40+08:00 ] 127.0.0.1 /index.php/
INFO: [ app_init ] --START--
INFO: Run Behavior\BuildLiteBehavior [ RunTime:0.000011s ]
INFO: [ app_init ] --END-- [ RunTime:0.000328s ]
INFO: [ app_begin ] --START--
INFO: Run Behavior\ReadHtmlCacheBehavior [ RunTime:0.000455s ]
INFO: [ app_begin ] --END-- [ RunTime:0.000492s ]
NOTIC: [2048] Declaration of Home\Controller\IndexController::get() should be compatible with Think\Controller::get($name = '') D:\database\Project\working\company\cosmetics\server\app\Home\Controller\IndexController.class.php 第 130 行.
NOTIC: [2] Missing argument 1 for F(), called in D:\database\Project\working\company\cosmetics\server\app\Home\Controller\IndexController.class.php on line 10 and defined D:\database\Project\working\company\cosmetics\server\ThinkPHP\Common\functions.php 第 1125 行.
NOTIC: [8] Undefined variable: name D:\database\Project\working\company\cosmetics\server\ThinkPHP\Common\functions.php 第 1127 行.
NOTIC: [8] Undefined variable: name D:\database\Project\working\company\cosmetics\server\ThinkPHP\Common\functions.php 第 1145 行.
INFO: [ app_end ] --START--
INFO: Run Behavior\ShowPageTraceBehavior [ RunTime:0.000820s ]
INFO: [ app_end ] --END-- [ RunTime:0.000875s ]

[ 2018-02-25T13:10:40+08:00 ] 127.0.0.1 /index.php/
INFO: [ app_init ] --START--
INFO: Run Behavior\BuildLiteBehavior [ RunTime:0.000011s ]
INFO: [ app_init ] --END-- [ RunTime:0.000327s ]
INFO: [ app_begin ] --START--
INFO: Run Behavior\ReadHtmlCacheBehavior [ RunTime:0.000459s ]
INFO: [ app_begin ] --END-- [ RunTime:0.000496s ]
NOTIC: [2048] Declaration of Home\Controller\IndexController::get() should be compatible with Think\Controller::get($name = '') D:\database\Project\working\company\cosmetics\server\app\Home\Controller\IndexController.class.php 第 130 行.
NOTIC: [2] Missing argument 1 for F(), called in D:\database\Project\working\company\cosmetics\server\app\Home\Controller\IndexController.class.php on line 10 and defined D:\database\Project\working\company\cosmetics\server\ThinkPHP\Common\functions.php 第 1125 行.
NOTIC: [8] Undefined variable: name D:\database\Project\working\company\cosmetics\server\ThinkPHP\Common\functions.php 第 1127 行.
NOTIC: [8] Undefined variable: name D:\database\Project\working\company\cosmetics\server\ThinkPHP\Common\functions.php 第 1145 行.
INFO: [ app_end ] --START--
INFO: Run Behavior\ShowPageTraceBehavior [ RunTime:0.000578s ]
INFO: [ app_end ] --END-- [ RunTime:0.000615s ]

[ 2018-02-25T13:10:40+08:00 ] 127.0.0.1 /index.php/
INFO: [ app_init ] --START--
INFO: Run Behavior\BuildLiteBehavior [ RunTime:0.000010s ]
INFO: [ app_init ] --END-- [ RunTime:0.000318s ]
INFO: [ app_begin ] --START--
INFO: Run Behavior\ReadHtmlCacheBehavior [ RunTime:0.000442s ]
INFO: [ app_begin ] --END-- [ RunTime:0.000476s ]
NOTIC: [2048] Declaration of Home\Controller\IndexController::get() should be compatible with Think\Controller::get($name = '') D:\database\Project\working\company\cosmetics\server\app\Home\Controller\IndexController.class.php 第 130 行.
NOTIC: [2] Missing argument 1 for F(), called in D:\database\Project\working\company\cosmetics\server\app\Home\Controller\IndexController.class.php on line 10 and defined D:\database\Project\working\company\cosmetics\server\ThinkPHP\Common\functions.php 第 1125 行.
NOTIC: [8] Undefined variable: name D:\database\Project\working\company\cosmetics\server\ThinkPHP\Common\functions.php 第 1127 行.
NOTIC: [8] Undefined variable: name D:\database\Project\working\company\cosmetics\server\ThinkPHP\Common\functions.php 第 1145 行.
INFO: [ app_end ] --START--
INFO: Run Behavior\ShowPageTraceBehavior [ RunTime:0.000556s ]
INFO: [ app_end ] --END-- [ RunTime:0.000591s ]

[ 2018-02-25T13:10:40+08:00 ] 127.0.0.1 /index.php/
INFO: [ app_init ] --START--
INFO: Run Behavior\BuildLiteBehavior [ RunTime:0.000012s ]
INFO: [ app_init ] --END-- [ RunTime:0.000344s ]
INFO: [ app_begin ] --START--
INFO: Run Behavior\ReadHtmlCacheBehavior [ RunTime:0.000473s ]
INFO: [ app_begin ] --END-- [ RunTime:0.000513s ]
NOTIC: [2048] Declaration of Home\Controller\IndexController::get() should be compatible with Think\Controller::get($name = '') D:\database\Project\working\company\cosmetics\server\app\Home\Controller\IndexController.class.php 第 130 行.
NOTIC: [2] Missing argument 1 for F(), called in D:\database\Project\working\company\cosmetics\server\app\Home\Controller\IndexController.class.php on line 10 and defined D:\database\Project\working\company\cosmetics\server\ThinkPHP\Common\functions.php 第 1125 行.
NOTIC: [8] Undefined variable: name D:\database\Project\working\company\cosmetics\server\ThinkPHP\Common\functions.php 第 1127 行.
NOTIC: [8] Undefined variable: name D:\database\Project\working\company\cosmetics\server\ThinkPHP\Common\functions.php 第 1145 行.
INFO: [ app_end ] --START--
INFO: Run Behavior\ShowPageTraceBehavior [ RunTime:0.000551s ]
INFO: [ app_end ] --END-- [ RunTime:0.000586s ]

[ 2018-02-25T13:10:41+08:00 ] 127.0.0.1 /index.php/
INFO: [ app_init ] --START--
INFO: Run Behavior\BuildLiteBehavior [ RunTime:0.000011s ]
INFO: [ app_init ] --END-- [ RunTime:0.000330s ]
INFO: [ app_begin ] --START--
INFO: Run Behavior\ReadHtmlCacheBehavior [ RunTime:0.000458s ]
INFO: [ app_begin ] --END-- [ RunTime:0.000501s ]
NOTIC: [2048] Declaration of Home\Controller\IndexController::get() should be compatible with Think\Controller::get($name = '') D:\database\Project\working\company\cosmetics\server\app\Home\Controller\IndexController.class.php 第 130 行.
NOTIC: [2] Missing argument 1 for F(), called in D:\database\Project\working\company\cosmetics\server\app\Home\Controller\IndexController.class.php on line 10 and defined D:\database\Project\working\company\cosmetics\server\ThinkPHP\Common\functions.php 第 1125 行.
NOTIC: [8] Undefined variable: name D:\database\Project\working\company\cosmetics\server\ThinkPHP\Common\functions.php 第 1127 行.
NOTIC: [8] Undefined variable: name D:\database\Project\working\company\cosmetics\server\ThinkPHP\Common\functions.php 第 1145 行.
INFO: [ app_end ] --START--
INFO: Run Behavior\ShowPageTraceBehavior [ RunTime:0.000548s ]
INFO: [ app_end ] --END-- [ RunTime:0.000583s ]

[ 2018-02-25T13:10:41+08:00 ] 127.0.0.1 /index.php/
INFO: [ app_init ] --START--
INFO: Run Behavior\BuildLiteBehavior [ RunTime:0.000011s ]
INFO: [ app_init ] --END-- [ RunTime:0.000330s ]
INFO: [ app_begin ] --START--
INFO: Run Behavior\ReadHtmlCacheBehavior [ RunTime:0.000466s ]
INFO: [ app_begin ] --END-- [ RunTime:0.000500s ]
NOTIC: [2048] Declaration of Home\Controller\IndexController::get() should be compatible with Think\Controller::get($name = '') D:\database\Project\working\company\cosmetics\server\app\Home\Controller\IndexController.class.php 第 130 行.
NOTIC: [2] Missing argument 1 for F(), called in D:\database\Project\working\company\cosmetics\server\app\Home\Controller\IndexController.class.php on line 10 and defined D:\database\Project\working\company\cosmetics\server\ThinkPHP\Common\functions.php 第 1125 行.
NOTIC: [8] Undefined variable: name D:\database\Project\working\company\cosmetics\server\ThinkPHP\Common\functions.php 第 1127 行.
NOTIC: [8] Undefined variable: name D:\database\Project\working\company\cosmetics\server\ThinkPHP\Common\functions.php 第 1145 行.
INFO: [ app_end ] --START--
INFO: Run Behavior\ShowPageTraceBehavior [ RunTime:0.000543s ]
INFO: [ app_end ] --END-- [ RunTime:0.000577s ]

[ 2018-02-25T13:10:41+08:00 ] 127.0.0.1 /index.php/
INFO: [ app_init ] --START--
INFO: Run Behavior\BuildLiteBehavior [ RunTime:0.000010s ]
INFO: [ app_init ] --END-- [ RunTime:0.000326s ]
INFO: [ app_begin ] --START--
INFO: Run Behavior\ReadHtmlCacheBehavior [ RunTime:0.000451s ]
INFO: [ app_begin ] --END-- [ RunTime:0.000486s ]
NOTIC: [2048] Declaration of Home\Controller\IndexController::get() should be compatible with Think\Controller::get($name = '') D:\database\Project\working\company\cosmetics\server\app\Home\Controller\IndexController.class.php 第 130 行.
NOTIC: [2] Missing argument 1 for F(), called in D:\database\Project\working\company\cosmetics\server\app\Home\Controller\IndexController.class.php on line 10 and defined D:\database\Project\working\company\cosmetics\server\ThinkPHP\Common\functions.php 第 1125 行.
NOTIC: [8] Undefined variable: name D:\database\Project\working\company\cosmetics\server\ThinkPHP\Common\functions.php 第 1127 行.
NOTIC: [8] Undefined variable: name D:\database\Project\working\company\cosmetics\server\ThinkPHP\Common\functions.php 第 1145 行.
INFO: [ app_end ] --START--
INFO: Run Behavior\ShowPageTraceBehavior [ RunTime:0.000549s ]
INFO: [ app_end ] --END-- [ RunTime:0.000585s ]

[ 2018-02-25T13:10:41+08:00 ] 127.0.0.1 /index.php/
INFO: [ app_init ] --START--
INFO: Run Behavior\BuildLiteBehavior [ RunTime:0.000010s ]
INFO: [ app_init ] --END-- [ RunTime:0.000313s ]
INFO: [ app_begin ] --START--
INFO: Run Behavior\ReadHtmlCacheBehavior [ RunTime:0.000445s ]
INFO: [ app_begin ] --END-- [ RunTime:0.000480s ]
NOTIC: [2048] Declaration of Home\Controller\IndexController::get() should be compatible with Think\Controller::get($name = '') D:\database\Project\working\company\cosmetics\server\app\Home\Controller\IndexController.class.php 第 130 行.
NOTIC: [2] Missing argument 1 for F(), called in D:\database\Project\working\company\cosmetics\server\app\Home\Controller\IndexController.class.php on line 10 and defined D:\database\Project\working\company\cosmetics\server\ThinkPHP\Common\functions.php 第 1125 行.
NOTIC: [8] Undefined variable: name D:\database\Project\working\company\cosmetics\server\ThinkPHP\Common\functions.php 第 1127 行.
NOTIC: [8] Undefined variable: name D:\database\Project\working\company\cosmetics\server\ThinkPHP\Common\functions.php 第 1145 行.
INFO: [ app_end ] --START--
INFO: Run Behavior\ShowPageTraceBehavior [ RunTime:0.001176s ]
INFO: [ app_end ] --END-- [ RunTime:0.001273s ]

[ 2018-02-25T13:10:41+08:00 ] 127.0.0.1 /index.php/
INFO: [ app_init ] --START--
INFO: Run Behavior\BuildLiteBehavior [ RunTime:0.000011s ]
INFO: [ app_init ] --END-- [ RunTime:0.000324s ]
INFO: [ app_begin ] --START--
INFO: Run Behavior\ReadHtmlCacheBehavior [ RunTime:0.000578s ]
INFO: [ app_begin ] --END-- [ RunTime:0.000628s ]
NOTIC: [2048] Declaration of Home\Controller\IndexController::get() should be compatible with Think\Controller::get($name = '') D:\database\Project\working\company\cosmetics\server\app\Home\Controller\IndexController.class.php 第 130 行.
NOTIC: [2] Missing argument 1 for F(), called in D:\database\Project\working\company\cosmetics\server\app\Home\Controller\IndexController.class.php on line 10 and defined D:\database\Project\working\company\cosmetics\server\ThinkPHP\Common\functions.php 第 1125 行.
NOTIC: [8] Undefined variable: name D:\database\Project\working\company\cosmetics\server\ThinkPHP\Common\functions.php 第 1127 行.
NOTIC: [8] Undefined variable: name D:\database\Project\working\company\cosmetics\server\ThinkPHP\Common\functions.php 第 1145 行.
INFO: [ app_end ] --START--
INFO: Run Behavior\ShowPageTraceBehavior [ RunTime:0.000539s ]
INFO: [ app_end ] --END-- [ RunTime:0.000573s ]

[ 2018-02-25T13:10:41+08:00 ] 127.0.0.1 /index.php/
INFO: [ app_init ] --START--
INFO: Run Behavior\BuildLiteBehavior [ RunTime:0.000010s ]
INFO: [ app_init ] --END-- [ RunTime:0.000319s ]
INFO: [ app_begin ] --START--
INFO: Run Behavior\ReadHtmlCacheBehavior [ RunTime:0.000461s ]
INFO: [ app_begin ] --END-- [ RunTime:0.000495s ]
NOTIC: [2048] Declaration of Home\Controller\IndexController::get() should be compatible with Think\Controller::get($name = '') D:\database\Project\working\company\cosmetics\server\app\Home\Controller\IndexController.class.php 第 130 行.
NOTIC: [2] Missing argument 1 for F(), called in D:\database\Project\working\company\cosmetics\server\app\Home\Controller\IndexController.class.php on line 10 and defined D:\database\Project\working\company\cosmetics\server\ThinkPHP\Common\functions.php 第 1125 行.
NOTIC: [8] Undefined variable: name D:\database\Project\working\company\cosmetics\server\ThinkPHP\Common\functions.php 第 1127 行.
NOTIC: [8] Undefined variable: name D:\database\Project\working\company\cosmetics\server\ThinkPHP\Common\functions.php 第 1145 行.
INFO: [ app_end ] --START--
INFO: Run Behavior\ShowPageTraceBehavior [ RunTime:0.000533s ]
INFO: [ app_end ] --END-- [ RunTime:0.000568s ]

[ 2018-02-25T13:10:42+08:00 ] 127.0.0.1 /index.php/
INFO: [ app_init ] --START--
INFO: Run Behavior\BuildLiteBehavior [ RunTime:0.000011s ]
INFO: [ app_init ] --END-- [ RunTime:0.000427s ]
INFO: [ app_begin ] --START--
INFO: Run Behavior\ReadHtmlCacheBehavior [ RunTime:0.000470s ]
INFO: [ app_begin ] --END-- [ RunTime:0.000503s ]
NOTIC: [2048] Declaration of Home\Controller\IndexController::get() should be compatible with Think\Controller::get($name = '') D:\database\Project\working\company\cosmetics\server\app\Home\Controller\IndexController.class.php 第 130 行.
NOTIC: [2] Missing argument 1 for F(), called in D:\database\Project\working\company\cosmetics\server\app\Home\Controller\IndexController.class.php on line 10 and defined D:\database\Project\working\company\cosmetics\server\ThinkPHP\Common\functions.php 第 1125 行.
NOTIC: [8] Undefined variable: name D:\database\Project\working\company\cosmetics\server\ThinkPHP\Common\functions.php 第 1127 行.
NOTIC: [8] Undefined variable: name D:\database\Project\working\company\cosmetics\server\ThinkPHP\Common\functions.php 第 1145 行.
INFO: [ app_end ] --START--
INFO: Run Behavior\ShowPageTraceBehavior [ RunTime:0.000681s ]
INFO: [ app_end ] --END-- [ RunTime:0.000727s ]

[ 2018-02-25T13:10:42+08:00 ] 127.0.0.1 /index.php/
INFO: [ app_init ] --START--
INFO: Run Behavior\BuildLiteBehavior [ RunTime:0.000010s ]
INFO: [ app_init ] --END-- [ RunTime:0.000323s ]
INFO: [ app_begin ] --START--
INFO: Run Behavior\ReadHtmlCacheBehavior [ RunTime:0.000470s ]
INFO: [ app_begin ] --END-- [ RunTime:0.000512s ]
NOTIC: [2048] Declaration of Home\Controller\IndexController::get() should be compatible with Think\Controller::get($name = '') D:\database\Project\working\company\cosmetics\server\app\Home\Controller\IndexController.class.php 第 130 行.
NOTIC: [2] Missing argument 1 for F(), called in D:\database\Project\working\company\cosmetics\server\app\Home\Controller\IndexController.class.php on line 10 and defined D:\database\Project\working\company\cosmetics\server\ThinkPHP\Common\functions.php 第 1125 行.
NOTIC: [8] Undefined variable: name D:\database\Project\working\company\cosmetics\server\ThinkPHP\Common\functions.php 第 1127 行.
NOTIC: [8] Undefined variable: name D:\database\Project\working\company\cosmetics\server\ThinkPHP\Common\functions.php 第 1145 行.
INFO: [ app_end ] --START--
INFO: Run Behavior\ShowPageTraceBehavior [ RunTime:0.000782s ]
INFO: [ app_end ] --END-- [ RunTime:0.000840s ]

[ 2018-02-25T13:10:52+08:00 ] 127.0.0.1 /index.php/
INFO: [ app_init ] --START--
INFO: Run Behavior\BuildLiteBehavior [ RunTime:0.000021s ]
INFO: [ app_init ] --END-- [ RunTime:0.000775s ]
INFO: [ app_begin ] --START--
INFO: Run Behavior\ReadHtmlCacheBehavior [ RunTime:0.000906s ]
INFO: [ app_begin ] --END-- [ RunTime:0.001004s ]
NOTIC: [2048] Declaration of Home\Controller\IndexController::get() should be compatible with Think\Controller::get($name = '') D:\database\Project\working\company\cosmetics\server\app\Home\Controller\IndexController.class.php 第 130 行.
NOTIC: [2] Missing argument 1 for F(), called in D:\database\Project\working\company\cosmetics\server\app\Home\Controller\IndexController.class.php on line 10 and defined D:\database\Project\working\company\cosmetics\server\ThinkPHP\Common\functions.php 第 1125 行.
NOTIC: [8] Undefined variable: name D:\database\Project\working\company\cosmetics\server\ThinkPHP\Common\functions.php 第 1127 行.
NOTIC: [8] Undefined variable: name D:\database\Project\working\company\cosmetics\server\ThinkPHP\Common\functions.php 第 1145 行.
INFO: [ app_end ] --START--
INFO: Run Behavior\ShowPageTraceBehavior [ RunTime:0.001110s ]
INFO: [ app_end ] --END-- [ RunTime:0.001195s ]

[ 2018-02-25T13:10:52+08:00 ] 127.0.0.1 /index.php/
INFO: [ app_init ] --START--
INFO: Run Behavior\BuildLiteBehavior [ RunTime:0.000011s ]
INFO: [ app_init ] --END-- [ RunTime:0.000326s ]
INFO: [ app_begin ] --START--
INFO: Run Behavior\ReadHtmlCacheBehavior [ RunTime:0.000449s ]
INFO: [ app_begin ] --END-- [ RunTime:0.000483s ]
NOTIC: [2048] Declaration of Home\Controller\IndexController::get() should be compatible with Think\Controller::get($name = '') D:\database\Project\working\company\cosmetics\server\app\Home\Controller\IndexController.class.php 第 130 行.
NOTIC: [2] Missing argument 1 for F(), called in D:\database\Project\working\company\cosmetics\server\app\Home\Controller\IndexController.class.php on line 10 and defined D:\database\Project\working\company\cosmetics\server\ThinkPHP\Common\functions.php 第 1125 行.
NOTIC: [8] Undefined variable: name D:\database\Project\working\company\cosmetics\server\ThinkPHP\Common\functions.php 第 1127 行.
NOTIC: [8] Undefined variable: name D:\database\Project\working\company\cosmetics\server\ThinkPHP\Common\functions.php 第 1145 行.
INFO: [ app_end ] --START--
INFO: Run Behavior\ShowPageTraceBehavior [ RunTime:0.000893s ]
INFO: [ app_end ] --END-- [ RunTime:0.000943s ]

[ 2018-02-25T13:10:53+08:00 ] 127.0.0.1 /index.php/
INFO: [ app_init ] --START--
INFO: Run Behavior\BuildLiteBehavior [ RunTime:0.000009s ]
INFO: [ app_init ] --END-- [ RunTime:0.000322s ]
INFO: [ app_begin ] --START--
INFO: Run Behavior\ReadHtmlCacheBehavior [ RunTime:0.000450s ]
INFO: [ app_begin ] --END-- [ RunTime:0.000483s ]
NOTIC: [2048] Declaration of Home\Controller\IndexController::get() should be compatible with Think\Controller::get($name = '') D:\database\Project\working\company\cosmetics\server\app\Home\Controller\IndexController.class.php 第 130 行.
NOTIC: [2] Missing argument 1 for F(), called in D:\database\Project\working\company\cosmetics\server\app\Home\Controller\IndexController.class.php on line 10 and defined D:\database\Project\working\company\cosmetics\server\ThinkPHP\Common\functions.php 第 1125 行.
NOTIC: [8] Undefined variable: name D:\database\Project\working\company\cosmetics\server\ThinkPHP\Common\functions.php 第 1127 行.
NOTIC: [8] Undefined variable: name D:\database\Project\working\company\cosmetics\server\ThinkPHP\Common\functions.php 第 1145 行.
INFO: [ app_end ] --START--
INFO: Run Behavior\ShowPageTraceBehavior [ RunTime:0.000600s ]
INFO: [ app_end ] --END-- [ RunTime:0.000636s ]

[ 2018-02-25T13:10:53+08:00 ] 127.0.0.1 /index.php/
INFO: [ app_init ] --START--
INFO: Run Behavior\BuildLiteBehavior [ RunTime:0.000010s ]
INFO: [ app_init ] --END-- [ RunTime:0.000360s ]
INFO: [ app_begin ] --START--
INFO: Run Behavior\ReadHtmlCacheBehavior [ RunTime:0.000465s ]
INFO: [ app_begin ] --END-- [ RunTime:0.000498s ]
NOTIC: [2048] Declaration of Home\Controller\IndexController::get() should be compatible with Think\Controller::get($name = '') D:\database\Project\working\company\cosmetics\server\app\Home\Controller\IndexController.class.php 第 130 行.
NOTIC: [2] Missing argument 1 for F(), called in D:\database\Project\working\company\cosmetics\server\app\Home\Controller\IndexController.class.php on line 10 and defined D:\database\Project\working\company\cosmetics\server\ThinkPHP\Common\functions.php 第 1125 行.
NOTIC: [8] Undefined variable: name D:\database\Project\working\company\cosmetics\server\ThinkPHP\Common\functions.php 第 1127 行.
NOTIC: [8] Undefined variable: name D:\database\Project\working\company\cosmetics\server\ThinkPHP\Common\functions.php 第 1145 行.
INFO: [ app_end ] --START--
INFO: Run Behavior\ShowPageTraceBehavior [ RunTime:0.000619s ]
INFO: [ app_end ] --END-- [ RunTime:0.000664s ]

[ 2018-02-25T13:10:53+08:00 ] 127.0.0.1 /index.php/
INFO: [ app_init ] --START--
INFO: Run Behavior\BuildLiteBehavior [ RunTime:0.000009s ]
INFO: [ app_init ] --END-- [ RunTime:0.000333s ]
INFO: [ app_begin ] --START--
INFO: Run Behavior\ReadHtmlCacheBehavior [ RunTime:0.000445s ]
INFO: [ app_begin ] --END-- [ RunTime:0.000480s ]
NOTIC: [2048] Declaration of Home\Controller\IndexController::get() should be compatible with Think\Controller::get($name = '') D:\database\Project\working\company\cosmetics\server\app\Home\Controller\IndexController.class.php 第 130 行.
NOTIC: [2] Missing argument 1 for F(), called in D:\database\Project\working\company\cosmetics\server\app\Home\Controller\IndexController.class.php on line 10 and defined D:\database\Project\working\company\cosmetics\server\ThinkPHP\Common\functions.php 第 1125 行.
NOTIC: [8] Undefined variable: name D:\database\Project\working\company\cosmetics\server\ThinkPHP\Common\functions.php 第 1127 行.
NOTIC: [8] Undefined variable: name D:\database\Project\working\company\cosmetics\server\ThinkPHP\Common\functions.php 第 1145 行.
INFO: [ app_end ] --START--
INFO: Run Behavior\ShowPageTraceBehavior [ RunTime:0.000599s ]
INFO: [ app_end ] --END-- [ RunTime:0.000634s ]

[ 2018-02-25T13:14:11+08:00 ] 127.0.0.1 /index.php/
INFO: [ app_init ] --START--
INFO: Run Behavior\BuildLiteBehavior [ RunTime:0.000010s ]
INFO: [ app_init ] --END-- [ RunTime:0.000312s ]
INFO: [ app_begin ] --START--
INFO: Run Behavior\ReadHtmlCacheBehavior [ RunTime:0.000447s ]
INFO: [ app_begin ] --END-- [ RunTime:0.000483s ]
NOTIC: [2048] Declaration of Home\Controller\IndexController::get() should be compatible with Think\Controller::get($name = '') D:\database\Project\working\company\cosmetics\server\app\Home\Controller\IndexController.class.php 第 130 行.
NOTIC: [2] Missing argument 1 for F(), called in D:\database\Project\working\company\cosmetics\server\app\Home\Controller\IndexController.class.php on line 10 and defined D:\database\Project\working\company\cosmetics\server\ThinkPHP\Common\functions.php 第 1125 行.
NOTIC: [8] Undefined variable: name D:\database\Project\working\company\cosmetics\server\ThinkPHP\Common\functions.php 第 1127 行.
NOTIC: [8] Undefined variable: name D:\database\Project\working\company\cosmetics\server\ThinkPHP\Common\functions.php 第 1145 行.
INFO: [ app_end ] --START--
INFO: Run Behavior\ShowPageTraceBehavior [ RunTime:0.000554s ]
INFO: [ app_end ] --END-- [ RunTime:0.000587s ]

[ 2018-02-25T13:14:11+08:00 ] 127.0.0.1 /index.php/
INFO: [ app_init ] --START--
INFO: Run Behavior\BuildLiteBehavior [ RunTime:0.000010s ]
INFO: [ app_init ] --END-- [ RunTime:0.000322s ]
INFO: [ app_begin ] --START--
INFO: Run Behavior\ReadHtmlCacheBehavior [ RunTime:0.000443s ]
INFO: [ app_begin ] --END-- [ RunTime:0.000479s ]
NOTIC: [2048] Declaration of Home\Controller\IndexController::get() should be compatible with Think\Controller::get($name = '') D:\database\Project\working\company\cosmetics\server\app\Home\Controller\IndexController.class.php 第 130 行.
NOTIC: [2] Missing argument 1 for F(), called in D:\database\Project\working\company\cosmetics\server\app\Home\Controller\IndexController.class.php on line 10 and defined D:\database\Project\working\company\cosmetics\server\ThinkPHP\Common\functions.php 第 1125 行.
NOTIC: [8] Undefined variable: name D:\database\Project\working\company\cosmetics\server\ThinkPHP\Common\functions.php 第 1127 行.
NOTIC: [8] Undefined variable: name D:\database\Project\working\company\cosmetics\server\ThinkPHP\Common\functions.php 第 1145 行.
INFO: [ app_end ] --START--
INFO: Run Behavior\ShowPageTraceBehavior [ RunTime:0.000561s ]
INFO: [ app_end ] --END-- [ RunTime:0.000595s ]

[ 2018-02-25T13:14:11+08:00 ] 127.0.0.1 /index.php/
INFO: [ app_init ] --START--
INFO: Run Behavior\BuildLiteBehavior [ RunTime:0.000018s ]
INFO: [ app_init ] --END-- [ RunTime:0.000417s ]
INFO: [ app_begin ] --START--
INFO: Run Behavior\ReadHtmlCacheBehavior [ RunTime:0.000514s ]
INFO: [ app_begin ] --END-- [ RunTime:0.000561s ]
NOTIC: [2048] Declaration of Home\Controller\IndexController::get() should be compatible with Think\Controller::get($name = '') D:\database\Project\working\company\cosmetics\server\app\Home\Controller\IndexController.class.php 第 130 行.
NOTIC: [2] Missing argument 1 for F(), called in D:\database\Project\working\company\cosmetics\server\app\Home\Controller\IndexController.class.php on line 10 and defined D:\database\Project\working\company\cosmetics\server\ThinkPHP\Common\functions.php 第 1125 行.
NOTIC: [8] Undefined variable: name D:\database\Project\working\company\cosmetics\server\ThinkPHP\Common\functions.php 第 1127 行.
NOTIC: [8] Undefined variable: name D:\database\Project\working\company\cosmetics\server\ThinkPHP\Common\functions.php 第 1145 行.
INFO: [ app_end ] --START--
INFO: Run Behavior\ShowPageTraceBehavior [ RunTime:0.000575s ]
INFO: [ app_end ] --END-- [ RunTime:0.000612s ]

