[ 2018-03-01T02:14:53+08:00 ] 127.0.0.1 /
INFO: [ app_init ] --START--
INFO: Run Behavior\BuildLiteBehavior [ RunTime:0.000017s ]
INFO: [ app_init ] --END-- [ RunTime:0.000478s ]
INFO: [ app_begin ] --START--
INFO: Run Behavior\ReadHtmlCacheBehavior [ RunTime:0.000716s ]
INFO: [ app_begin ] --END-- [ RunTime:0.000779s ]
NOTIC: [2048] Declaration of Home\Controller\IndexController::get() should be compatible with Think\Controller::get($name = '') D:\database\Project\working\company\cosmetics\server\app\Home\Controller\IndexController.class.php 第 130 行.
NOTIC: [2] Missing argument 1 for F(), called in D:\database\Project\working\company\cosmetics\server\app\Home\Controller\IndexController.class.php on line 10 and defined D:\database\Project\working\company\cosmetics\server\ThinkPHP\Common\functions.php 第 1125 行.
NOTIC: [8] Undefined variable: name D:\database\Project\working\company\cosmetics\server\ThinkPHP\Common\functions.php 第 1127 行.
NOTIC: [8] Undefined variable: name D:\database\Project\working\company\cosmetics\server\ThinkPHP\Common\functions.php 第 1145 行.
INFO: [ app_end ] --START--
INFO: Run Behavior\ShowPageTraceBehavior [ RunTime:0.001586s ]
INFO: [ app_end ] --END-- [ RunTime:0.001648s ]

[ 2018-03-01T02:16:07+08:00 ] 127.0.0.1 /
INFO: [ app_init ] --START--
INFO: Run Behavior\BuildLiteBehavior [ RunTime:0.000010s ]
INFO: [ app_init ] --END-- [ RunTime:0.000259s ]
INFO: [ app_begin ] --START--
INFO: Run Behavior\ReadHtmlCacheBehavior [ RunTime:0.000418s ]
INFO: [ app_begin ] --END-- [ RunTime:0.000453s ]
NOTIC: [2048] Declaration of Home\Controller\IndexController::get() should be compatible with Think\Controller::get($name = '') D:\database\Project\working\company\cosmetics\server\app\Home\Controller\IndexController.class.php 第 130 行.
NOTIC: [2] Missing argument 1 for F(), called in D:\database\Project\working\company\cosmetics\server\app\Home\Controller\IndexController.class.php on line 10 and defined D:\database\Project\working\company\cosmetics\server\ThinkPHP\Common\functions.php 第 1125 行.
NOTIC: [8] Undefined variable: name D:\database\Project\working\company\cosmetics\server\ThinkPHP\Common\functions.php 第 1127 行.
NOTIC: [8] Undefined variable: name D:\database\Project\working\company\cosmetics\server\ThinkPHP\Common\functions.php 第 1145 行.
INFO: [ app_end ] --START--
INFO: Run Behavior\ShowPageTraceBehavior [ RunTime:0.000412s ]
INFO: [ app_end ] --END-- [ RunTime:0.000451s ]

