[ 2018-02-01T11:29:37+08:00 ] 192.168.1.254 /server/Public/Upload/img/2018-01-24/5a685b109d883.jpg
INFO: [ app_init ] --START--
INFO: Run Behavior\BuildLiteBehavior [ RunTime:0.000019s ]
INFO: [ app_init ] --END-- [ RunTime:0.000549s ]
ERR: 无法加载模块:Public

[ 2018-02-01T11:29:41+08:00 ] 192.168.1.254 /server/Public/Upload/img/2018-01-24/5a685b109d883.jpg
INFO: [ app_init ] --START--
INFO: Run Behavior\BuildLiteBehavior [ RunTime:0.000011s ]
INFO: [ app_init ] --END-- [ RunTime:0.000328s ]
ERR: 无法加载模块:Public

[ 2018-02-01T11:29:41+08:00 ] 192.168.1.254 /server/Public/Upload/img/2018-01-24/5a685b109d883.jpg
INFO: [ app_init ] --START--
INFO: Run Behavior\BuildLiteBehavior [ RunTime:0.000014s ]
INFO: [ app_init ] --END-- [ RunTime:0.000412s ]
ERR: 无法加载模块:Public

[ 2018-02-01T11:29:42+08:00 ] 192.168.1.254 /server/Public/Upload/img/2018-01-24/5a685b109d883.jpg
INFO: [ app_init ] --START--
INFO: Run Behavior\BuildLiteBehavior [ RunTime:0.000009s ]
INFO: [ app_init ] --END-- [ RunTime:0.000216s ]
ERR: 无法加载模块:Public

[ 2018-02-01T11:29:44+08:00 ] 192.168.1.254 /server/Public/Upload/img/2018-01-24/5a685b109d883.jpg
INFO: [ app_init ] --START--
INFO: Run Behavior\BuildLiteBehavior [ RunTime:0.000028s ]
INFO: [ app_init ] --END-- [ RunTime:0.000596s ]
ERR: 无法加载模块:Public

[ 2018-02-01T11:30:01+08:00 ] 192.168.1.254 /server/Public/Upload/img/2018-01-24/5a680ec4cd95c.jpg
INFO: [ app_init ] --START--
INFO: Run Behavior\BuildLiteBehavior [ RunTime:0.000011s ]
INFO: [ app_init ] --END-- [ RunTime:0.000251s ]
ERR: 无法加载模块:Public

[ 2018-02-01T11:30:02+08:00 ] 192.168.1.254 /server/Public/Upload/img/2018-01-24/5a680ec4cd95c.jpg
INFO: [ app_init ] --START--
INFO: Run Behavior\BuildLiteBehavior [ RunTime:0.000010s ]
INFO: [ app_init ] --END-- [ RunTime:0.000267s ]
ERR: 无法加载模块:Public

[ 2018-02-01T11:30:04+08:00 ] 192.168.1.254 /server/Public/Upload/img/2018-01-24/5a680ec4cd95c.jpg
INFO: [ app_init ] --START--
INFO: Run Behavior\BuildLiteBehavior [ RunTime:0.000011s ]
INFO: [ app_init ] --END-- [ RunTime:0.000301s ]
ERR: 无法加载模块:Public

[ 2018-02-01T11:30:10+08:00 ] 192.168.1.254 /server/Public/Upload/img/2018-01-24/5a685b109d883.jpg
INFO: [ app_init ] --START--
INFO: Run Behavior\BuildLiteBehavior [ RunTime:0.000011s ]
INFO: [ app_init ] --END-- [ RunTime:0.000245s ]
ERR: 无法加载模块:Public

[ 2018-02-01T11:30:13+08:00 ] 192.168.1.254 /server/Public/Upload/img/2018-01-24/5a685b109d883.jpg
INFO: [ app_init ] --START--
INFO: Run Behavior\BuildLiteBehavior [ RunTime:0.000017s ]
INFO: [ app_init ] --END-- [ RunTime:0.000394s ]
ERR: 无法加载模块:Public

[ 2018-02-01T11:30:19+08:00 ] 192.168.1.254 /server/Public/Upload/img/2018-01-24/5a680ec4cd95c.jpg
INFO: [ app_init ] --START--
INFO: Run Behavior\BuildLiteBehavior [ RunTime:0.000015s ]
INFO: [ app_init ] --END-- [ RunTime:0.000362s ]
ERR: 无法加载模块:Public

[ 2018-02-01T11:30:21+08:00 ] 192.168.1.254 /server/Public/Upload/img/2018-01-24/5a680ec4cd95c.jpg
INFO: [ app_init ] --START--
INFO: Run Behavior\BuildLiteBehavior [ RunTime:0.000016s ]
INFO: [ app_init ] --END-- [ RunTime:0.000424s ]
ERR: 无法加载模块:Public

[ 2018-02-01T11:30:22+08:00 ] 192.168.1.254 /server/Public/Upload/img/2018-01-24/5a685b109d883.jpg
INFO: [ app_init ] --START--
INFO: Run Behavior\BuildLiteBehavior [ RunTime:0.000010s ]
INFO: [ app_init ] --END-- [ RunTime:0.000243s ]
ERR: 无法加载模块:Public

[ 2018-02-01T11:30:32+08:00 ] 192.168.1.254 /server/Public/Upload/img/2018-01-24/5a685b109d883.jpg
INFO: [ app_init ] --START--
INFO: Run Behavior\BuildLiteBehavior [ RunTime:0.000016s ]
INFO: [ app_init ] --END-- [ RunTime:0.000422s ]
ERR: 无法加载模块:Public

[ 2018-02-01T11:30:32+08:00 ] 192.168.1.254 /server/Public/Upload/img/2018-01-24/5a685b109d883.jpg
INFO: [ app_init ] --START--
INFO: Run Behavior\BuildLiteBehavior [ RunTime:0.000010s ]
INFO: [ app_init ] --END-- [ RunTime:0.000247s ]
ERR: 无法加载模块:Public

[ 2018-02-01T11:30:32+08:00 ] 192.168.1.254 /server/Public/Upload/img/2018-01-24/5a685b109d883.jpg
INFO: [ app_init ] --START--
INFO: Run Behavior\BuildLiteBehavior [ RunTime:0.000015s ]
INFO: [ app_init ] --END-- [ RunTime:0.000367s ]
ERR: 无法加载模块:Public

