[ 2018-02-05T17:38:28+08:00 ] 192.168.1.254 /index.phpAdmin
INFO: [ app_init ] --START--
INFO: Run Behavior\BuildLiteBehavior [ RunTime:0.000017s ]
INFO: [ app_init ] --END-- [ RunTime:0.000439s ]
ERR: 无法加载模块:Index

[ 2018-02-05T17:38:29+08:00 ] 192.168.1.254 /index.phpAdmin
INFO: [ app_init ] --START--
INFO: Run Behavior\BuildLiteBehavior [ RunTime:0.000017s ]
INFO: [ app_init ] --END-- [ RunTime:0.000365s ]
ERR: 无法加载模块:Index

[ 2018-02-05T17:38:33+08:00 ] 192.168.1.254 /index.phpAdminindex/
INFO: [ app_init ] --START--
INFO: Run Behavior\BuildLiteBehavior [ RunTime:0.000010s ]
INFO: [ app_init ] --END-- [ RunTime:0.000240s ]
ERR: 无法加载模块:Index

[ 2018-02-05T17:38:34+08:00 ] 192.168.1.254 /index.phpAdminindex/get
INFO: [ app_init ] --START--
INFO: Run Behavior\BuildLiteBehavior [ RunTime:0.000014s ]
INFO: [ app_init ] --END-- [ RunTime:0.000276s ]
ERR: 无法加载模块:Index.phpAdminindex

[ 2018-02-05T17:38:46+08:00 ] 192.168.1.254 /index.phpAdmin/index/get
INFO: [ app_init ] --START--
INFO: Run Behavior\BuildLiteBehavior [ RunTime:0.000015s ]
INFO: [ app_init ] --END-- [ RunTime:0.000349s ]
ERR: 无法加载模块:Index.phpAdmin

[ 2018-02-05T17:38:55+08:00 ] 192.168.1.254 /index.phpAdmin/index/get
INFO: [ app_init ] --START--
INFO: Run Behavior\BuildLiteBehavior [ RunTime:0.000023s ]
INFO: [ app_init ] --END-- [ RunTime:0.000470s ]
ERR: 无法加载模块:Index.phpAdmin

