[ 2018-02-08T17:35:58+08:00 ] 127.0.0.1 /index.php/Admin/index/isLogin
INFO: [ app_init ] --START--
INFO: Run Behavior\BuildLiteBehavior [ RunTime:0.000025s ]
INFO: [ app_init ] --END-- [ RunTime:0.000736s ]
INFO: [ app_begin ] --START--
INFO: Run Behavior\ReadHtmlCacheBehavior [ RunTime:0.000783s ]
INFO: [ app_begin ] --END-- [ RunTime:0.000854s ]
NOTIC: [2048] Declaration of Admin\Controller\IndexController::get() should be compatible with Think\Controller::get($name = '') D:\database\Project\working\company\cosmetics\server\app\Admin\Controller\IndexController.class.php 第 123 行.
INFO: [ app_end ] --START--
INFO: Run Behavior\ShowPageTraceBehavior [ RunTime:0.000773s ]
INFO: [ app_end ] --END-- [ RunTime:0.000837s ]

[ 2018-02-08T17:36:26+08:00 ] 127.0.0.1 /index.php/Admin/index/isLogin
INFO: [ app_init ] --START--
INFO: Run Behavior\BuildLiteBehavior [ RunTime:0.000012s ]
INFO: [ app_init ] --END-- [ RunTime:0.000391s ]
INFO: [ app_begin ] --START--
INFO: Run Behavior\ReadHtmlCacheBehavior [ RunTime:0.000956s ]
INFO: [ app_begin ] --END-- [ RunTime:0.001019s ]
NOTIC: [2048] Declaration of Admin\Controller\IndexController::get() should be compatible with Think\Controller::get($name = '') D:\database\Project\working\company\cosmetics\server\app\Admin\Controller\IndexController.class.php 第 123 行.
INFO: [ app_end ] --START--
INFO: Run Behavior\ShowPageTraceBehavior [ RunTime:0.000849s ]
INFO: [ app_end ] --END-- [ RunTime:0.000916s ]

[ 2018-02-08T17:36:46+08:00 ] 127.0.0.1 /index.php/Admin/index/isLogin
INFO: [ app_init ] --START--
INFO: Run Behavior\BuildLiteBehavior [ RunTime:0.000017s ]
INFO: [ app_init ] --END-- [ RunTime:0.000486s ]
INFO: [ app_begin ] --START--
INFO: Run Behavior\ReadHtmlCacheBehavior [ RunTime:0.000755s ]
INFO: [ app_begin ] --END-- [ RunTime:0.000826s ]
NOTIC: [2048] Declaration of Admin\Controller\IndexController::get() should be compatible with Think\Controller::get($name = '') D:\database\Project\working\company\cosmetics\server\app\Admin\Controller\IndexController.class.php 第 123 行.
INFO: [ app_end ] --START--
INFO: Run Behavior\ShowPageTraceBehavior [ RunTime:0.001021s ]
INFO: [ app_end ] --END-- [ RunTime:0.001092s ]

[ 2018-02-08T17:36:53+08:00 ] 127.0.0.1 /index.php/Admin/index/isLogin
INFO: [ app_init ] --START--
INFO: Run Behavior\BuildLiteBehavior [ RunTime:0.000019s ]
INFO: [ app_init ] --END-- [ RunTime:0.000561s ]
INFO: [ app_begin ] --START--
INFO: Run Behavior\ReadHtmlCacheBehavior [ RunTime:0.000839s ]
INFO: [ app_begin ] --END-- [ RunTime:0.000920s ]
NOTIC: [2048] Declaration of Admin\Controller\IndexController::get() should be compatible with Think\Controller::get($name = '') D:\database\Project\working\company\cosmetics\server\app\Admin\Controller\IndexController.class.php 第 123 行.
INFO: [ app_end ] --START--
INFO: Run Behavior\ShowPageTraceBehavior [ RunTime:0.000681s ]
INFO: [ app_end ] --END-- [ RunTime:0.000737s ]

[ 2018-02-08T17:36:54+08:00 ] 127.0.0.1 /index.php/Admin/index/getCode/0.4343637812583758
INFO: [ app_init ] --START--
INFO: Run Behavior\BuildLiteBehavior [ RunTime:0.000018s ]
INFO: [ app_init ] --END-- [ RunTime:0.000537s ]
INFO: [ app_begin ] --START--
INFO: Run Behavior\ReadHtmlCacheBehavior [ RunTime:0.000825s ]
INFO: [ app_begin ] --END-- [ RunTime:0.000955s ]
NOTIC: [2048] Declaration of Admin\Controller\IndexController::get() should be compatible with Think\Controller::get($name = '') D:\database\Project\working\company\cosmetics\server\app\Admin\Controller\IndexController.class.php 第 123 行.
NOTIC: [2] Missing argument 1 for getCode(), called in D:\database\Project\working\company\cosmetics\server\app\Admin\Controller\IndexController.class.php on line 83 and defined D:\database\Project\working\company\cosmetics\server\app\Common\Common\function.php 第 57 行.
NOTIC: [8] Undefined variable: cfg D:\database\Project\working\company\cosmetics\server\app\Common\Common\function.php 第 59 行.
INFO: [ app_end ] --START--
INFO: Run Behavior\ShowPageTraceBehavior [ RunTime:0.000622s ]
INFO: [ app_end ] --END-- [ RunTime:0.000675s ]

[ 2018-02-08T17:37:17+08:00 ] 127.0.0.1 /index.php/Admin/index/isLogin
INFO: [ app_init ] --START--
INFO: Run Behavior\BuildLiteBehavior [ RunTime:0.000017s ]
INFO: [ app_init ] --END-- [ RunTime:0.000451s ]
INFO: [ app_begin ] --START--
INFO: Run Behavior\ReadHtmlCacheBehavior [ RunTime:0.000714s ]
INFO: [ app_begin ] --END-- [ RunTime:0.000783s ]
NOTIC: [2048] Declaration of Admin\Controller\IndexController::get() should be compatible with Think\Controller::get($name = '') D:\database\Project\working\company\cosmetics\server\app\Admin\Controller\IndexController.class.php 第 123 行.
INFO: [ app_end ] --START--
INFO: Run Behavior\ShowPageTraceBehavior [ RunTime:0.000749s ]
INFO: [ app_end ] --END-- [ RunTime:0.000837s ]

[ 2018-02-08T17:37:17+08:00 ] 127.0.0.1 /index.php/Admin/index/getCode/0.7805336636826266
INFO: [ app_init ] --START--
INFO: Run Behavior\BuildLiteBehavior [ RunTime:0.000018s ]
INFO: [ app_init ] --END-- [ RunTime:0.000659s ]
INFO: [ app_begin ] --START--
INFO: Run Behavior\ReadHtmlCacheBehavior [ RunTime:0.000924s ]
INFO: [ app_begin ] --END-- [ RunTime:0.001003s ]
NOTIC: [2048] Declaration of Admin\Controller\IndexController::get() should be compatible with Think\Controller::get($name = '') D:\database\Project\working\company\cosmetics\server\app\Admin\Controller\IndexController.class.php 第 123 行.
NOTIC: [2] Missing argument 1 for getCode(), called in D:\database\Project\working\company\cosmetics\server\app\Admin\Controller\IndexController.class.php on line 83 and defined D:\database\Project\working\company\cosmetics\server\app\Common\Common\function.php 第 57 行.
NOTIC: [8] Undefined variable: cfg D:\database\Project\working\company\cosmetics\server\app\Common\Common\function.php 第 59 行.
INFO: [ app_end ] --START--
INFO: Run Behavior\ShowPageTraceBehavior [ RunTime:0.001167s ]
INFO: [ app_end ] --END-- [ RunTime:0.001255s ]

[ 2018-02-08T17:37:18+08:00 ] 127.0.0.1 /index.php/Admin/index/isLogin
INFO: [ app_init ] --START--
INFO: Run Behavior\BuildLiteBehavior [ RunTime:0.000019s ]
INFO: [ app_init ] --END-- [ RunTime:0.000530s ]
INFO: [ app_begin ] --START--
INFO: Run Behavior\ReadHtmlCacheBehavior [ RunTime:0.000786s ]
INFO: [ app_begin ] --END-- [ RunTime:0.000859s ]
NOTIC: [2048] Declaration of Admin\Controller\IndexController::get() should be compatible with Think\Controller::get($name = '') D:\database\Project\working\company\cosmetics\server\app\Admin\Controller\IndexController.class.php 第 123 行.
INFO: [ app_end ] --START--
INFO: Run Behavior\ShowPageTraceBehavior [ RunTime:0.001733s ]
INFO: [ app_end ] --END-- [ RunTime:0.001819s ]

[ 2018-02-08T17:37:18+08:00 ] 127.0.0.1 /index.php/Admin/index/getCode/0.9070835177657277
INFO: [ app_init ] --START--
INFO: Run Behavior\BuildLiteBehavior [ RunTime:0.000015s ]
INFO: [ app_init ] --END-- [ RunTime:0.000482s ]
INFO: [ app_begin ] --START--
INFO: Run Behavior\ReadHtmlCacheBehavior [ RunTime:0.000901s ]
INFO: [ app_begin ] --END-- [ RunTime:0.000986s ]
NOTIC: [2048] Declaration of Admin\Controller\IndexController::get() should be compatible with Think\Controller::get($name = '') D:\database\Project\working\company\cosmetics\server\app\Admin\Controller\IndexController.class.php 第 123 行.
NOTIC: [2] Missing argument 1 for getCode(), called in D:\database\Project\working\company\cosmetics\server\app\Admin\Controller\IndexController.class.php on line 83 and defined D:\database\Project\working\company\cosmetics\server\app\Common\Common\function.php 第 57 行.
NOTIC: [8] Undefined variable: cfg D:\database\Project\working\company\cosmetics\server\app\Common\Common\function.php 第 59 行.
INFO: [ app_end ] --START--
INFO: Run Behavior\ShowPageTraceBehavior [ RunTime:0.000803s ]
INFO: [ app_end ] --END-- [ RunTime:0.000892s ]

[ 2018-02-08T17:37:26+08:00 ] 127.0.0.1 /index.php/Admin/index/getCode/0.2871585250477966
INFO: [ app_init ] --START--
INFO: Run Behavior\BuildLiteBehavior [ RunTime:0.000021s ]
INFO: [ app_init ] --END-- [ RunTime:0.000515s ]
INFO: [ app_begin ] --START--
INFO: Run Behavior\ReadHtmlCacheBehavior [ RunTime:0.000755s ]
INFO: [ app_begin ] --END-- [ RunTime:0.000823s ]
NOTIC: [2048] Declaration of Admin\Controller\IndexController::get() should be compatible with Think\Controller::get($name = '') D:\database\Project\working\company\cosmetics\server\app\Admin\Controller\IndexController.class.php 第 123 行.
NOTIC: [2] Missing argument 1 for getCode(), called in D:\database\Project\working\company\cosmetics\server\app\Admin\Controller\IndexController.class.php on line 83 and defined D:\database\Project\working\company\cosmetics\server\app\Common\Common\function.php 第 57 行.
NOTIC: [8] Undefined variable: cfg D:\database\Project\working\company\cosmetics\server\app\Common\Common\function.php 第 59 行.
INFO: [ app_end ] --START--
INFO: Run Behavior\ShowPageTraceBehavior [ RunTime:0.000914s ]
INFO: [ app_end ] --END-- [ RunTime:0.001004s ]

[ 2018-02-08T17:37:26+08:00 ] 127.0.0.1 /index.php/Admin/index/isLogin
INFO: [ app_init ] --START--
INFO: Run Behavior\BuildLiteBehavior [ RunTime:0.000018s ]
INFO: [ app_init ] --END-- [ RunTime:0.000574s ]
INFO: [ app_begin ] --START--
INFO: Run Behavior\ReadHtmlCacheBehavior [ RunTime:0.000867s ]
INFO: [ app_begin ] --END-- [ RunTime:0.000951s ]
NOTIC: [2048] Declaration of Admin\Controller\IndexController::get() should be compatible with Think\Controller::get($name = '') D:\database\Project\working\company\cosmetics\server\app\Admin\Controller\IndexController.class.php 第 123 行.
INFO: [ app_end ] --START--
INFO: Run Behavior\ShowPageTraceBehavior [ RunTime:0.001683s ]
INFO: [ app_end ] --END-- [ RunTime:0.001783s ]

[ 2018-02-08T17:39:15+08:00 ] 127.0.0.1 /index.php/Admin/index/getCode/0.04244873910916147
INFO: [ app_init ] --START--
INFO: Run Behavior\BuildLiteBehavior [ RunTime:0.000016s ]
INFO: [ app_init ] --END-- [ RunTime:0.000480s ]
INFO: [ app_begin ] --START--
INFO: Run Behavior\ReadHtmlCacheBehavior [ RunTime:0.000722s ]
INFO: [ app_begin ] --END-- [ RunTime:0.000853s ]
NOTIC: [2048] Declaration of Admin\Controller\IndexController::get() should be compatible with Think\Controller::get($name = '') D:\database\Project\working\company\cosmetics\server\app\Admin\Controller\IndexController.class.php 第 123 行.
NOTIC: [2] Missing argument 1 for getCode(), called in D:\database\Project\working\company\cosmetics\server\app\Admin\Controller\IndexController.class.php on line 83 and defined D:\database\Project\working\company\cosmetics\server\app\Common\Common\function.php 第 57 行.
NOTIC: [8] Undefined variable: cfg D:\database\Project\working\company\cosmetics\server\app\Common\Common\function.php 第 59 行.
INFO: [ app_end ] --START--
INFO: Run Behavior\ShowPageTraceBehavior [ RunTime:0.001299s ]
INFO: [ app_end ] --END-- [ RunTime:0.001392s ]

[ 2018-02-08T17:39:15+08:00 ] 127.0.0.1 /index.php/Admin/index/isLogin
INFO: [ app_init ] --START--
INFO: Run Behavior\BuildLiteBehavior [ RunTime:0.000024s ]
INFO: [ app_init ] --END-- [ RunTime:0.009314s ]
INFO: [ app_begin ] --START--
INFO: Run Behavior\ReadHtmlCacheBehavior [ RunTime:0.002178s ]
INFO: [ app_begin ] --END-- [ RunTime:0.002397s ]
NOTIC: [2048] Declaration of Admin\Controller\IndexController::get() should be compatible with Think\Controller::get($name = '') D:\database\Project\working\company\cosmetics\server\app\Admin\Controller\IndexController.class.php 第 123 行.
INFO: [ app_end ] --START--
INFO: Run Behavior\ShowPageTraceBehavior [ RunTime:0.001193s ]
INFO: [ app_end ] --END-- [ RunTime:0.001272s ]

[ 2018-02-08T17:41:25+08:00 ] 127.0.0.1 /index.php/Admin/index/isLogin
INFO: [ app_init ] --START--
INFO: Run Behavior\BuildLiteBehavior [ RunTime:0.000013s ]
INFO: [ app_init ] --END-- [ RunTime:0.000435s ]
INFO: [ app_begin ] --START--
INFO: Run Behavior\ReadHtmlCacheBehavior [ RunTime:0.000819s ]
INFO: [ app_begin ] --END-- [ RunTime:0.000885s ]
NOTIC: [2048] Declaration of Admin\Controller\IndexController::get() should be compatible with Think\Controller::get($name = '') D:\database\Project\working\company\cosmetics\server\app\Admin\Controller\IndexController.class.php 第 123 行.
INFO: [ app_end ] --START--
INFO: Run Behavior\ShowPageTraceBehavior [ RunTime:0.000753s ]
INFO: [ app_end ] --END-- [ RunTime:0.000818s ]

[ 2018-02-08T17:42:02+08:00 ] 127.0.0.1 /index.php/Admin/index/isLogin
INFO: [ app_init ] --START--
INFO: Run Behavior\BuildLiteBehavior [ RunTime:0.000020s ]
INFO: [ app_init ] --END-- [ RunTime:0.000669s ]
INFO: [ app_begin ] --START--
INFO: Run Behavior\ReadHtmlCacheBehavior [ RunTime:0.000799s ]
INFO: [ app_begin ] --END-- [ RunTime:0.000869s ]
NOTIC: [2048] Declaration of Admin\Controller\IndexController::get() should be compatible with Think\Controller::get($name = '') D:\database\Project\working\company\cosmetics\server\app\Admin\Controller\IndexController.class.php 第 123 行.
INFO: [ app_end ] --START--
INFO: Run Behavior\ShowPageTraceBehavior [ RunTime:0.005044s ]
INFO: [ app_end ] --END-- [ RunTime:0.005135s ]

