[ 2018-02-01T11:32:13+08:00 ] 192.168.1.254 /server/index.php/Admin/index/isLogin
INFO: [ app_init ] --START--
INFO: Run Behavior\BuildLiteBehavior [ RunTime:0.000014s ]
INFO: [ app_init ] --END-- [ RunTime:0.000413s ]
INFO: [ app_begin ] --START--
INFO: Run Behavior\ReadHtmlCacheBehavior [ RunTime:0.000532s ]
INFO: [ app_begin ] --END-- [ RunTime:0.000569s ]
NOTIC: [2048] Declaration of Admin\Controller\IndexController::get() should be compatible with Think\Controller::get($name = '') D:\database\Project\working\company\aoAdmin\server\app\Admin\Controller\IndexController.class.php 第 155 行.
SQL: SHOW COLUMNS FROM `ao_admin` [ RunTime:0.0008s ]
SQL: SELECT * FROM `ao_admin` WHERE `admin_id` = 'root' LIMIT 1   [ RunTime:0.0004s ]
INFO: [ app_end ] --START--
INFO: Run Behavior\ShowPageTraceBehavior [ RunTime:0.000703s ]
INFO: [ app_end ] --END-- [ RunTime:0.000750s ]

[ 2018-02-01T11:32:13+08:00 ] 192.168.1.254 /server/index.php/Admin/paper/getList?page=1&limit=12&table=paper
INFO: [ app_init ] --START--
INFO: Run Behavior\BuildLiteBehavior [ RunTime:0.000010s ]
INFO: [ app_init ] --END-- [ RunTime:0.000255s ]
INFO: [ app_begin ] --START--
INFO: Run Behavior\ReadHtmlCacheBehavior [ RunTime:0.000594s ]
INFO: [ app_begin ] --END-- [ RunTime:0.000645s ]
SQL: SHOW COLUMNS FROM `ao_paper` [ RunTime:0.0006s ]
SQL: SELECT * FROM `ao_paper` ORDER BY add_time desc  [ RunTime:0.0004s ]
INFO: [ app_end ] --START--
INFO: Run Behavior\ShowPageTraceBehavior [ RunTime:0.000773s ]
INFO: [ app_end ] --END-- [ RunTime:0.000826s ]

[ 2018-02-01T11:32:15+08:00 ] 192.168.1.254 /server/index.php/Admin/index/isLogin
INFO: [ app_init ] --START--
INFO: Run Behavior\BuildLiteBehavior [ RunTime:0.000035s ]
INFO: [ app_init ] --END-- [ RunTime:0.000400s ]
INFO: [ app_begin ] --START--
INFO: Run Behavior\ReadHtmlCacheBehavior [ RunTime:0.000590s ]
INFO: [ app_begin ] --END-- [ RunTime:0.000640s ]
NOTIC: [2048] Declaration of Admin\Controller\IndexController::get() should be compatible with Think\Controller::get($name = '') D:\database\Project\working\company\aoAdmin\server\app\Admin\Controller\IndexController.class.php 第 155 行.
SQL: SHOW COLUMNS FROM `ao_admin` [ RunTime:0.0005s ]
SQL: SELECT * FROM `ao_admin` WHERE `admin_id` = 'root' LIMIT 1   [ RunTime:0.0003s ]
INFO: [ app_end ] --START--
INFO: Run Behavior\ShowPageTraceBehavior [ RunTime:0.000656s ]
INFO: [ app_end ] --END-- [ RunTime:0.000687s ]

[ 2018-02-01T11:32:15+08:00 ] 192.168.1.254 /server/index.php/Admin/assets/getList?page=1&limit=12&table=assets&where%5Bis_recycle%5D=0
INFO: [ app_init ] --START--
INFO: Run Behavior\BuildLiteBehavior [ RunTime:0.000027s ]
INFO: [ app_init ] --END-- [ RunTime:0.000626s ]
INFO: [ app_begin ] --START--
INFO: Run Behavior\ReadHtmlCacheBehavior [ RunTime:0.001138s ]
INFO: [ app_begin ] --END-- [ RunTime:0.001239s ]
SQL: SHOW COLUMNS FROM `ao_admin` [ RunTime:0.0005s ]
SQL: SELECT * FROM `ao_admin` WHERE `admin_id` = 'root' LIMIT 1   [ RunTime:0.0003s ]
SQL: SHOW COLUMNS FROM `ao_assets` [ RunTime:0.0005s ]
SQL: SELECT * FROM `ao_assets` WHERE `is_recycle` = 0  [ RunTime:0.0005s ]
INFO: [ app_end ] --START--
INFO: Run Behavior\ShowPageTraceBehavior [ RunTime:0.000700s ]
INFO: [ app_end ] --END-- [ RunTime:0.000747s ]

[ 2018-02-01T11:32:23+08:00 ] 192.168.1.254 /server/index.php/Admin/assets/getList?page=1&limit=12&table=assets&where%5Bis_recycle%5D=0&where%5Btype%5D=img
INFO: [ app_init ] --START--
INFO: Run Behavior\BuildLiteBehavior [ RunTime:0.000016s ]
INFO: [ app_init ] --END-- [ RunTime:0.000438s ]
INFO: [ app_begin ] --START--
INFO: Run Behavior\ReadHtmlCacheBehavior [ RunTime:0.000914s ]
INFO: [ app_begin ] --END-- [ RunTime:0.000983s ]
SQL: SHOW COLUMNS FROM `ao_admin` [ RunTime:0.0006s ]
SQL: SELECT * FROM `ao_admin` WHERE `admin_id` = 'root' LIMIT 1   [ RunTime:0.0003s ]
SQL: SHOW COLUMNS FROM `ao_assets` [ RunTime:0.0005s ]
SQL: SELECT * FROM `ao_assets` WHERE `is_recycle` = 0 AND `type` = 'img'  [ RunTime:0.0004s ]
INFO: [ app_end ] --START--
INFO: Run Behavior\ShowPageTraceBehavior [ RunTime:0.000720s ]
INFO: [ app_end ] --END-- [ RunTime:0.000768s ]

[ 2018-02-01T11:32:24+08:00 ] 192.168.1.254 /server/index.php/Admin/assets/getList?page=1&limit=12&table=assets&where%5Bis_recycle%5D=0
INFO: [ app_init ] --START--
INFO: Run Behavior\BuildLiteBehavior [ RunTime:0.000016s ]
INFO: [ app_init ] --END-- [ RunTime:0.000498s ]
INFO: [ app_begin ] --START--
INFO: Run Behavior\ReadHtmlCacheBehavior [ RunTime:0.000810s ]
INFO: [ app_begin ] --END-- [ RunTime:0.000867s ]
SQL: SHOW COLUMNS FROM `ao_admin` [ RunTime:0.0006s ]
SQL: SELECT * FROM `ao_admin` WHERE `admin_id` = 'root' LIMIT 1   [ RunTime:0.0003s ]
SQL: SHOW COLUMNS FROM `ao_assets` [ RunTime:0.0009s ]
SQL: SELECT * FROM `ao_assets` WHERE `is_recycle` = 0  [ RunTime:0.0003s ]
INFO: [ app_end ] --START--
INFO: Run Behavior\ShowPageTraceBehavior [ RunTime:0.000640s ]
INFO: [ app_end ] --END-- [ RunTime:0.000673s ]

[ 2018-02-01T11:32:50+08:00 ] 192.168.1.254 /server/index.php/Admin/index/isLogin
INFO: [ app_init ] --START--
INFO: Run Behavior\BuildLiteBehavior [ RunTime:0.000011s ]
INFO: [ app_init ] --END-- [ RunTime:0.000289s ]
INFO: [ app_begin ] --START--
INFO: Run Behavior\ReadHtmlCacheBehavior [ RunTime:0.000530s ]
INFO: [ app_begin ] --END-- [ RunTime:0.000571s ]
NOTIC: [2048] Declaration of Admin\Controller\IndexController::get() should be compatible with Think\Controller::get($name = '') D:\database\Project\working\company\aoAdmin\server\app\Admin\Controller\IndexController.class.php 第 155 行.
SQL: SHOW COLUMNS FROM `ao_admin` [ RunTime:0.0005s ]
SQL: SELECT * FROM `ao_admin` WHERE `admin_id` = 'root' LIMIT 1   [ RunTime:0.0002s ]
INFO: [ app_end ] --START--
INFO: Run Behavior\ShowPageTraceBehavior [ RunTime:0.000645s ]
INFO: [ app_end ] --END-- [ RunTime:0.000675s ]

[ 2018-02-01T11:32:50+08:00 ] 192.168.1.254 /server/index.php/Admin/assets/getList?page=1&limit=12&table=assets&where%5Bis_recycle%5D=0
INFO: [ app_init ] --START--
INFO: Run Behavior\BuildLiteBehavior [ RunTime:0.000034s ]
INFO: [ app_init ] --END-- [ RunTime:0.000858s ]
INFO: [ app_begin ] --START--
INFO: Run Behavior\ReadHtmlCacheBehavior [ RunTime:0.000860s ]
INFO: [ app_begin ] --END-- [ RunTime:0.000929s ]
SQL: SHOW COLUMNS FROM `ao_admin` [ RunTime:0.0007s ]
SQL: SELECT * FROM `ao_admin` WHERE `admin_id` = 'root' LIMIT 1   [ RunTime:0.0003s ]
SQL: SHOW COLUMNS FROM `ao_assets` [ RunTime:0.0010s ]
SQL: SELECT * FROM `ao_assets` WHERE `is_recycle` = 0  [ RunTime:0.0004s ]
INFO: [ app_end ] --START--
INFO: Run Behavior\ShowPageTraceBehavior [ RunTime:0.000686s ]
INFO: [ app_end ] --END-- [ RunTime:0.000725s ]

